C51 COMPILER V9.60.7.0   MAIN_HANDLER                                                      10/01/2024 22:41:48 PAGE 1   


C51 COMPILER V9.60.7.0, COMPILATION OF MODULE MAIN_HANDLER
OBJECT MODULE PLACED IN .\Objects\Main_Handler.obj
COMPILER INVOKED BY: C:\Users\maniv\AppData\Local\Keil_v5\C51\BIN\C51.EXE Main_Handler.c OPTIMIZE(8,SPEED) BROWSE DEBUG 
                    -OBJECTEXTEND PRINT(.\Listings\Main_Handler.lst) TABS(2) OBJECT(.\Objects\Main_Handler.obj)

line level    source

   1          
   2          
   3          
   4          #include "Relay.h"
   5          
   6          
   7          void main()
   8          {
   9   1        Relay1=0;
  10   1      while(1)
  11   1      {
  12   2        
  13   2       Relay1_Call(Switch);
  14   2      
  15   2      }
  16   1      }


MODULE INFORMATION:   STATIC OVERLAYABLE
   CODE SIZE        =     12    ----
   CONSTANT SIZE    =   ----    ----
   XDATA SIZE       =   ----    ----
   PDATA SIZE       =   ----    ----
   DATA SIZE        =   ----    ----
   IDATA SIZE       =   ----    ----
   BIT SIZE         =   ----    ----
END OF MODULE INFORMATION.


C51 COMPILATION COMPLETE.  0 WARNING(S),  0 ERROR(S)
