C51 COMPILER V9.60.7.0   SWITCH                                                            10/01/2024 22:39:53 PAGE 1   


C51 COMPILER V9.60.7.0, COMPILATION OF MODULE SWITCH
OBJECT MODULE PLACED IN .\Objects\Switch.obj
COMPILER INVOKED BY: C:\Users\maniv\AppData\Local\Keil_v5\C51\BIN\C51.EXE Switch.c OPTIMIZE(8,SPEED) BROWSE DEBUG OBJECT
                    -EXTEND PRINT(.\Listings\Switch.lst) TABS(2) OBJECT(.\Objects\Switch.obj)

line level    source

   1          
   2          #include "Switch.h"
   3          
   4          bit status =0;
   5          
   6          bit Switch_Call()
   7          {
   8   1        
   9   1           if( SW1 == 0)
  10   1         {
  11   2           status = !status;
  12   2          
  13   2            }
  14   1          return status;
  15   1      }


MODULE INFORMATION:   STATIC OVERLAYABLE
   CODE SIZE        =      8    ----
   CONSTANT SIZE    =   ----    ----
   XDATA SIZE       =   ----    ----
   PDATA SIZE       =   ----    ----
   DATA SIZE        =   ----    ----
   IDATA SIZE       =   ----    ----
   BIT SIZE         =      1    ----
END OF MODULE INFORMATION.


C51 COMPILATION COMPLETE.  0 WARNING(S),  0 ERROR(S)
