C51 COMPILER V9.60.7.0   MAIN                                                              11/26/2024 18:11:24 PAGE 1   


C51 COMPILER V9.60.7.0, COMPILATION OF MODULE MAIN
OBJECT MODULE PLACED IN .\Objects\main.obj
COMPILER INVOKED BY: C:\Keil_v5\C51\BIN\C51.EXE main.c OPTIMIZE(8,SPEED) BROWSE DEBUG OBJECTEXTEND PRINT(.\Listings\main
                    -.lst) TABS(2) OBJECT(.\Objects\main.obj)

line level    source

   1          #include "D:\Micro_Controller\8051\NOV_24 _Projects\Lib\Delay\Delay.h"
   2          #include "D:\Micro_Controller\8051\NOV_24 _Projects\Lib\LCD\LCD.h"
   3          #include "D:\Micro_Controller\8051\NOV_24 _Projects\Lib\ADC\ADC.h"
   4          
   5          #include "GPIO.h"
   6          #include <stdio.h>
   7          
   8          void main()
   9          {
  10   1          char Display[30];
  11   1          LCD_Init();
  12   1          ADC_Init();
  13   1          LCD_Sprint("WELCOME");
  14   1          Delay_1ms(1000);
  15   1          LCD_Cmd_Write(0x01);
  16   1          while (1)
  17   1          {
  18   2              float Temperature;
  19   2              Temperature = ADC_Data_Read();
  20   2              Temperature = (Temperature * 2);
  21   2              sprintf(Display, "TEMP: %.2f *C", Temperature);
  22   2              LCD_Cmd_Write(0x80);
  23   2              LCD_Sprint(Display);
  24   2              Delay_1ms(1000);
  25   2              LCD_Cmd_Write(0x01);
  26   2          }
  27   1      }


MODULE INFORMATION:   STATIC OVERLAYABLE
   CODE SIZE        =    115    ----
   CONSTANT SIZE    =     22    ----
   XDATA SIZE       =   ----    ----
   PDATA SIZE       =   ----    ----
   DATA SIZE        =   ----      34
   IDATA SIZE       =   ----    ----
   BIT SIZE         =   ----    ----
END OF MODULE INFORMATION.


C51 COMPILATION COMPLETE.  0 WARNING(S),  0 ERROR(S)
