C51 COMPILER V9.60.7.0   DELAY                                                             11/19/2024 07:33:46 PAGE 1   


C51 COMPILER V9.60.7.0, COMPILATION OF MODULE DELAY
OBJECT MODULE PLACED IN .\Objects\Delay.obj
COMPILER INVOKED BY: C:\Keil_v5\C51\BIN\C51.EXE ..\..\Lib\Delay\Delay.c OPTIMIZE(8,SPEED) BROWSE DEBUG OBJECTEXTEND PRIN
                    -T(.\Listings\Delay.lst) TABS(2) OBJECT(.\Objects\Delay.obj)

line level    source

   1          
   2          void Delay_1ms(unsigned int Num)
   3          {
   4   1          unsigned int i, j;
   5   1          for (i = 0; i < Num; i++)
   6   1          {
   7   2              for (j = 0; j < 113; j++)
   8   2                  ;
   9   2          }
  10   1      }
  11          
  12          void Delay_1s(unsigned int Num)
  13          {
  14   1          Delay_1ms(1000 * Num);
  15   1      }
  16          
  17          void Delay_1Min(unsigned int Num)
  18          {
  19   1          Delay_1s(60 * Num);
  20   1      }


MODULE INFORMATION:   STATIC OVERLAYABLE
   CODE SIZE        =     52    ----
   CONSTANT SIZE    =   ----    ----
   XDATA SIZE       =   ----    ----
   PDATA SIZE       =   ----    ----
   DATA SIZE        =   ----    ----
   IDATA SIZE       =   ----    ----
   BIT SIZE         =   ----    ----
END OF MODULE INFORMATION.


C51 COMPILATION COMPLETE.  0 WARNING(S),  0 ERROR(S)
