C51 COMPILER V9.60.7.0   KEYPAD                                                            11/19/2024 07:33:48 PAGE 1   


C51 COMPILER V9.60.7.0, COMPILATION OF MODULE KEYPAD
OBJECT MODULE PLACED IN .\Objects\KEYPAD.obj
COMPILER INVOKED BY: C:\Keil_v5\C51\BIN\C51.EXE ..\..\Lib\Matrix_Key_Pad\KEYPAD.c OPTIMIZE(8,SPEED) BROWSE DEBUG OBJECTE
                    -XTEND PRINT(.\Listings\KEYPAD.lst) TABS(2) OBJECT(.\Objects\KEYPAD.obj)

line level    source

   1          
   2          #include "KEYPAD.h"
   3          #include "D:\Micro_Controller\8051\NOV_24 _Projects\Lib\Delay/Delay.h"
   4          #include "GPIO.h"
   5          
   6          unsigned char KeyPad_Lockup_Table[4][4] = {{'1', '2', '3', 'A'},
   7                                                     {'4', '5', '6', 'B'},
   8                                                     {'7', '8', '9', 'C'},
   9                                                     {'*', '0', '#', 'D'}};
  10          unsigned char Row, Col;
  11          
  12          unsigned char KeyPad_SCAN()
  13          {
  14   1      
  15   1          //  a =  Keypad_Port;
  16   1      
  17   1          KeyPad_Port = 0x0F;
  18   1          KeyPad_Port = KeyPad_Port & 0x0F;
  19   1      
  20   1          if (KeyPad_Port == 0x0E)
  21   1          {
  22   2              Delay_1ms(10);
  23   2              Row = 0;
  24   2          }
  25   1          else if (KeyPad_Port == 0x0D)
  26   1          {
  27   2              Delay_1ms(10);
  28   2              Row = 1;
  29   2          }
  30   1          else if (KeyPad_Port == 0x0B)
  31   1          {
  32   2              Delay_1ms(10);
  33   2              Row = 2;
  34   2          }
  35   1          else if (KeyPad_Port == 0x07)
  36   1          {
  37   2              Delay_1ms(10);
  38   2              Row = 3;
  39   2          }
  40   1          else
  41   1          {
  42   2              return 0x00;
  43   2          }
  44   1      
  45   1          KeyPad_Port = 0xF0;
  46   1          KeyPad_Port = KeyPad_Port & 0xF0;
  47   1      
  48   1          if (KeyPad_Port == 0xE0)
  49   1          {
  50   2              Delay_1ms(10);
  51   2              Col = 0;
  52   2          }
  53   1          else if (KeyPad_Port == 0xD0)
  54   1          {
C51 COMPILER V9.60.7.0   KEYPAD                                                            11/19/2024 07:33:48 PAGE 2   

  55   2              Delay_1ms(10);
  56   2              Col = 1;
  57   2          }
  58   1          else if (KeyPad_Port == 0xB0)
  59   1          {
  60   2              Delay_1ms(10);
  61   2              Col = 2;
  62   2          }
  63   1          else if (KeyPad_Port == 0x70)
  64   1          {
  65   2              Delay_1ms(10);
  66   2              Col = 3;
  67   2          }
  68   1          else
  69   1          {
  70   2              return 0x00;
  71   2          }
  72   1      
  73   1          return KeyPad_Lockup_Table[Row][Col];
  74   1      }


MODULE INFORMATION:   STATIC OVERLAYABLE
   CODE SIZE        =    168    ----
   CONSTANT SIZE    =   ----    ----
   XDATA SIZE       =   ----    ----
   PDATA SIZE       =   ----    ----
   DATA SIZE        =     18    ----
   IDATA SIZE       =   ----    ----
   BIT SIZE         =   ----    ----
END OF MODULE INFORMATION.


C51 COMPILATION COMPLETE.  0 WARNING(S),  0 ERROR(S)
