C51 COMPILER V9.60.7.0   MAIN                                                              11/19/2024 07:33:48 PAGE 1   


C51 COMPILER V9.60.7.0, COMPILATION OF MODULE MAIN
OBJECT MODULE PLACED IN .\Objects\main.obj
COMPILER INVOKED BY: C:\Keil_v5\C51\BIN\C51.EXE main.c OPTIMIZE(8,SPEED) BROWSE DEBUG OBJECTEXTEND PRINT(.\Listings\main
                    -.lst) TABS(2) OBJECT(.\Objects\main.obj)

line level    source

   1          
   2          
   3          #include "D:\Micro_Controller\8051\NOV_24 _Projects\Lib\Matrix_Key_Pad\KEYPAD.h"
   4          #include "D:\Micro_Controller\8051\NOV_24 _Projects\Lib\LCD\LCD.h"
   5          #include "D:\Micro_Controller\8051\NOV_24 _Projects\Lib\Delay/Delay.h"
   6          
   7          void main()
   8          {
   9   1          unsigned char Key;
  10   1          Key = KeyPad_SCAN();
  11   1          LCD_Init();
  12   1          if (Key != 0)
  13   1          {
  14   2              LCD_Data_Write(Key);
  15   2          }
  16   1      }


MODULE INFORMATION:   STATIC OVERLAYABLE
   CODE SIZE        =     17    ----
   CONSTANT SIZE    =   ----    ----
   XDATA SIZE       =   ----    ----
   PDATA SIZE       =   ----    ----
   DATA SIZE        =   ----       1
   IDATA SIZE       =   ----    ----
   BIT SIZE         =   ----    ----
END OF MODULE INFORMATION.


C51 COMPILATION COMPLETE.  0 WARNING(S),  0 ERROR(S)
