C51 COMPILER V9.60.7.0   SEVEN_SEGMENT                                                     11/13/2024 18:56:03 PAGE 1   


C51 COMPILER V9.60.7.0, COMPILATION OF MODULE SEVEN_SEGMENT
OBJECT MODULE PLACED IN .\Objects\Seven_Segment.obj
COMPILER INVOKED BY: C:\Keil_v5\C51\BIN\C51.EXE ..\..\Lib\Seven_Segment\Seven_Segment.c OPTIMIZE(8,SPEED) BROWSE DEBUG O
                    -BJECTEXTEND PRINT(.\Listings\Seven_Segment.lst) TABS(2) OBJECT(.\Objects\Seven_Segment.obj)

line level    source

   1          
   2          #include "Seven_Segment.h"
   3          #include "D:\Micro_Controller\8051\NOV_24 _Projects\Lib\Delay\Delay.h"
   4          #include "GPIO.h"
*** WARNING C318 IN LINE 4 OF ..\..\Lib\Seven_Segment\Seven_Segment.c: can't open file 'GPIO.h'
   5          
   6          unsigned char Seven[10] = {0x3F, 0x06, 0x5B, 0x4F, 0x66, 0x6D, 0x7C, 0x07, 0x7F, 0x6F};
   7          
   8          void Seven_Segment_0000_9999()
   9          {
  10   1          unsigned int i, j, k, m,n;
  11   1          while (1)
  12   1          {
  13   2              for (i = 0; i <= 9; i++)
  14   2              {
  15   3                  for (j = 0; j <= 9; j++)
  16   3                  {
  17   4                      for (k = 0; k <= 9; k++)
  18   4                      {
  19   5                          for (m = 0; m <= 9; m++)
  20   5                          {
  21   6                            for(n=0;n<20;n++){
  22   7                              Seg1 = 1;
*** ERROR C202 IN LINE 22 OF ..\..\Lib\Seven_Segment\Seven_Segment.c: 'Seg1': undefined identifier
  23   7                              Seg2 = 0;
*** ERROR C202 IN LINE 23 OF ..\..\Lib\Seven_Segment\Seven_Segment.c: 'Seg2': undefined identifier
  24   7                              Seg3 = 0;
*** ERROR C202 IN LINE 24 OF ..\..\Lib\Seven_Segment\Seven_Segment.c: 'Seg3': undefined identifier
  25   7                              Seg4=0;
*** ERROR C202 IN LINE 25 OF ..\..\Lib\Seven_Segment\Seven_Segment.c: 'Seg4': undefined identifier
  26   7                              P1 = Seven[i];
*** ERROR C202 IN LINE 26 OF ..\..\Lib\Seven_Segment\Seven_Segment.c: 'P1': undefined identifier
  27   7                              Delay_1ms(1);
  28   7      
  29   7                              Seg1 = 0;
*** ERROR C202 IN LINE 29 OF ..\..\Lib\Seven_Segment\Seven_Segment.c: 'Seg1': undefined identifier
  30   7                              Seg2 = 1;
*** ERROR C202 IN LINE 30 OF ..\..\Lib\Seven_Segment\Seven_Segment.c: 'Seg2': undefined identifier
  31   7                              Seg3 = 0;
*** ERROR C202 IN LINE 31 OF ..\..\Lib\Seven_Segment\Seven_Segment.c: 'Seg3': undefined identifier
  32   7                              Seg4=0;
*** ERROR C202 IN LINE 32 OF ..\..\Lib\Seven_Segment\Seven_Segment.c: 'Seg4': undefined identifier
  33   7                              P1 = Seven[j];
*** ERROR C202 IN LINE 33 OF ..\..\Lib\Seven_Segment\Seven_Segment.c: 'P1': undefined identifier
  34   7                              Delay_1ms(1);
  35   7      
  36   7                              Seg1 = 0;
*** ERROR C202 IN LINE 36 OF ..\..\Lib\Seven_Segment\Seven_Segment.c: 'Seg1': undefined identifier
  37   7                              Seg2 = 0;
*** ERROR C202 IN LINE 37 OF ..\..\Lib\Seven_Segment\Seven_Segment.c: 'Seg2': undefined identifier
  38   7                              Seg3 = 1;
*** ERROR C202 IN LINE 38 OF ..\..\Lib\Seven_Segment\Seven_Segment.c: 'Seg3': undefined identifier
  39   7                              Seg4=0;
*** ERROR C202 IN LINE 39 OF ..\..\Lib\Seven_Segment\Seven_Segment.c: 'Seg4': undefined identifier
C51 COMPILER V9.60.7.0   SEVEN_SEGMENT                                                     11/13/2024 18:56:03 PAGE 2   

  40   7                              P1 = Seven[k];
*** ERROR C202 IN LINE 40 OF ..\..\Lib\Seven_Segment\Seven_Segment.c: 'P1': undefined identifier
  41   7                              Delay_1ms(1);
  42   7                              
  43   7                              Seg1 = 0;
*** ERROR C202 IN LINE 43 OF ..\..\Lib\Seven_Segment\Seven_Segment.c: 'Seg1': undefined identifier
  44   7                              Seg2 = 0;
*** ERROR C202 IN LINE 44 OF ..\..\Lib\Seven_Segment\Seven_Segment.c: 'Seg2': undefined identifier
  45   7                              Seg3 = 0;
*** ERROR C202 IN LINE 45 OF ..\..\Lib\Seven_Segment\Seven_Segment.c: 'Seg3': undefined identifier
  46   7                              Seg4=1;
*** ERROR C202 IN LINE 46 OF ..\..\Lib\Seven_Segment\Seven_Segment.c: 'Seg4': undefined identifier
  47   7                              P1 = Seven[m];
*** ERROR C202 IN LINE 47 OF ..\..\Lib\Seven_Segment\Seven_Segment.c: 'P1': undefined identifier
  48   7                              Delay_1ms(1);
  49   7                              
  50   7                              
  51   7                          }
  52   6                      }
  53   5                  }
  54   4                  }
  55   3              }
  56   2          }
  57   1      }

C51 COMPILATION COMPLETE.  1 WARNING(S),  20 ERROR(S)
