C51 COMPILER V9.60.7.0   7_SEGMENT_DIAPLY                                                  09/30/2024 21:44:19 PAGE 1   


C51 COMPILER V9.60.7.0, COMPILATION OF MODULE 7_SEGMENT_DIAPLY
OBJECT MODULE PLACED IN .\Objects\7_Segment_diaply.obj
COMPILER INVOKED BY: C:\Users\maniv\AppData\Local\Keil_v5\C51\BIN\C51.EXE 7_Segment_diaply.c OPTIMIZE(8,SPEED) BROWSE DE
                    -BUG OBJECTEXTEND PRINT(.\Listings\7_Segment_diaply.lst) TABS(2) OBJECT(.\Objects\7_Segment_diaply.obj)

line level    source

   1          
   2          
   3          #include "7_Segment_diaply.h"
   4          
   5          unsigned char Lookup_Table[16] = {   0x3F,0x06,0x5B,0x4F,
   6                                               0x66,0x6D,0x7D,0x07,
   7                                               0x7F,0x6F,0x77,0x7C,
   8                                               0x39,0x5E,0x79,0x71};
   9          
  10          void Seven_Segment1(unsigned char Key)  
  11          {
  12   1        
  13   1        if(Key >= '0' && Key <= '9')
  14   1               {
  15   2                Seven_Segment = Lookup_Table[Key - '0'];
  16   2               }
  17   1               else 
  18   1               {
  19   2                 Seven_Segment = Lookup_Table[Key - 'A' + 10];
  20   2               }
  21   1        
  22   1      } 


MODULE INFORMATION:   STATIC OVERLAYABLE
   CODE SIZE        =     24    ----
   CONSTANT SIZE    =   ----    ----
   XDATA SIZE       =   ----    ----
   PDATA SIZE       =   ----    ----
   DATA SIZE        =     16    ----
   IDATA SIZE       =   ----    ----
   BIT SIZE         =   ----    ----
END OF MODULE INFORMATION.


C51 COMPILATION COMPLETE.  0 WARNING(S),  0 ERROR(S)
