C51 COMPILER V9.60.7.0   LCD                                                               09/30/2024 21:44:19 PAGE 1   


C51 COMPILER V9.60.7.0, COMPILATION OF MODULE LCD
OBJECT MODULE PLACED IN .\Objects\LCD.obj
COMPILER INVOKED BY: C:\Users\maniv\AppData\Local\Keil_v5\C51\BIN\C51.EXE LCD.c OPTIMIZE(8,SPEED) BROWSE DEBUG OBJECTEXT
                    -END PRINT(.\Listings\LCD.lst) TABS(2) OBJECT(.\Objects\LCD.obj)

line level    source

   1          
   2          
   3          #include "LCD.h"
   4          #include "Delay.h"
   5          
   6          
   7          void LCD_Busy()
   8          {
   9   1        RS=0;
  10   1        RW=1;
  11   1        while(Busy == 1)
  12   1        {
  13   2        EN = 1;
  14   2          Delay(1);
  15   2          EN = 0;
  16   2        }
  17   1      }
  18           void LCD_Cmd_Write(unsigned char cmd)
  19           {
  20   1         void LCD_Busy();
  21   1         LCD = cmd;
  22   1         RS=0;
  23   1         RW=0;
  24   1         EN=1;
  25   1         Delay(1);
  26   1         EN=0;
  27   1       }
  28          
  29           void LCD_Data_Write(unsigned char data1)
  30           {
  31   1         void LCD_Busy();
  32   1         LCD = data1;
  33   1         RS=1;
  34   1         RW=0;
  35   1         EN=1;
  36   1         Delay(1);
  37   1         EN=0;
  38   1       }
  39          
  40           void LCD_INIT()
  41           {
  42   1         int i;
  43   1         
  44   1         unsigned char a[5]={0x01,0x0c,0x06,0x38,0x80};
  45   1         
  46   1         for(i = 0; i < 5; i++)
  47   1         {
  48   2           LCD_Cmd_Write(a[i]);
  49   2           Delay(10);
  50   2         }
  51   1         
  52   1       }
  53            void LCD_Print(const char *str)
  54            {
C51 COMPILER V9.60.7.0   LCD                                                               09/30/2024 21:44:19 PAGE 2   

  55   1          while(*str)
  56   1            LCD_Data_Write(*str++);
  57   1        }
  58            


MODULE INFORMATION:   STATIC OVERLAYABLE
   CODE SIZE        =    155    ----
   CONSTANT SIZE    =      5    ----
   XDATA SIZE       =   ----    ----
   PDATA SIZE       =   ----    ----
   DATA SIZE        =   ----      10
   IDATA SIZE       =   ----    ----
   BIT SIZE         =   ----    ----
END OF MODULE INFORMATION.


C51 COMPILATION COMPLETE.  0 WARNING(S),  0 ERROR(S)
