C51 COMPILER V9.60.7.0   MAIN_HANDLER                                                      09/30/2024 21:44:19 PAGE 1   


C51 COMPILER V9.60.7.0, COMPILATION OF MODULE MAIN_HANDLER
OBJECT MODULE PLACED IN .\Objects\Main_Handler.obj
COMPILER INVOKED BY: C:\Users\maniv\AppData\Local\Keil_v5\C51\BIN\C51.EXE Main_Handler.c OPTIMIZE(8,SPEED) BROWSE DEBUG 
                    -OBJECTEXTEND PRINT(.\Listings\Main_Handler.lst) TABS(2) OBJECT(.\Objects\Main_Handler.obj)

line level    source

   1          
   2          #include "LCD.h"
   3          #include "KEYPAD.h"
   4          #include "Delay.h"
   5          #include "7_Segment_diaply.h"
   6          
   7          unsigned char INPUT[16];
   8          unsigned char i;
   9          unsigned int Key;
  10          
  11          void Key_Scan(unsigned char *INPUT, unsigned char Key)
  12          {
  13   1      
  14   1          INPUT[i++] = Key;
  15   1          INPUT[i] = '\0';
  16   1          LCD_Cmd_Write(0x80);
  17   1          LCD_Print(INPUT);
  18   1      }
  19          
  20          void main()
  21          {
  22   1          LCD_INIT();
  23   1      
  24   1          while (1)
  25   1          {
  26   2              Key = KeyPad_SCAN();
  27   2      
  28   2              if (Key != 0)
  29   2              {
  30   3                  Key_Scan(INPUT, Key);
  31   3                  Seven_Segment1(Key);
  32   3              }
  33   2          }
  34   1      }


MODULE INFORMATION:   STATIC OVERLAYABLE
   CODE SIZE        =     78    ----
   CONSTANT SIZE    =   ----    ----
   XDATA SIZE       =   ----    ----
   PDATA SIZE       =   ----    ----
   DATA SIZE        =     19       3
   IDATA SIZE       =   ----    ----
   BIT SIZE         =   ----    ----
END OF MODULE INFORMATION.


C51 COMPILATION COMPLETE.  0 WARNING(S),  0 ERROR(S)
