C51 COMPILER V9.60.7.0   DHT11                                                             10/03/2024 02:22:48 PAGE 1   


C51 COMPILER V9.60.7.0, COMPILATION OF MODULE DHT11
OBJECT MODULE PLACED IN .\Objects\DHT11.obj
COMPILER INVOKED BY: C:\Users\maniv\AppData\Local\Keil_v5\C51\BIN\C51.EXE DHT11.c OPTIMIZE(8,SPEED) BROWSE DEBUG OBJECTE
                    -XTEND PRINT(.\Listings\DHT11.lst) TABS(2) OBJECT(.\Objects\DHT11.obj)

line level    source

   1          #include "DHT11.h"
   2          
   3          // Function Prototypes
   4          void delay(unsigned int time);
   5          bit read_dht11(unsigned char *temp, unsigned char *hum);
   6          void start_signal(void);
   7          bit response_signal(void);
   8          unsigned char read_byte(void);
   9          
  10          void main(void) {
  11   1          unsigned char temperature = 0, humidity = 0;
  12   1      
  13   1          while (1) {
  14   2              if (read_dht11(&temperature, &humidity)) {
  15   3                  // Successful read
  16   3                  // You can now use temperature and humidity values
  17   3                  // For example, send them via UART, display them, etc.
  18   3              }
  19   2              delay(10000); // Delay for 10 seconds before next read
  20   2          }
  21   1      }
  22          
  23          void delay(unsigned int time) {
  24   1          unsigned int i, j;
  25   1          for (i = 0; i < time; i++) {
  26   2              for (j = 0; j < 1275; j++); // Approx. delay
  27   2          }
  28   1      }
  29          
  30          void start_signal(void) {
  31   1          DHT11 = 0; // Send low signal
  32   1          delay(18); // Delay for 18 ms
  33   1          DHT11 = 1; // Release the bus
  34   1          delay(30); // Wait for the response
  35   1      }
  36          
  37          bit response_signal(void) {
  38   1          bit response = 0;
  39   1          delay(1); // Wait for 1 ms
  40   1      
  41   1          if (!DHT11) { // Check for low signal
  42   2              delay(1); // Wait for 80 us
  43   2              if (DHT11) { // Check for high signal
  44   3                  response = 1; // Response received
  45   3              }
  46   2          }
  47   1          delay(1); // Wait for 80 us
  48   1          return response;
  49   1      }
  50          
  51          unsigned char read_byte(void) {
  52   1          unsigned char i, byte = 0;
  53   1      
  54   1          for (i = 0; i < 8; i++) {
C51 COMPILER V9.60.7.0   DHT11                                                             10/03/2024 02:22:48 PAGE 2   

  55   2              while (!DHT11); // Wait for the pin to go high
  56   2              delay(2); // Wait for 2 ms
  57   2              if (DHT11) {
  58   3                  byte |= (1 << (7 - i)); // Read the bit
  59   3              }
  60   2              while (DHT11); // Wait for the pin to go low
  61   2          }
  62   1          return byte; // Return the byte read
  63   1      }
  64          
  65          bit read_dht11(unsigned char *temp, unsigned char *hum) {
  66   1          start_signal(); // Start the communication
  67   1          if (response_signal()) { // Check for response
  68   2              *hum = read_byte(); // Read humidity
  69   2              *temp = read_byte(); // Read temperature
  70   2              read_byte(); // Read checksum (discard)
  71   2              return 1; // Successful read
  72   2          }
  73   1          return 0; // Read failed
  74   1      }


MODULE INFORMATION:   STATIC OVERLAYABLE
   CODE SIZE        =    201    ----
   CONSTANT SIZE    =   ----    ----
   XDATA SIZE       =   ----    ----
   PDATA SIZE       =   ----    ----
   DATA SIZE        =   ----       9
   IDATA SIZE       =   ----    ----
   BIT SIZE         =   ----       1
END OF MODULE INFORMATION.


C51 COMPILATION COMPLETE.  0 WARNING(S),  0 ERROR(S)
