C51 COMPILER V9.60.7.0   LCD                                                               11/13/2024 17:48:18 PAGE 1   


C51 COMPILER V9.60.7.0, COMPILATION OF MODULE LCD
OBJECT MODULE PLACED IN .\Objects\LCD.obj
COMPILER INVOKED BY: C:\Keil_v5\C51\BIN\C51.EXE ..\..\..\Lib\LCD\LCD.c OPTIMIZE(8,SPEED) BROWSE DEBUG OBJECTEXTEND PRINT
                    -(.\Listings\LCD.lst) TABS(2) OBJECT(.\Objects\LCD.obj)

line level    source

   1            
   2            #include "LCD.h"
   3            #include "GPIO.h"
   4            #include "../Delay/Delay.h"
   5            
   6            void LCD_Busy(void)
   7            {
   8   1          Busy=1;
   9   1          RS=0;
  10   1          RW=1;
  11   1          while(Busy == 0);
  12   1        }
  13            
  14            void LCD_Cmd_Write(unsigned char Cmd)
  15            {
  16   1          LCD_Busy();
  17   1          LCD=Cmd;
  18   1          RS=0;
  19   1          RW=0;
  20   1          EN=1;
  21   1          Delay_1ms(1);
  22   1          EN=0;
  23   1        }
  24            
  25            void LCD_Data_Write(unsigned char lcd_data)
  26            {
  27   1          LCD_Busy();
  28   1          LCD=lcd_data;
  29   1          RS=1;
  30   1          RW=0;
  31   1          EN=1;
  32   1          Delay_1ms(1);
  33   1          EN=0;
  34   1        }
  35            
  36            void LCD_Init(void)
  37            {
  38   1          unsigned char a[6]={0x38,0x0e,0x01,0x06,0x0c,0x80};
  39   1          unsigned int i;
  40   1          for(i=0;i<6;i++)
  41   1          {
  42   2            LCD_Cmd_Write(a[i]);
  43   2            Delay_1ms(10);
  44   2          }
  45   1        }
  46             void Sprint(unsigned char *str)
  47          {
  48   1          while (*str)
  49   1          {
  50   2              LCD_Data_Write(*str);
  51   2              str++;
  52   2          }
  53   1      }

C51 COMPILER V9.60.7.0   LCD                                                               11/13/2024 17:48:18 PAGE 2   


MODULE INFORMATION:   STATIC OVERLAYABLE
   CODE SIZE        =    146    ----
   CONSTANT SIZE    =      6    ----
   XDATA SIZE       =   ----    ----
   PDATA SIZE       =   ----    ----
   DATA SIZE        =   ----      11
   IDATA SIZE       =   ----    ----
   BIT SIZE         =   ----    ----
END OF MODULE INFORMATION.


C51 COMPILATION COMPLETE.  0 WARNING(S),  0 ERROR(S)
