C51 COMPILER V9.60.7.0   MAIN                                                              11/03/2024 20:53:38 PAGE 1   


C51 COMPILER V9.60.7.0, COMPILATION OF MODULE MAIN
OBJECT MODULE PLACED IN .\Objects\main.obj
COMPILER INVOKED BY: C:\Keil_v5\C51\BIN\C51.EXE main.c OPTIMIZE(8,SPEED) BROWSE DEBUG OBJECTEXTEND PRINT(.\Listings\main
                    -.lst) TABS(2) OBJECT(.\Objects\main.obj)

line level    source

   1          #include <reg51.h>
   2          #include <LCD.h>
   3          #include <Delay.h>
   4          #include <Uart.h>
   5          sbit sw = P2^0;
   6          
   7          void main() {
   8   1          
   9   1          Uart_Init(9600);
  10   1          LCD_Init();
  11   1          Sprint("UART IS Ready");
  12   1          Uart_Tx_Str("UART IS Ready");
  13   1          Delay(1000);
  14   1          LCD_Cmd(0x01);
  15   1          while(1) {
  16   2                  if(RI == 1)
  17   2                  {             
  18   3                      LCD_Data(Uart_Rx());    
  19   3                  }    
  20   2                  if(sw == 0)
  21   2                  {
  22   3                    Delay(500);
  23   3                    Uart_Tx_Str("Bluetooth With 8051");
  24   3                  }
  25   2                  }
  26   1              }


MODULE INFORMATION:   STATIC OVERLAYABLE
   CODE SIZE        =     70    ----
   CONSTANT SIZE    =     34    ----
   XDATA SIZE       =   ----    ----
   PDATA SIZE       =   ----    ----
   DATA SIZE        =   ----    ----
   IDATA SIZE       =   ----    ----
   BIT SIZE         =   ----    ----
END OF MODULE INFORMATION.


C51 COMPILATION COMPLETE.  0 WARNING(S),  0 ERROR(S)
