C51 COMPILER V9.60.7.0   LCD                                                               11/26/2024 18:26:03 PAGE 1   


C51 COMPILER V9.60.7.0, COMPILATION OF MODULE LCD
OBJECT MODULE PLACED IN .\Objects\LCD.obj
COMPILER INVOKED BY: C:\Keil_v5\C51\BIN\C51.EXE LCD.c OPTIMIZE(8,SPEED) BROWSE DEBUG OBJECTEXTEND PRINT(.\Listings\LCD.l
                    -st) TABS(2) OBJECT(.\Objects\LCD.obj)

line level    source

   1          
   2          #include "GPIO.h"
   3          #include "D:\Micro_Controller\8051\NOV_24 _Projects\Lib\Delay\Delay.h"
   4          #include "D:\Micro_Controller\8051\NOV_24 _Projects\Lib\LCD\LCD.h"
   5          
   6          
   7          void LCD_Busy(void)
   8          {
   9   1          Busy = 1;
  10   1          RS = 0;
  11   1          RW = 1;
  12   1          while (Busy == 0);
  13   1      }
  14          
  15          void LCD_Cmd_Write(unsigned char Cmd)
  16          {
  17   1          LCD_Busy();
  18   1          LCD = Cmd;
  19   1          RS = 0;
  20   1          RW = 0;
  21   1          EN = 1;
  22   1          Delay_1ms(1);
  23   1          EN = 0;
  24   1      }
  25          
  26          void LCD_Data_Write(unsigned char lcd_data)
  27          {
  28   1          LCD_Busy();
  29   1          LCD = lcd_data;
  30   1          RS = 1;
  31   1          RW = 0;
  32   1          EN = 1;
  33   1          Delay_1ms(1);
  34   1          EN = 0;
  35   1      }
  36          
  37          void LCD_Init(void)
  38          {
  39   1          unsigned char a[6] = {0x38, 0x0e, 0x01, 0x06, 0x0c, 0x80};
  40   1          unsigned int i;
  41   1          for (i = 0; i < 6; i++)
  42   1          {
  43   2              LCD_Cmd_Write(a[i]);
  44   2              Delay_1ms(10);
  45   2          }
  46   1      }
  47          void LCD_Sprint(unsigned char *str)
  48          {
  49   1          while (*str)
  50   1          {
  51   2              LCD_Data_Write(*str);
  52   2              str++;
  53   2          }
  54   1      }
C51 COMPILER V9.60.7.0   LCD                                                               11/26/2024 18:26:03 PAGE 2   



MODULE INFORMATION:   STATIC OVERLAYABLE
   CODE SIZE        =    146    ----
   CONSTANT SIZE    =      6    ----
   XDATA SIZE       =   ----    ----
   PDATA SIZE       =   ----    ----
   DATA SIZE        =   ----      11
   IDATA SIZE       =   ----    ----
   BIT SIZE         =   ----    ----
END OF MODULE INFORMATION.


C51 COMPILATION COMPLETE.  0 WARNING(S),  0 ERROR(S)
