C51 COMPILER V9.60.7.0   MAIN                                                              11/26/2024 18:25:53 PAGE 1   


C51 COMPILER V9.60.7.0, COMPILATION OF MODULE MAIN
OBJECT MODULE PLACED IN .\Objects\main.obj
COMPILER INVOKED BY: C:\Keil_v5\C51\BIN\C51.EXE main.c OPTIMIZE(8,SPEED) BROWSE DEBUG OBJECTEXTEND PRINT(.\Listings\main
                    -.lst) TABS(2) OBJECT(.\Objects\main.obj)

line level    source

   1          #include "D:\Micro_Controller\8051\NOV_24 _Projects\Lib\Delay\Delay.h"
   2          #include "D:\Micro_Controller\8051\NOV_24 _Projects\Lib\LCD\LCD.h"
   3          #include "D:\Micro_Controller\8051\NOV_24 _Projects\Lib\ADC\ADC.h"
   4          #include "D:\Micro_Controller\8051\NOV_24 _Projects\Lib\UART\Uart.h"
   5          #include "GPIO.h"
   6          #include <stdio.h>
   7          
   8          void main()
   9          {
  10   1          char Display[30];
  11   1          LCD_Init();
  12   1          ADC_Init();
  13   1          Uart_Init(9600);
  14   1          LCD_Sprint("WELCOME");
  15   1          Delay_1ms(1000);
  16   1          LCD_Cmd_Write(0x01);
  17   1          LED =0;
  18   1          while (1)
  19   1          {
  20   2              float Temperature;
  21   2              Temperature = ADC_Data_Read();
  22   2              Temperature = (Temperature * 2);
  23   2              sprintf(Display, "TEMP: %.2f *C", Temperature);
  24   2              LCD_Sprint(Display);
  25   2           
  26   2            
  27   2              if(Temperature > 36)
  28   2              {
  29   3                LED = 1;
  30   3                Uart_Tx_Str(Display);
  31   3                Uart_Tx(0x0D);
  32   3                Uart_Tx(0x0A);
  33   3                Uart_Tx_Str("Temperature Waring ");
  34   3                Uart_Tx(0x0D);
  35   3                Uart_Tx(0x0A);
  36   3                LCD_Cmd_Write(0xC0);
  37   3                LCD_Sprint("Warning");
  38   3                
  39   3              }
  40   2              else
  41   2                LED = 0;
  42   2              Delay_1ms(1000);
  43   2              LCD_Cmd_Write(0x01);
  44   2          }
  45   1          
  46   1      }


MODULE INFORMATION:   STATIC OVERLAYABLE
   CODE SIZE        =    200    ----
   CONSTANT SIZE    =     50    ----
   XDATA SIZE       =   ----    ----
   PDATA SIZE       =   ----    ----
   DATA SIZE        =   ----      34
C51 COMPILER V9.60.7.0   MAIN                                                              11/26/2024 18:25:53 PAGE 2   

   IDATA SIZE       =   ----    ----
   BIT SIZE         =   ----    ----
END OF MODULE INFORMATION.


C51 COMPILATION COMPLETE.  0 WARNING(S),  0 ERROR(S)
