C51 COMPILER V9.60.7.0   UART                                                              11/26/2024 18:25:25 PAGE 1   


C51 COMPILER V9.60.7.0, COMPILATION OF MODULE UART
OBJECT MODULE PLACED IN .\Objects\Uart.obj
COMPILER INVOKED BY: C:\Keil_v5\C51\BIN\C51.EXE ..\..\..\Lib\UART\Uart.c OPTIMIZE(8,SPEED) BROWSE DEBUG OBJECTEXTEND PRI
                    -NT(.\Listings\Uart.lst) TABS(2) OBJECT(.\Objects\Uart.obj)

line level    source

   1          
   2          #include <reg51.h>
   3          #include "Uart.h"
   4          
   5          void Uart_Init(unsigned int Value)
   6          {
   7   1          char i;
   8   1          if (Value == 9600)
   9   1              i = -3;
  10   1          if (Value == 4800)
  11   1              i = -6;
  12   1          if (Value == 2400)
  13   1              i = -12;
  14   1          if (Value == 19200)
  15   1          {
  16   2              PCON = 0x80;
  17   2              i = -3;
  18   2          }
  19   1          TMOD = 0X20;
  20   1          TH1 = i;
  21   1          SCON = 0X50;
  22   1          TR1 = 1;
  23   1      }
  24          void Uart_Tx(unsigned char Value)
  25          {
  26   1          SBUF = Value;
  27   1          while (TI == 0)
  28   1              ;
  29   1          TI = 0;
  30   1      }
  31          unsigned char Uart_Rx()
  32          {
  33   1          while (RI == 0)
  34   1              ;
  35   1          RI = 0;
  36   1          return SBUF;
  37   1      }
  38          void Uart_Tx_Str(unsigned char *Str)
  39          {
  40   1          while (*Str)
  41   1          {
  42   2              Uart_Tx(*Str);
  43   2              Str++;
  44   2          }
  45   1      }


MODULE INFORMATION:   STATIC OVERLAYABLE
   CODE SIZE        =     83    ----
   CONSTANT SIZE    =   ----    ----
   XDATA SIZE       =   ----    ----
   PDATA SIZE       =   ----    ----
   DATA SIZE        =   ----    ----
   IDATA SIZE       =   ----    ----
C51 COMPILER V9.60.7.0   UART                                                              11/26/2024 18:25:25 PAGE 2   

   BIT SIZE         =   ----    ----
END OF MODULE INFORMATION.


C51 COMPILATION COMPLETE.  0 WARNING(S),  0 ERROR(S)
