C51 COMPILER V9.60.7.0   LCD_CGRAM_BATTERY_WITH_SWITCH                                     09/26/2024 01:56:39 PAGE 1   


C51 COMPILER V9.60.7.0, COMPILATION OF MODULE LCD_CGRAM_BATTERY_WITH_SWITCH
OBJECT MODULE PLACED IN .\Objects\LCD_CGRAM_Battery_WITH_Switch.obj
COMPILER INVOKED BY: C:\Users\maniv\AppData\Local\Keil_v5\C51\BIN\C51.EXE LCD_CGRAM_Battery_WITH_Switch.c OPTIMIZE(8,SPE
                    -ED) BROWSE DEBUG OBJECTEXTEND PRINT(.\Listings\LCD_CGRAM_Battery_WITH_Switch.lst) TABS(2) OBJECT(.\Objects\LCD_CGRAM_Bat
                    -tery_WITH_Switch.obj)

line level    source

   1          
   2          
   3          #include <reg51.h>
   4          #include "LCD.h"
   5          #include "Delay.h"
   6          sbit sw1=P3^5;
   7          
   8          void main()
   9          {
  10   1        int i,j;
  11   1        
  12   1        char a[8]={0x0E, 0x1B, 0x11, 0x11, 0x11, 0x11, 0x1F, 0x00};
  13   1        char b[8]={0x0E, 0x1B, 0x11, 0x11, 0x1f, 0x1f, 0x1F, 0x00};
  14   1        char c[8]={0x0E, 0x1f, 0x1f, 0x1f, 0x1f, 0x1f, 0x1F, 0x00};
  15   1      
  16   1        
  17   1        LCD_init();
  18   1        
  19   1        for(i = 0; i < 8; i++)
  20   1        {
  21   2          LCD_cmd(0x40 + i);
  22   2          LCD_data(a[i]);
  23   2          LCD_cmd(0x48 + i);
  24   2          LCD_data(b[i]);
  25   2          LCD_cmd(0x50 + i);
  26   2          LCD_data(c[i]);
  27   2          
  28   2        }
  29   1        while(1)
  30   1        {
  31   2          if(sw1 == 0)
  32   2          {
  33   3            Delay(25);
  34   3            if(sw1 == 1)
  35   3            {
  36   4            j++;
  37   4              if(j == 3)
  38   4              {
  39   5                j=0;
  40   5              }
  41   4            }
  42   3          }
  43   2          LCD_cmd(0x82);
  44   2          LCD_data(j);
  45   2        }
  46   1      }


MODULE INFORMATION:   STATIC OVERLAYABLE
   CODE SIZE        =    181    ----
   CONSTANT SIZE    =     24    ----
   XDATA SIZE       =   ----    ----
   PDATA SIZE       =   ----    ----
C51 COMPILER V9.60.7.0   LCD_CGRAM_BATTERY_WITH_SWITCH                                     09/26/2024 01:56:39 PAGE 2   

   DATA SIZE        =   ----      28
   IDATA SIZE       =   ----    ----
   BIT SIZE         =   ----    ----
END OF MODULE INFORMATION.


C51 COMPILATION COMPLETE.  0 WARNING(S),  0 ERROR(S)
