C51 COMPILER V9.60.7.0   MAIN                                                              12/02/2024 22:13:57 PAGE 1   


C51 COMPILER V9.60.7.0, COMPILATION OF MODULE MAIN
OBJECT MODULE PLACED IN .\Objects\main.obj
COMPILER INVOKED BY: C:\Keil_v5\C51\BIN\C51.EXE main.c OPTIMIZE(8,SPEED) BROWSE DEBUG OBJECTEXTEND PRINT(.\Listings\main
                    -.lst) TABS(2) OBJECT(.\Objects\main.obj)

line level    source

   1          //#include <reg51.h>
   2          
   3          #include <reg51.h>
   4          #include <../../../Lib/Uart/Uart.h>
   5          
   6          void main() {
   7   1        unsigned int i = 300;
   8   1        Uart_Init(9600);          
   9   1        
  10   1        while(1)
  11   1        {
  12   2          Uart_Tx_Str("123");
  13   2          while(--i);
  14   2        }
  15   1      }


MODULE INFORMATION:   STATIC OVERLAYABLE
   CODE SIZE        =     37    ----
   CONSTANT SIZE    =      4    ----
   XDATA SIZE       =   ----    ----
   PDATA SIZE       =   ----    ----
   DATA SIZE        =   ----       2
   IDATA SIZE       =   ----    ----
   BIT SIZE         =   ----    ----
END OF MODULE INFORMATION.


C51 COMPILATION COMPLETE.  0 WARNING(S),  0 ERROR(S)
