C51 COMPILER V9.60.7.0   LED                                                               11/12/2024 20:28:46 PAGE 1   


C51 COMPILER V9.60.7.0, COMPILATION OF MODULE LED
OBJECT MODULE PLACED IN .\Objects\LED.obj
COMPILER INVOKED BY: C:\Keil_v5\C51\BIN\C51.EXE ..\..\..\Lib\LED\LED.c OPTIMIZE(8,SPEED) BROWSE DEBUG OBJECTEXTEND PRINT
                    -(.\Listings\LED.lst) TABS(2) OBJECT(.\Objects\LED.obj)

line level    source

   1          
   2          #include "LED.h"
   3          #include "GPIO.h"
   4          
   5          void LED1_ON(void)
   6          {
   7   1            LED1 = 1;
   8   1      }
   9          void LED2_ON(void)
  10          {
  11   1            LED2 = 1;
  12   1      }
  13          void LED1_OFF(void)
  14          {
  15   1           LED1 = 0;
  16   1      }
  17          void LED2_OFF(void)
  18          {
  19   1           LED2 = 0;
  20   1      }
  21          void LED1_Toggle(void)
  22          {
  23   1             LED1 = ~LED1;
  24   1      }
  25          void LED2_Toggle(void)
  26          {
  27   1             LED2 = ~LED1;
  28   1      }
  29          
  30          void Even_LED_S(void)
  31          {
  32   1          Port1 = 0xAA;
  33   1      }
  34          
  35          void ODD_LED_S(void)
  36          {
  37   1          Port1 = 0x55;
  38   1      }


MODULE INFORMATION:   STATIC OVERLAYABLE
   CODE SIZE        =     29    ----
   CONSTANT SIZE    =   ----    ----
   XDATA SIZE       =   ----    ----
   PDATA SIZE       =   ----    ----
   DATA SIZE        =   ----    ----
   IDATA SIZE       =   ----    ----
   BIT SIZE         =   ----    ----
END OF MODULE INFORMATION.


C51 COMPILATION COMPLETE.  0 WARNING(S),  0 ERROR(S)
