C51 COMPILER V9.60.7.0   KEYPAD                                                            10/07/2024 21:54:57 PAGE 1   


C51 COMPILER V9.60.7.0, COMPILATION OF MODULE KEYPAD
OBJECT MODULE PLACED IN .\Objects\KEYPAD.obj
COMPILER INVOKED BY: C:\Users\maniv\AppData\Local\Keil_v5\C51\BIN\C51.EXE KEYPAD.c OPTIMIZE(8,SPEED) BROWSE DEBUG OBJECT
                    -EXTEND PRINT(.\Listings\KEYPAD.lst) TABS(2) OBJECT(.\Objects\KEYPAD.obj)

line level    source

   1          
   2          
   3          #include "Ports.h"
   4          #include "KEYPAD.h"
   5          #include "Delay.h"
   6          
   7          
   8          unsigned char KeyPad_Lockup_Table[4][4] =  {{'1', '2', '3', 'A'},
   9                                                      {'4', '5', '6', 'B'},
  10                                                      {'7', '8', '9', 'C'},
  11                                                      {'*', '0', '#', 'D'}};
  12          unsigned char Row, Col;
  13                                        
  14                                        
  15          unsigned char KeyPad_SCAN()
  16          {
  17   1        
  18   1      
  19   1        
  20   1        //  a =  Keypad_Port; 
  21   1        
  22   1          A = 0x0F;
  23   1          A = A &  0x0F;
  24   1      
  25   1               if (A == 0x0E) { Delay(10);  Row = 0; }
  26   1          else if (A == 0x0D) { Delay(10);  Row = 1; }
  27   1          else if (A == 0x0B) { Delay(10);  Row = 2; }
  28   1          else if (A == 0x07) { Delay(10);  Row = 3; }
  29   1           else {         return 0x00;               }
  30   1           
  31   1          A = 0xF0;  
  32   1          A = A &  0xF0;
  33   1           
  34   1               if (A == 0xE0) { Delay(10);  Col = 0; }
  35   1          else if (A == 0xD0) { Delay(10);  Col = 1; }
  36   1          else if (A == 0xB0) { Delay(10);  Col = 2; }
  37   1          else if (A == 0x70) { Delay(10);  Col = 3; }
  38   1           else {         return 0x00;               }
  39   1           
  40   1          return KeyPad_Lockup_Table[Row][Col];
  41   1      }


MODULE INFORMATION:   STATIC OVERLAYABLE
   CODE SIZE        =    168    ----
   CONSTANT SIZE    =   ----    ----
   XDATA SIZE       =   ----    ----
   PDATA SIZE       =   ----    ----
   DATA SIZE        =     18    ----
   IDATA SIZE       =   ----    ----
   BIT SIZE         =   ----    ----
END OF MODULE INFORMATION.


C51 COMPILATION COMPLETE.  0 WARNING(S),  0 ERROR(S)
