C51 COMPILER V9.60.7.0   MAIN_HANDLER                                                      09/30/2024 17:22:54 PAGE 1   


C51 COMPILER V9.60.7.0, COMPILATION OF MODULE MAIN_HANDLER
OBJECT MODULE PLACED IN .\Objects\Main_Handler.obj
COMPILER INVOKED BY: C:\Users\maniv\AppData\Local\Keil_v5\C51\BIN\C51.EXE Main_Handler.c OPTIMIZE(8,SPEED) BROWSE DEBUG 
                    -OBJECTEXTEND PRINT(.\Listings\Main_Handler.lst) TABS(2) OBJECT(.\Objects\Main_Handler.obj)

line level    source

   1          
   2          #include <reg51.h>
   3          #include "LCD.h"
   4          #include "KEYPAD.h"
   5          #include "Delay.h"
   6          #include <string.h>
   7          
   8          unsigned char INpass[5];             // INpass is User Enterted Password
   9          unsigned char MASK[5];               // For Masking the Input password
  10          unsigned char Key, i, j, l, m;
  11          unsigned int REMAIN_Attempt = 3;     // attempts to remaning Entering the Password
  12          unsigned char PASSWORD[4] = "D1*B";  // Default Password
  13          
  14          // Storing the User Enterted Password in the INpass array
  15          void Scan_Password(unsigned char *INpass, unsigned char *MASK, unsigned char Key)
  16          {
  17   1          INpass[i++] = Key;
  18   1          INpass[i] = '\0';
  19   1          MASK[j++] = '*';
  20   1          MASK[j] = '\0';
  21   1      }
  22          
  23          // Checking the Orginal Password and user input password
  24          bit Check_Password()
  25          {
  26   1      
  27   1          bit result;
  28   1      
  29   1          result = strcmp(PASSWORD, INpass);
  30   1      
  31   1          return result;
  32   1      }
  33          
  34          // Verifying The Password That Entered by the User is Correct or Not
  35          unsigned char Verify_Password()
  36          {
  37   1      
  38   1          LCD_Cmd_Write(0x80);
  39   1          LCD_Print("ENTER THE PASSWORD");
  40   1      
  41   1          Key = KeyPad_SCAN();
  42   1      
  43   1          if (Key != 0)
  44   1      
  45   1          {
  46   2              LCD_Cmd_Write(0x80);
  47   2              LCD_Print("ENTER THE PASS");
  48   2              Scan_Password(INpass, MASK, Key);
  49   2              LCD_Cmd_Write(0xC0);
  50   2              LCD_Print(MASK);
  51   2      
  52   2              if (i == 4)
  53   2              {
  54   3      
C51 COMPILER V9.60.7.0   MAIN_HANDLER                                                      09/30/2024 17:22:54 PAGE 2   

  55   3                  if (Check_Password() == 0)
  56   3                  {
  57   4                      Delay(100);
  58   4                      LCD_Cmd_Write(0xC0);
  59   4                      LCD_Print("PASSWORD MATCHED");
  60   4      
  61   4                      Delay(200);
  62   4                      LCD_Cmd_Write(0x01);
  63   4      
  64   4                      i = 0;
  65   4                      j = 0;
  66   4                      for (l = 0; l < 4; l++)
  67   4                      {
  68   5                          INpass[l] = 0;
  69   5                      }
  70   4                      return 1;
  71   4                  }
  72   3                  else
  73   3                  {
  74   4                      REMAIN_Attempt--;
  75   4                      LCD_Cmd_Write(0x01);
  76   4                      LCD_Cmd_Write(0x80);
  77   4                      LCD_Print("WRONG PASSWORD");
  78   4      
  79   4                      LCD_Cmd_Write(0xC0);
  80   4                      LCD_Print("ATTEMPTS_RIM:");
  81   4      
  82   4                      LCD_Data_Write(REMAIN_Attempt + 48);
  83   4      
  84   4                      if (REMAIN_Attempt == 0)
  85   4                      {
  86   5                          Delay(250);
  87   5                          LCD_Cmd_Write(0x80);
  88   5                          LCD_Print("DEVICE IS LOCKED");
  89   5      
  90   5                          LCD_Cmd_Write(0xC0);
  91   5                          LCD_Print("TRYAGAIN AFT 1MIN");
  92   5                          Delay(500);
  93   5      
  94   5                          REMAIN_Attempt = 3;
  95   5      
  96   5                          LCD_Cmd_Write(0x01);
  97   5                      }
  98   4                      Delay(500);
  99   4                      LCD_Cmd_Write(0x01);
 100   4                  }
 101   3                  i = 0;
 102   3                  j = 0;
 103   3                  for (l = 0; l < 4; l++)
 104   3                  {
 105   4                      INpass[l] = 0;
 106   4                  }
 107   3              }
 108   2          }
 109   1          return 0;
 110   1      }
 111          void main()
 112          {
 113   1      
 114   1          LCD_Init();
 115   1      
 116   1          while (1)
C51 COMPILER V9.60.7.0   MAIN_HANDLER                                                      09/30/2024 17:22:54 PAGE 3   

 117   1          {
 118   2              if (Verify_Password() == 1)
 119   2              {
 120   3                  break;
 121   3              }
 122   2          }
 123   1          while (1)
 124   1          {
 125   2              LCD_Cmd_Write(0x80);
 126   2              LCD_Print("ACCESS GRANTED");
 127   2          }
 128   1      }


MODULE INFORMATION:   STATIC OVERLAYABLE
   CODE SIZE        =    397    ----
   CONSTANT SIZE    =    130    ----
   XDATA SIZE       =   ----    ----
   PDATA SIZE       =   ----    ----
   DATA SIZE        =     21       7
   IDATA SIZE       =   ----    ----
   BIT SIZE         =   ----       1
END OF MODULE INFORMATION.


C51 COMPILATION COMPLETE.  0 WARNING(S),  0 ERROR(S)
