C51 COMPILER V9.60.7.0   MAIN                                                              11/19/2024 07:36:28 PAGE 1   


C51 COMPILER V9.60.7.0, COMPILATION OF MODULE MAIN
OBJECT MODULE PLACED IN .\Objects\main.obj
COMPILER INVOKED BY: C:\Keil_v5\C51\BIN\C51.EXE main.c OPTIMIZE(8,SPEED) BROWSE DEBUG OBJECTEXTEND PRINT(.\Listings\main
                    -.lst) TABS(2) OBJECT(.\Objects\main.obj)

line level    source

   1          
   2          #include <../../../Lib/LCD/LCD.h>
   3          #include <../../../Lib/Delay/Delay.h>
   4          #include <../../../Lib/Uart/Uart.h>
   5          
   6          void main()
   7          {
   8   1      
   9   1          Uart_Init(9600);
  10   1          LCD_Init();
  11   1          Sprint("UART IS Ready");
  12   1          Delay_1ms(1000);
  13   1          LCD_Cmd_Write(0x01);
  14   1          while (1)
  15   1          {
  16   2              LCD_Data_Write(Uart_Rx());
  17   2          }
  18   1      }


MODULE INFORMATION:   STATIC OVERLAYABLE
   CODE SIZE        =     39    ----
   CONSTANT SIZE    =     14    ----
   XDATA SIZE       =   ----    ----
   PDATA SIZE       =   ----    ----
   DATA SIZE        =   ----    ----
   IDATA SIZE       =   ----    ----
   BIT SIZE         =   ----    ----
END OF MODULE INFORMATION.


C51 COMPILATION COMPLETE.  0 WARNING(S),  0 ERROR(S)
