C51 COMPILER V9.60.7.0   MAIN                                                              11/11/2024 14:51:24 PAGE 1   


C51 COMPILER V9.60.7.0, COMPILATION OF MODULE MAIN
OBJECT MODULE PLACED IN .\Objects\main.obj
COMPILER INVOKED BY: C:\Keil_v5\C51\BIN\C51.EXE main.c OPTIMIZE(8,SPEED) BROWSE DEBUG OBJECTEXTEND PRINT(.\Listings\main
                    -.lst) TABS(2) OBJECT(.\Objects\main.obj)

line level    source

   1          #include <reg51.h>
   2          
   3          sbit LED1 = P0^2;
   4          sbit LED2 = P0^3;
   5          
   6          void Delay(unsigned char num)
   7          {
   8   1        unsigned int i,j;
   9   1        for(i = 0; i < num ; i++)
  10   1        {
  11   2          for(j = 0; j < 132 ; j++);
  12   2        }
  13   1      }
  14          
  15          void main()
  16          {
  17   1        IE = 0x88;
  18   1        IT0 = 1;
  19   1        while(1)
  20   1          {
  21   2            LED2 =~LED2;
  22   2            Delay(1000);
  23   2          }
  24   1      }
  25          
  26          void EX0_ISR() interrupt 2
  27          {
  28   1        LED1 =~LED1;
  29   1      }


MODULE INFORMATION:   STATIC OVERLAYABLE
   CODE SIZE        =     52    ----
   CONSTANT SIZE    =   ----    ----
   XDATA SIZE       =   ----    ----
   PDATA SIZE       =   ----    ----
   DATA SIZE        =   ----    ----
   IDATA SIZE       =   ----    ----
   BIT SIZE         =   ----    ----
END OF MODULE INFORMATION.


C51 COMPILATION COMPLETE.  0 WARNING(S),  0 ERROR(S)
