C51 COMPILER V9.60.7.0   DIGITAL_WRITE                                                     11/15/2024 19:04:43 PAGE 1   


C51 COMPILER V9.60.7.0, COMPILATION OF MODULE DIGITAL_WRITE
OBJECT MODULE PLACED IN .\Objects\Digital_Write.obj
COMPILER INVOKED BY: C:\Keil_v5\C51\BIN\C51.EXE ..\..\..\Lib\Digital_Write\Digital_Write.c OPTIMIZE(8,SPEED) BROWSE DEBU
                    -G OBJECTEXTEND PRINT(.\Listings\Digital_Write.lst) TABS(2) OBJECT(.\Objects\Digital_Write.obj)

line level    source

   1          #include "Digital_Write.h"
   2          #include "GPIO.h"
   3          
   4          void Digital_Write(unsigned char Pin, unsigned char State)
   5          {
   6   1          if (Pin < 8)
   7   1          {
   8   2              if (State == HIGH)
   9   2              {
  10   3                  P0 |= (1 << Pin);
  11   3              }
  12   2              else if (State == LOW)
  13   2              {
  14   3                  P0 &= ~(1 << Pin);
  15   3              }
  16   2          }
  17   1          if (Pin > 9 && Pin < 18)
  18   1          {
  19   2            Pin -= 10;
  20   2              if (State == HIGH)
  21   2              {
  22   3                  P1 |= (1 << Pin);
  23   3              }
  24   2              else if (State == LOW)
  25   2              {
  26   3                  P1 &= ~(1 << Pin);
  27   3              }
  28   2              if (Pin > 19 && Pin < 28)
  29   2              {
  30   3                Pin -= 20;
  31   3                  if (State == HIGH)
  32   3                  {
  33   4                      P2 |= (1 << Pin);
  34   4                  }
  35   3                  else if (State == LOW)
  36   3                  {
  37   4                      P2 &= ~(1 << Pin);
  38   4                  }
  39   3              }
  40   2              if (Pin > 29 && Pin < 38)
  41   2              {
  42   3                Pin -= 30;
  43   3                  if (State == HIGH)
  44   3                  {
  45   4                      P3 |= (1 << Pin);
  46   4                  }
  47   3                  else if (State == LOW)
  48   3                  {
  49   4                      P3 &= ~(1 << Pin);
  50   4                  }
  51   3              }
  52   2          }
  53   1          
  54   1        }
C51 COMPILER V9.60.7.0   DIGITAL_WRITE                                                     11/15/2024 19:04:43 PAGE 2   



MODULE INFORMATION:   STATIC OVERLAYABLE
   CODE SIZE        =    190    ----
   CONSTANT SIZE    =   ----    ----
   XDATA SIZE       =   ----    ----
   PDATA SIZE       =   ----    ----
   DATA SIZE        =   ----    ----
   IDATA SIZE       =   ----    ----
   BIT SIZE         =   ----    ----
END OF MODULE INFORMATION.


C51 COMPILATION COMPLETE.  0 WARNING(S),  0 ERROR(S)
