C51 COMPILER V9.60.7.0   MAIN                                                              11/15/2024 20:42:40 PAGE 1   


C51 COMPILER V9.60.7.0, COMPILATION OF MODULE MAIN
OBJECT MODULE PLACED IN .\Objects\main.obj
COMPILER INVOKED BY: C:\Keil_v5\C51\BIN\C51.EXE main.c OPTIMIZE(8,SPEED) BROWSE DEBUG OBJECTEXTEND PRINT(.\Listings\main
                    -.lst) TABS(2) OBJECT(.\Objects\main.obj)

line level    source

   1          
   2          #include "../../../Lib/Digital_Write/Digital_Write.h"
   3          #include "../../../Lib/Digital_Read/Digital_Read.h"
   4          #include "../../../Lib/Delay/Delay.h"
   5          #include "GPIO.h"
   6          
   7          void main()
   8              
   9             
  10          {
  11   1        while (1)
  12   1          {
  13   2             
  14   2              if (Digital_Read(SW1) == 1)  
  15   2              {
  16   3                  Digital_Write(LED1, HIGH);  
  17   3              }
  18   2              else
  19   2              {
  20   3                  Digital_Write(LED1, LOW);   
  21   3              }
  22   2      
  23   2              
  24   2              Delay_1ms(50); 
  25   2          }
  26   1      }


MODULE INFORMATION:   STATIC OVERLAYABLE
   CODE SIZE        =     28    ----
   CONSTANT SIZE    =   ----    ----
   XDATA SIZE       =   ----    ----
   PDATA SIZE       =   ----    ----
   DATA SIZE        =   ----    ----
   IDATA SIZE       =   ----    ----
   BIT SIZE         =   ----    ----
END OF MODULE INFORMATION.


C51 COMPILATION COMPLETE.  0 WARNING(S),  0 ERROR(S)
