C51 COMPILER V9.60.7.0   LCD_CGRAM_LEFT_ARROW                                              09/25/2024 16:52:49 PAGE 1   


C51 COMPILER V9.60.7.0, COMPILATION OF MODULE LCD_CGRAM_LEFT_ARROW
OBJECT MODULE PLACED IN .\Objects\LCD_CGRAM_LEFT_ARROW.obj
COMPILER INVOKED BY: C:\Users\maniv\AppData\Local\Keil_v5\C51\BIN\C51.EXE LCD_CGRAM_LEFT_ARROW.c OPTIMIZE(8,SPEED) BROWS
                    -E DEBUG OBJECTEXTEND PRINT(.\Listings\LCD_CGRAM_LEFT_ARROW.lst) TABS(2) OBJECT(.\Objects\LCD_CGRAM_LEFT_ARROW.obj)

line level    source

   1          
   2          
   3          #include <reg51.h>
   4          #include "LCD.h"
   5          #include "Delay.h"
   6          
   7          void main()
   8          {
   9   1        int i;
  10   1        
  11   1        char a[7]={0x00,0x04,0x08,0x1f,0x08,0x04,0x00};
  12   1        
  13   1        LCD_init();
  14   1        
  15   1        for(i = 0; i < 7; i++)
  16   1        {
  17   2          LCD_cmd(0x40 + i);
  18   2          LCD_data(a[i]);
  19   2          
  20   2        }
  21   1        while(1)
  22   1        {
  23   2          LCD_cmd(0x84);
  24   2          LCD_data(0);
  25   2        }
  26   1        
  27   1      }


MODULE INFORMATION:   STATIC OVERLAYABLE
   CODE SIZE        =     76    ----
   CONSTANT SIZE    =      7    ----
   XDATA SIZE       =   ----    ----
   PDATA SIZE       =   ----    ----
   DATA SIZE        =   ----       9
   IDATA SIZE       =   ----    ----
   BIT SIZE         =   ----    ----
END OF MODULE INFORMATION.


C51 COMPILATION COMPLETE.  0 WARNING(S),  0 ERROR(S)
