C51 COMPILER V9.60.7.0   RELAY                                                             10/01/2024 22:27:00 PAGE 1   


C51 COMPILER V9.60.7.0, COMPILATION OF MODULE RELAY
OBJECT MODULE PLACED IN .\Objects\Relay.obj
COMPILER INVOKED BY: C:\Users\maniv\AppData\Local\Keil_v5\C51\BIN\C51.EXE Relay.c OPTIMIZE(8,SPEED) BROWSE DEBUG OBJECTE
                    -XTEND PRINT(.\Listings\Relay.lst) TABS(2) OBJECT(.\Objects\Relay.obj)

line level    source

   1          
   2          #include "Relay.h"
   3          #include "Delay.h"
   4          
   5          void Relay_Call()
   6          {
   7   1      
   8   1        Relay = 0;
   9   1        Delay(2000);
  10   1        Relay = 1;
  11   1        Delay(2000);
  12   1      }


MODULE INFORMATION:   STATIC OVERLAYABLE
   CODE SIZE        =     18    ----
   CONSTANT SIZE    =   ----    ----
   XDATA SIZE       =   ----    ----
   PDATA SIZE       =   ----    ----
   DATA SIZE        =   ----    ----
   IDATA SIZE       =   ----    ----
   BIT SIZE         =   ----    ----
END OF MODULE INFORMATION.


C51 COMPILATION COMPLETE.  0 WARNING(S),  0 ERROR(S)
