!SESSION 2024-09-12 01:28:59.464 -----------------------------------------------
eclipse.buildId=Version 1.16.0
java.version=17.0.11
java.vendor=Eclipse Adoptium
BootLoader constants: OS=win32, ARCH=x86_64, WS=win32, NL=en_IN
Command-line arguments:  -os win32 -ws win32 -arch x86_64

!ENTRY com.st.stm32cube.ide.mcu.informationcenter 4 4 2024-09-12 01:29:21.928
!MESSAGE CubeMX plugin appears to be active, Log4j initialization might be too late.

!ENTRY com.st.stm32cube.ide.mcu.informationcenter 1 1 2024-09-12 01:29:21.929
!MESSAGE Log4j2 initialized with config file D:\stm321\.metadata\.log4j2.xml

!ENTRY com.st.stm32cube.ide.mcu.ide 1 1 2024-09-12 01:29:29.781
!MESSAGE Started RMI Server, listening on port 41338

!ENTRY org.eclipse.cdt.core 1 0 2024-09-12 01:31:41.664
!MESSAGE Indexed '3leds_with_3switchs' (26 sources, 88 headers) in 2.53 sec: 7,434 declarations; 35,441 references; 0 unresolved inclusions; 1 syntax errors; 2 unresolved names (0.0047%)

!ENTRY org.eclipse.cdt.core 1 0 2024-09-12 01:33:55.998
!MESSAGE Indexed '3 leds blinking' (26 sources, 88 headers) in 1.86 sec: 7,434 declarations; 35,441 references; 0 unresolved inclusions; 1 syntax errors; 2 unresolved names (0.0047%)

!ENTRY org.eclipse.cdt.dsf.gdb 4 104 2024-09-12 01:45:54.467
!MESSAGE Program file does not exist
!STACK 0
java.io.FileNotFoundException: D:\stm321\3 leds blinking\Debug\3 leds blinking.elf not found
	at org.eclipse.cdt.dsf.gdb.launching.LaunchUtils.verifyProgramPath(LaunchUtils.java:130)
	at org.eclipse.cdt.dsf.gdb.launching.GdbLaunchDelegate.checkBinaryDetails(GdbLaunchDelegate.java:330)
	at org.eclipse.cdt.dsf.gdb.launching.GdbLaunchDelegate.launchDebugSession(GdbLaunchDelegate.java:152)
	at org.eclipse.cdt.dsf.gdb.launching.GdbLaunchDelegate.launchDebugger(GdbLaunchDelegate.java:109)
	at org.eclipse.cdt.dsf.gdb.launching.GdbLaunchDelegate.launch(GdbLaunchDelegate.java:97)
	at com.st.stm32cube.ide.mcu.debug.launch.DSFDelegate.launch(DSFDelegate.java:334)
	at org.eclipse.debug.internal.core.LaunchConfiguration.launch(LaunchConfiguration.java:805)
	at org.eclipse.debug.internal.core.LaunchConfiguration.launch(LaunchConfiguration.java:716)
	at org.eclipse.debug.internal.ui.DebugUIPlugin.buildAndLaunch(DebugUIPlugin.java:1040)
	at org.eclipse.debug.internal.ui.DebugUIPlugin$1.run(DebugUIPlugin.java:1243)
	at org.eclipse.core.internal.jobs.Worker.run(Worker.java:63)
!SUBENTRY 1 org.eclipse.cdt.dsf.gdb 4 104 2024-09-12 01:45:54.468
!MESSAGE D:\stm321\3 leds blinking\Debug\3 leds blinking.elf not found
!STACK 0
java.io.FileNotFoundException: D:\stm321\3 leds blinking\Debug\3 leds blinking.elf not found
	at org.eclipse.cdt.dsf.gdb.launching.LaunchUtils.verifyProgramPath(LaunchUtils.java:130)
	at org.eclipse.cdt.dsf.gdb.launching.GdbLaunchDelegate.checkBinaryDetails(GdbLaunchDelegate.java:330)
	at org.eclipse.cdt.dsf.gdb.launching.GdbLaunchDelegate.launchDebugSession(GdbLaunchDelegate.java:152)
	at org.eclipse.cdt.dsf.gdb.launching.GdbLaunchDelegate.launchDebugger(GdbLaunchDelegate.java:109)
	at org.eclipse.cdt.dsf.gdb.launching.GdbLaunchDelegate.launch(GdbLaunchDelegate.java:97)
	at com.st.stm32cube.ide.mcu.debug.launch.DSFDelegate.launch(DSFDelegate.java:334)
	at org.eclipse.debug.internal.core.LaunchConfiguration.launch(LaunchConfiguration.java:805)
	at org.eclipse.debug.internal.core.LaunchConfiguration.launch(LaunchConfiguration.java:716)
	at org.eclipse.debug.internal.ui.DebugUIPlugin.buildAndLaunch(DebugUIPlugin.java:1040)
	at org.eclipse.debug.internal.ui.DebugUIPlugin$1.run(DebugUIPlugin.java:1243)
	at org.eclipse.core.internal.jobs.Worker.run(Worker.java:63)

!ENTRY org.eclipse.cdt.dsf.gdb 4 104 2024-09-12 01:46:16.065
!MESSAGE Program file does not exist
!STACK 0
java.io.FileNotFoundException: D:\stm321\3 leds blinking\Debug\3 leds blinking.elf not found
	at org.eclipse.cdt.dsf.gdb.launching.LaunchUtils.verifyProgramPath(LaunchUtils.java:130)
	at org.eclipse.cdt.dsf.gdb.launching.GdbLaunchDelegate.checkBinaryDetails(GdbLaunchDelegate.java:330)
	at org.eclipse.cdt.dsf.gdb.launching.GdbLaunchDelegate.launchDebugSession(GdbLaunchDelegate.java:152)
	at org.eclipse.cdt.dsf.gdb.launching.GdbLaunchDelegate.launchDebugger(GdbLaunchDelegate.java:109)
	at org.eclipse.cdt.dsf.gdb.launching.GdbLaunchDelegate.launch(GdbLaunchDelegate.java:97)
	at com.st.stm32cube.ide.mcu.debug.launch.DSFDelegate.launch(DSFDelegate.java:334)
	at org.eclipse.debug.internal.core.LaunchConfiguration.launch(LaunchConfiguration.java:805)
	at org.eclipse.debug.internal.core.LaunchConfiguration.launch(LaunchConfiguration.java:716)
	at org.eclipse.debug.internal.ui.DebugUIPlugin.buildAndLaunch(DebugUIPlugin.java:1040)
	at org.eclipse.debug.internal.ui.DebugUIPlugin$1.run(DebugUIPlugin.java:1243)
	at org.eclipse.core.internal.jobs.Worker.run(Worker.java:63)
!SUBENTRY 1 org.eclipse.cdt.dsf.gdb 4 104 2024-09-12 01:46:16.065
!MESSAGE D:\stm321\3 leds blinking\Debug\3 leds blinking.elf not found
!STACK 0
java.io.FileNotFoundException: D:\stm321\3 leds blinking\Debug\3 leds blinking.elf not found
	at org.eclipse.cdt.dsf.gdb.launching.LaunchUtils.verifyProgramPath(LaunchUtils.java:130)
	at org.eclipse.cdt.dsf.gdb.launching.GdbLaunchDelegate.checkBinaryDetails(GdbLaunchDelegate.java:330)
	at org.eclipse.cdt.dsf.gdb.launching.GdbLaunchDelegate.launchDebugSession(GdbLaunchDelegate.java:152)
	at org.eclipse.cdt.dsf.gdb.launching.GdbLaunchDelegate.launchDebugger(GdbLaunchDelegate.java:109)
	at org.eclipse.cdt.dsf.gdb.launching.GdbLaunchDelegate.launch(GdbLaunchDelegate.java:97)
	at com.st.stm32cube.ide.mcu.debug.launch.DSFDelegate.launch(DSFDelegate.java:334)
	at org.eclipse.debug.internal.core.LaunchConfiguration.launch(LaunchConfiguration.java:805)
	at org.eclipse.debug.internal.core.LaunchConfiguration.launch(LaunchConfiguration.java:716)
	at org.eclipse.debug.internal.ui.DebugUIPlugin.buildAndLaunch(DebugUIPlugin.java:1040)
	at org.eclipse.debug.internal.ui.DebugUIPlugin$1.run(DebugUIPlugin.java:1243)
	at org.eclipse.core.internal.jobs.Worker.run(Worker.java:63)

!ENTRY org.eclipse.cdt.dsf.gdb 4 104 2024-09-12 01:46:53.782
!MESSAGE Program file does not exist
!STACK 0
java.io.FileNotFoundException: D:\stm321\3 leds blinking\Debug\3 leds blinking.elf not found
	at org.eclipse.cdt.dsf.gdb.launching.LaunchUtils.verifyProgramPath(LaunchUtils.java:130)
	at org.eclipse.cdt.dsf.gdb.launching.GdbLaunchDelegate.checkBinaryDetails(GdbLaunchDelegate.java:330)
	at org.eclipse.cdt.dsf.gdb.launching.GdbLaunchDelegate.launchDebugSession(GdbLaunchDelegate.java:152)
	at org.eclipse.cdt.dsf.gdb.launching.GdbLaunchDelegate.launchDebugger(GdbLaunchDelegate.java:109)
	at org.eclipse.cdt.dsf.gdb.launching.GdbLaunchDelegate.launch(GdbLaunchDelegate.java:97)
	at com.st.stm32cube.ide.mcu.debug.launch.DSFDelegate.launch(DSFDelegate.java:334)
	at org.eclipse.debug.internal.core.LaunchConfiguration.launch(LaunchConfiguration.java:805)
	at org.eclipse.debug.internal.core.LaunchConfiguration.launch(LaunchConfiguration.java:716)
	at org.eclipse.debug.internal.ui.DebugUIPlugin.buildAndLaunch(DebugUIPlugin.java:1040)
	at org.eclipse.debug.internal.ui.DebugUIPlugin$1.run(DebugUIPlugin.java:1243)
	at org.eclipse.core.internal.jobs.Worker.run(Worker.java:63)
!SUBENTRY 1 org.eclipse.cdt.dsf.gdb 4 104 2024-09-12 01:46:53.782
!MESSAGE D:\stm321\3 leds blinking\Debug\3 leds blinking.elf not found
!STACK 0
java.io.FileNotFoundException: D:\stm321\3 leds blinking\Debug\3 leds blinking.elf not found
	at org.eclipse.cdt.dsf.gdb.launching.LaunchUtils.verifyProgramPath(LaunchUtils.java:130)
	at org.eclipse.cdt.dsf.gdb.launching.GdbLaunchDelegate.checkBinaryDetails(GdbLaunchDelegate.java:330)
	at org.eclipse.cdt.dsf.gdb.launching.GdbLaunchDelegate.launchDebugSession(GdbLaunchDelegate.java:152)
	at org.eclipse.cdt.dsf.gdb.launching.GdbLaunchDelegate.launchDebugger(GdbLaunchDelegate.java:109)
	at org.eclipse.cdt.dsf.gdb.launching.GdbLaunchDelegate.launch(GdbLaunchDelegate.java:97)
	at com.st.stm32cube.ide.mcu.debug.launch.DSFDelegate.launch(DSFDelegate.java:334)
	at org.eclipse.debug.internal.core.LaunchConfiguration.launch(LaunchConfiguration.java:805)
	at org.eclipse.debug.internal.core.LaunchConfiguration.launch(LaunchConfiguration.java:716)
	at org.eclipse.debug.internal.ui.DebugUIPlugin.buildAndLaunch(DebugUIPlugin.java:1040)
	at org.eclipse.debug.internal.ui.DebugUIPlugin$1.run(DebugUIPlugin.java:1243)
	at org.eclipse.core.internal.jobs.Worker.run(Worker.java:63)

!ENTRY org.eclipse.cdt.dsf.gdb 4 104 2024-09-12 01:47:38.931
!MESSAGE Program file does not exist
!STACK 0
java.io.FileNotFoundException: D:\stm321\3 leds blinking\Debug\3 leds blinking.elf not found
	at org.eclipse.cdt.dsf.gdb.launching.LaunchUtils.verifyProgramPath(LaunchUtils.java:130)
	at org.eclipse.cdt.dsf.gdb.launching.GdbLaunchDelegate.checkBinaryDetails(GdbLaunchDelegate.java:330)
	at org.eclipse.cdt.dsf.gdb.launching.GdbLaunchDelegate.launchDebugSession(GdbLaunchDelegate.java:152)
	at org.eclipse.cdt.dsf.gdb.launching.GdbLaunchDelegate.launchDebugger(GdbLaunchDelegate.java:109)
	at org.eclipse.cdt.dsf.gdb.launching.GdbLaunchDelegate.launch(GdbLaunchDelegate.java:97)
	at com.st.stm32cube.ide.mcu.debug.launch.DSFDelegate.launch(DSFDelegate.java:334)
	at org.eclipse.debug.internal.core.LaunchConfiguration.launch(LaunchConfiguration.java:805)
	at org.eclipse.debug.internal.core.LaunchConfiguration.launch(LaunchConfiguration.java:716)
	at org.eclipse.debug.internal.ui.DebugUIPlugin.buildAndLaunch(DebugUIPlugin.java:1040)
	at org.eclipse.debug.internal.ui.DebugUIPlugin$1.run(DebugUIPlugin.java:1243)
	at org.eclipse.core.internal.jobs.Worker.run(Worker.java:63)
!SUBENTRY 1 org.eclipse.cdt.dsf.gdb 4 104 2024-09-12 01:47:38.931
!MESSAGE D:\stm321\3 leds blinking\Debug\3 leds blinking.elf not found
!STACK 0
java.io.FileNotFoundException: D:\stm321\3 leds blinking\Debug\3 leds blinking.elf not found
	at org.eclipse.cdt.dsf.gdb.launching.LaunchUtils.verifyProgramPath(LaunchUtils.java:130)
	at org.eclipse.cdt.dsf.gdb.launching.GdbLaunchDelegate.checkBinaryDetails(GdbLaunchDelegate.java:330)
	at org.eclipse.cdt.dsf.gdb.launching.GdbLaunchDelegate.launchDebugSession(GdbLaunchDelegate.java:152)
	at org.eclipse.cdt.dsf.gdb.launching.GdbLaunchDelegate.launchDebugger(GdbLaunchDelegate.java:109)
	at org.eclipse.cdt.dsf.gdb.launching.GdbLaunchDelegate.launch(GdbLaunchDelegate.java:97)
	at com.st.stm32cube.ide.mcu.debug.launch.DSFDelegate.launch(DSFDelegate.java:334)
	at org.eclipse.debug.internal.core.LaunchConfiguration.launch(LaunchConfiguration.java:805)
	at org.eclipse.debug.internal.core.LaunchConfiguration.launch(LaunchConfiguration.java:716)
	at org.eclipse.debug.internal.ui.DebugUIPlugin.buildAndLaunch(DebugUIPlugin.java:1040)
	at org.eclipse.debug.internal.ui.DebugUIPlugin$1.run(DebugUIPlugin.java:1243)
	at org.eclipse.core.internal.jobs.Worker.run(Worker.java:63)

!ENTRY org.eclipse.cdt.dsf.gdb 4 104 2024-09-12 01:56:00.513
!MESSAGE Program file does not exist
!STACK 0
java.io.FileNotFoundException: D:\stm321\3 leds blinking\Debug\3 leds blinking.elf not found
	at org.eclipse.cdt.dsf.gdb.launching.LaunchUtils.verifyProgramPath(LaunchUtils.java:130)
	at org.eclipse.cdt.dsf.gdb.launching.GdbLaunchDelegate.checkBinaryDetails(GdbLaunchDelegate.java:330)
	at org.eclipse.cdt.dsf.gdb.launching.GdbLaunchDelegate.launchDebugSession(GdbLaunchDelegate.java:152)
	at org.eclipse.cdt.dsf.gdb.launching.GdbLaunchDelegate.launchDebugger(GdbLaunchDelegate.java:109)
	at org.eclipse.cdt.dsf.gdb.launching.GdbLaunchDelegate.launch(GdbLaunchDelegate.java:97)
	at com.st.stm32cube.ide.mcu.debug.launch.DSFDelegate.launch(DSFDelegate.java:334)
	at org.eclipse.debug.internal.core.LaunchConfiguration.launch(LaunchConfiguration.java:805)
	at org.eclipse.debug.internal.core.LaunchConfiguration.launch(LaunchConfiguration.java:716)
	at org.eclipse.debug.internal.ui.DebugUIPlugin.buildAndLaunch(DebugUIPlugin.java:1040)
	at org.eclipse.debug.internal.ui.DebugUIPlugin$1.run(DebugUIPlugin.java:1243)
	at org.eclipse.core.internal.jobs.Worker.run(Worker.java:63)
!SUBENTRY 1 org.eclipse.cdt.dsf.gdb 4 104 2024-09-12 01:56:00.513
!MESSAGE D:\stm321\3 leds blinking\Debug\3 leds blinking.elf not found
!STACK 0
java.io.FileNotFoundException: D:\stm321\3 leds blinking\Debug\3 leds blinking.elf not found
	at org.eclipse.cdt.dsf.gdb.launching.LaunchUtils.verifyProgramPath(LaunchUtils.java:130)
	at org.eclipse.cdt.dsf.gdb.launching.GdbLaunchDelegate.checkBinaryDetails(GdbLaunchDelegate.java:330)
	at org.eclipse.cdt.dsf.gdb.launching.GdbLaunchDelegate.launchDebugSession(GdbLaunchDelegate.java:152)
	at org.eclipse.cdt.dsf.gdb.launching.GdbLaunchDelegate.launchDebugger(GdbLaunchDelegate.java:109)
	at org.eclipse.cdt.dsf.gdb.launching.GdbLaunchDelegate.launch(GdbLaunchDelegate.java:97)
	at com.st.stm32cube.ide.mcu.debug.launch.DSFDelegate.launch(DSFDelegate.java:334)
	at org.eclipse.debug.internal.core.LaunchConfiguration.launch(LaunchConfiguration.java:805)
	at org.eclipse.debug.internal.core.LaunchConfiguration.launch(LaunchConfiguration.java:716)
	at org.eclipse.debug.internal.ui.DebugUIPlugin.buildAndLaunch(DebugUIPlugin.java:1040)
	at org.eclipse.debug.internal.ui.DebugUIPlugin$1.run(DebugUIPlugin.java:1243)
	at org.eclipse.core.internal.jobs.Worker.run(Worker.java:63)

!ENTRY org.eclipse.cdt.dsf.gdb 4 104 2024-09-12 01:56:34.949
!MESSAGE Program file does not exist
!STACK 0
java.io.FileNotFoundException: D:\stm321\3 leds blinking\Debug\3 leds blinking.elf not found
	at org.eclipse.cdt.dsf.gdb.launching.LaunchUtils.verifyProgramPath(LaunchUtils.java:130)
	at org.eclipse.cdt.dsf.gdb.launching.GdbLaunchDelegate.checkBinaryDetails(GdbLaunchDelegate.java:330)
	at org.eclipse.cdt.dsf.gdb.launching.GdbLaunchDelegate.launchDebugSession(GdbLaunchDelegate.java:152)
	at org.eclipse.cdt.dsf.gdb.launching.GdbLaunchDelegate.launchDebugger(GdbLaunchDelegate.java:109)
	at org.eclipse.cdt.dsf.gdb.launching.GdbLaunchDelegate.launch(GdbLaunchDelegate.java:97)
	at com.st.stm32cube.ide.mcu.debug.launch.DSFDelegate.launch(DSFDelegate.java:334)
	at org.eclipse.debug.internal.core.LaunchConfiguration.launch(LaunchConfiguration.java:805)
	at org.eclipse.debug.internal.core.LaunchConfiguration.launch(LaunchConfiguration.java:716)
	at org.eclipse.debug.internal.ui.DebugUIPlugin.buildAndLaunch(DebugUIPlugin.java:1040)
	at org.eclipse.debug.internal.ui.DebugUIPlugin$1.run(DebugUIPlugin.java:1243)
	at org.eclipse.core.internal.jobs.Worker.run(Worker.java:63)
!SUBENTRY 1 org.eclipse.cdt.dsf.gdb 4 104 2024-09-12 01:56:34.949
!MESSAGE D:\stm321\3 leds blinking\Debug\3 leds blinking.elf not found
!STACK 0
java.io.FileNotFoundException: D:\stm321\3 leds blinking\Debug\3 leds blinking.elf not found
	at org.eclipse.cdt.dsf.gdb.launching.LaunchUtils.verifyProgramPath(LaunchUtils.java:130)
	at org.eclipse.cdt.dsf.gdb.launching.GdbLaunchDelegate.checkBinaryDetails(GdbLaunchDelegate.java:330)
	at org.eclipse.cdt.dsf.gdb.launching.GdbLaunchDelegate.launchDebugSession(GdbLaunchDelegate.java:152)
	at org.eclipse.cdt.dsf.gdb.launching.GdbLaunchDelegate.launchDebugger(GdbLaunchDelegate.java:109)
	at org.eclipse.cdt.dsf.gdb.launching.GdbLaunchDelegate.launch(GdbLaunchDelegate.java:97)
	at com.st.stm32cube.ide.mcu.debug.launch.DSFDelegate.launch(DSFDelegate.java:334)
	at org.eclipse.debug.internal.core.LaunchConfiguration.launch(LaunchConfiguration.java:805)
	at org.eclipse.debug.internal.core.LaunchConfiguration.launch(LaunchConfiguration.java:716)
	at org.eclipse.debug.internal.ui.DebugUIPlugin.buildAndLaunch(DebugUIPlugin.java:1040)
	at org.eclipse.debug.internal.ui.DebugUIPlugin$1.run(DebugUIPlugin.java:1243)
	at org.eclipse.core.internal.jobs.Worker.run(Worker.java:63)

!ENTRY org.eclipse.cdt.dsf.gdb 4 104 2024-09-12 01:57:54.011
!MESSAGE Program file does not exist
!STACK 0
java.io.FileNotFoundException: D:\stm321\3 leds blinking\Debug\3 leds blinking.elf not found
	at org.eclipse.cdt.dsf.gdb.launching.LaunchUtils.verifyProgramPath(LaunchUtils.java:130)
	at org.eclipse.cdt.dsf.gdb.launching.GdbLaunchDelegate.checkBinaryDetails(GdbLaunchDelegate.java:330)
	at org.eclipse.cdt.dsf.gdb.launching.GdbLaunchDelegate.launchDebugSession(GdbLaunchDelegate.java:152)
	at org.eclipse.cdt.dsf.gdb.launching.GdbLaunchDelegate.launchDebugger(GdbLaunchDelegate.java:109)
	at org.eclipse.cdt.dsf.gdb.launching.GdbLaunchDelegate.launch(GdbLaunchDelegate.java:97)
	at com.st.stm32cube.ide.mcu.debug.launch.DSFDelegate.launch(DSFDelegate.java:334)
	at org.eclipse.debug.internal.core.LaunchConfiguration.launch(LaunchConfiguration.java:805)
	at org.eclipse.debug.internal.core.LaunchConfiguration.launch(LaunchConfiguration.java:716)
	at org.eclipse.debug.internal.ui.DebugUIPlugin.buildAndLaunch(DebugUIPlugin.java:1040)
	at org.eclipse.debug.internal.ui.DebugUIPlugin$1.run(DebugUIPlugin.java:1243)
	at org.eclipse.core.internal.jobs.Worker.run(Worker.java:63)
!SUBENTRY 1 org.eclipse.cdt.dsf.gdb 4 104 2024-09-12 01:57:54.011
!MESSAGE D:\stm321\3 leds blinking\Debug\3 leds blinking.elf not found
!STACK 0
java.io.FileNotFoundException: D:\stm321\3 leds blinking\Debug\3 leds blinking.elf not found
	at org.eclipse.cdt.dsf.gdb.launching.LaunchUtils.verifyProgramPath(LaunchUtils.java:130)
	at org.eclipse.cdt.dsf.gdb.launching.GdbLaunchDelegate.checkBinaryDetails(GdbLaunchDelegate.java:330)
	at org.eclipse.cdt.dsf.gdb.launching.GdbLaunchDelegate.launchDebugSession(GdbLaunchDelegate.java:152)
	at org.eclipse.cdt.dsf.gdb.launching.GdbLaunchDelegate.launchDebugger(GdbLaunchDelegate.java:109)
	at org.eclipse.cdt.dsf.gdb.launching.GdbLaunchDelegate.launch(GdbLaunchDelegate.java:97)
	at com.st.stm32cube.ide.mcu.debug.launch.DSFDelegate.launch(DSFDelegate.java:334)
	at org.eclipse.debug.internal.core.LaunchConfiguration.launch(LaunchConfiguration.java:805)
	at org.eclipse.debug.internal.core.LaunchConfiguration.launch(LaunchConfiguration.java:716)
	at org.eclipse.debug.internal.ui.DebugUIPlugin.buildAndLaunch(DebugUIPlugin.java:1040)
	at org.eclipse.debug.internal.ui.DebugUIPlugin$1.run(DebugUIPlugin.java:1243)
	at org.eclipse.core.internal.jobs.Worker.run(Worker.java:63)
!SESSION 2024-09-12 23:30:15.949 -----------------------------------------------
eclipse.buildId=Version 1.16.0
java.version=17.0.11
java.vendor=Eclipse Adoptium
BootLoader constants: OS=win32, ARCH=x86_64, WS=win32, NL=en_IN
Command-line arguments:  -os win32 -ws win32 -arch x86_64

!ENTRY com.st.stm32cube.ide.mcu.informationcenter 4 4 2024-09-12 23:30:25.194
!MESSAGE CubeMX plugin appears to be active, Log4j initialization might be too late.

!ENTRY com.st.stm32cube.ide.mcu.informationcenter 1 1 2024-09-12 23:30:25.203
!MESSAGE Log4j2 initialized with config file D:\stm321\.metadata\.log4j2.xml

!ENTRY com.st.stm32cube.ide.mcu.ide 1 1 2024-09-12 23:30:38.694
!MESSAGE Started RMI Server, listening on port 41337
!SESSION 2024-09-15 16:26:32.230 -----------------------------------------------
eclipse.buildId=Version 1.16.0
java.version=17.0.11
java.vendor=Eclipse Adoptium
BootLoader constants: OS=win32, ARCH=x86_64, WS=win32, NL=en_IN
Command-line arguments:  -os win32 -ws win32 -arch x86_64

!ENTRY org.eclipse.core.resources 2 10035 2024-09-15 16:26:35.975
!MESSAGE The workspace exited with unsaved changes in the previous session; refreshing workspace to recover changes.

!ENTRY com.st.stm32cube.ide.mcu.informationcenter 4 4 2024-09-15 16:26:39.278
!MESSAGE CubeMX plugin appears to be active, Log4j initialization might be too late.

!ENTRY com.st.stm32cube.ide.mcu.informationcenter 1 1 2024-09-15 16:26:39.279
!MESSAGE Log4j2 initialized with config file D:\stm321\.metadata\.log4j2.xml

!ENTRY com.st.stm32cube.ide.mcu.ide 1 1 2024-09-15 16:26:52.466
!MESSAGE Started RMI Server, listening on port 41337

!ENTRY org.eclipse.cdt.core 1 0 2024-09-15 16:28:19.235
!MESSAGE Indexed 'dht11 lcd' (26 sources, 88 headers) in 3.8 sec: 7,434 declarations; 35,441 references; 0 unresolved inclusions; 1 syntax errors; 2 unresolved names (0.0047%)

!ENTRY com.st.stm32cube.ide.mcu.debug.launch 2 0 2024-09-15 16:43:36.276
!MESSAGE Won't launch debug session since we failed to locate the binary.

!ENTRY com.st.stm32cube.ide.mcu.debug.launch 2 0 2024-09-15 16:44:39.247
!MESSAGE Won't launch debug session since we failed to locate the binary.

!ENTRY com.st.stm32cube.ide.mcu.debug.launch 2 0 2024-09-15 16:45:09.666
!MESSAGE Won't launch debug session since we failed to locate the binary.

!ENTRY com.st.stm32cube.ide.mcu.debug.launch 2 0 2024-09-15 16:46:53.744
!MESSAGE Won't launch debug session since we failed to locate the binary.

!ENTRY com.st.stm32cube.ide.mcu.debug.launch 2 0 2024-09-15 16:47:26.879
!MESSAGE Won't launch debug session since we failed to locate the binary.

!ENTRY com.st.stm32cube.ide.mcu.debug.launch 2 0 2024-09-15 16:48:05.144
!MESSAGE Won't launch debug session since we failed to locate the binary.

!ENTRY com.st.stm32cube.ide.mcu.debug.launch 2 0 2024-09-15 16:48:29.553
!MESSAGE Won't launch debug session since we failed to locate the binary.

!ENTRY com.st.stm32cube.ide.mcu.debug.launch 2 0 2024-09-15 16:48:46.945
!MESSAGE Won't launch debug session since we failed to locate the binary.

!ENTRY com.st.stm32cube.ide.mcu.debug.launch 2 0 2024-09-15 16:49:22.667
!MESSAGE Won't launch debug session since we failed to locate the binary.

!ENTRY com.st.stm32cube.ide.mcu.debug.launch 2 0 2024-09-15 16:49:41.253
!MESSAGE Won't launch debug session since we failed to locate the binary.

!ENTRY com.st.stm32cube.ide.mcu.debug.launch 2 0 2024-09-15 16:50:15.175
!MESSAGE Won't launch debug session since we failed to locate the binary.

!ENTRY com.st.stm32cube.ide.mcu.debug.launch 2 0 2024-09-15 16:51:34.972
!MESSAGE Won't launch debug session since we failed to locate the binary.

!ENTRY org.eclipse.cdt.core 1 0 2024-09-15 17:08:19.273
!MESSAGE Indexed 'lcd' (26 sources, 88 headers) in 1.31 sec: 7,434 declarations; 35,441 references; 0 unresolved inclusions; 1 syntax errors; 2 unresolved names (0.0047%)

!ENTRY org.eclipse.cdt.dsf.gdb 4 104 2024-09-15 18:52:42.589
!MESSAGE Program file does not exist
!STACK 0
java.io.FileNotFoundException: D:\stm321\lcd\Debug\lcd.elf not found
	at org.eclipse.cdt.dsf.gdb.launching.LaunchUtils.verifyProgramPath(LaunchUtils.java:130)
	at org.eclipse.cdt.dsf.gdb.launching.GdbLaunchDelegate.checkBinaryDetails(GdbLaunchDelegate.java:330)
	at org.eclipse.cdt.dsf.gdb.launching.GdbLaunchDelegate.launchDebugSession(GdbLaunchDelegate.java:152)
	at org.eclipse.cdt.dsf.gdb.launching.GdbLaunchDelegate.launchDebugger(GdbLaunchDelegate.java:109)
	at org.eclipse.cdt.dsf.gdb.launching.GdbLaunchDelegate.launch(GdbLaunchDelegate.java:97)
	at com.st.stm32cube.ide.mcu.debug.launch.DSFDelegate.launch(DSFDelegate.java:334)
	at org.eclipse.debug.internal.core.LaunchConfiguration.launch(LaunchConfiguration.java:805)
	at org.eclipse.debug.internal.core.LaunchConfiguration.launch(LaunchConfiguration.java:716)
	at org.eclipse.debug.internal.ui.DebugUIPlugin.buildAndLaunch(DebugUIPlugin.java:1040)
	at org.eclipse.debug.internal.ui.DebugUIPlugin$1.run(DebugUIPlugin.java:1243)
	at org.eclipse.core.internal.jobs.Worker.run(Worker.java:63)
!SUBENTRY 1 org.eclipse.cdt.dsf.gdb 4 104 2024-09-15 18:52:42.589
!MESSAGE D:\stm321\lcd\Debug\lcd.elf not found
!STACK 0
java.io.FileNotFoundException: D:\stm321\lcd\Debug\lcd.elf not found
	at org.eclipse.cdt.dsf.gdb.launching.LaunchUtils.verifyProgramPath(LaunchUtils.java:130)
	at org.eclipse.cdt.dsf.gdb.launching.GdbLaunchDelegate.checkBinaryDetails(GdbLaunchDelegate.java:330)
	at org.eclipse.cdt.dsf.gdb.launching.GdbLaunchDelegate.launchDebugSession(GdbLaunchDelegate.java:152)
	at org.eclipse.cdt.dsf.gdb.launching.GdbLaunchDelegate.launchDebugger(GdbLaunchDelegate.java:109)
	at org.eclipse.cdt.dsf.gdb.launching.GdbLaunchDelegate.launch(GdbLaunchDelegate.java:97)
	at com.st.stm32cube.ide.mcu.debug.launch.DSFDelegate.launch(DSFDelegate.java:334)
	at org.eclipse.debug.internal.core.LaunchConfiguration.launch(LaunchConfiguration.java:805)
	at org.eclipse.debug.internal.core.LaunchConfiguration.launch(LaunchConfiguration.java:716)
	at org.eclipse.debug.internal.ui.DebugUIPlugin.buildAndLaunch(DebugUIPlugin.java:1040)
	at org.eclipse.debug.internal.ui.DebugUIPlugin$1.run(DebugUIPlugin.java:1243)
	at org.eclipse.core.internal.jobs.Worker.run(Worker.java:63)

!ENTRY org.eclipse.cdt.dsf.gdb 4 104 2024-09-15 18:54:24.372
!MESSAGE Program file does not exist
!STACK 0
java.io.FileNotFoundException: D:\stm321\lcd\Debug\lcd.elf not found
	at org.eclipse.cdt.dsf.gdb.launching.LaunchUtils.verifyProgramPath(LaunchUtils.java:130)
	at org.eclipse.cdt.dsf.gdb.launching.GdbLaunchDelegate.checkBinaryDetails(GdbLaunchDelegate.java:330)
	at org.eclipse.cdt.dsf.gdb.launching.GdbLaunchDelegate.launchDebugSession(GdbLaunchDelegate.java:152)
	at org.eclipse.cdt.dsf.gdb.launching.GdbLaunchDelegate.launchDebugger(GdbLaunchDelegate.java:109)
	at org.eclipse.cdt.dsf.gdb.launching.GdbLaunchDelegate.launch(GdbLaunchDelegate.java:97)
	at com.st.stm32cube.ide.mcu.debug.launch.DSFDelegate.launch(DSFDelegate.java:334)
	at org.eclipse.debug.internal.core.LaunchConfiguration.launch(LaunchConfiguration.java:805)
	at org.eclipse.debug.internal.core.LaunchConfiguration.launch(LaunchConfiguration.java:716)
	at org.eclipse.debug.internal.ui.DebugUIPlugin.buildAndLaunch(DebugUIPlugin.java:1040)
	at org.eclipse.debug.internal.ui.DebugUIPlugin$1.run(DebugUIPlugin.java:1243)
	at org.eclipse.core.internal.jobs.Worker.run(Worker.java:63)
!SUBENTRY 1 org.eclipse.cdt.dsf.gdb 4 104 2024-09-15 18:54:24.372
!MESSAGE D:\stm321\lcd\Debug\lcd.elf not found
!STACK 0
java.io.FileNotFoundException: D:\stm321\lcd\Debug\lcd.elf not found
	at org.eclipse.cdt.dsf.gdb.launching.LaunchUtils.verifyProgramPath(LaunchUtils.java:130)
	at org.eclipse.cdt.dsf.gdb.launching.GdbLaunchDelegate.checkBinaryDetails(GdbLaunchDelegate.java:330)
	at org.eclipse.cdt.dsf.gdb.launching.GdbLaunchDelegate.launchDebugSession(GdbLaunchDelegate.java:152)
	at org.eclipse.cdt.dsf.gdb.launching.GdbLaunchDelegate.launchDebugger(GdbLaunchDelegate.java:109)
	at org.eclipse.cdt.dsf.gdb.launching.GdbLaunchDelegate.launch(GdbLaunchDelegate.java:97)
	at com.st.stm32cube.ide.mcu.debug.launch.DSFDelegate.launch(DSFDelegate.java:334)
	at org.eclipse.debug.internal.core.LaunchConfiguration.launch(LaunchConfiguration.java:805)
	at org.eclipse.debug.internal.core.LaunchConfiguration.launch(LaunchConfiguration.java:716)
	at org.eclipse.debug.internal.ui.DebugUIPlugin.buildAndLaunch(DebugUIPlugin.java:1040)
	at org.eclipse.debug.internal.ui.DebugUIPlugin$1.run(DebugUIPlugin.java:1243)
	at org.eclipse.core.internal.jobs.Worker.run(Worker.java:63)

!ENTRY org.eclipse.cdt.dsf.gdb 4 104 2024-09-15 19:18:51.384
!MESSAGE Program file does not exist
!STACK 0
java.io.FileNotFoundException: D:\stm321\lcd\Debug\lcd.elf not found
	at org.eclipse.cdt.dsf.gdb.launching.LaunchUtils.verifyProgramPath(LaunchUtils.java:130)
	at org.eclipse.cdt.dsf.gdb.launching.GdbLaunchDelegate.checkBinaryDetails(GdbLaunchDelegate.java:330)
	at org.eclipse.cdt.dsf.gdb.launching.GdbLaunchDelegate.launchDebugSession(GdbLaunchDelegate.java:152)
	at org.eclipse.cdt.dsf.gdb.launching.GdbLaunchDelegate.launchDebugger(GdbLaunchDelegate.java:109)
	at org.eclipse.cdt.dsf.gdb.launching.GdbLaunchDelegate.launch(GdbLaunchDelegate.java:97)
	at com.st.stm32cube.ide.mcu.debug.launch.DSFDelegate.launch(DSFDelegate.java:334)
	at org.eclipse.debug.internal.core.LaunchConfiguration.launch(LaunchConfiguration.java:805)
	at org.eclipse.debug.internal.core.LaunchConfiguration.launch(LaunchConfiguration.java:716)
	at org.eclipse.debug.internal.ui.DebugUIPlugin.buildAndLaunch(DebugUIPlugin.java:1040)
	at org.eclipse.debug.internal.ui.DebugUIPlugin$1.run(DebugUIPlugin.java:1243)
	at org.eclipse.core.internal.jobs.Worker.run(Worker.java:63)
!SUBENTRY 1 org.eclipse.cdt.dsf.gdb 4 104 2024-09-15 19:18:51.384
!MESSAGE D:\stm321\lcd\Debug\lcd.elf not found
!STACK 0
java.io.FileNotFoundException: D:\stm321\lcd\Debug\lcd.elf not found
	at org.eclipse.cdt.dsf.gdb.launching.LaunchUtils.verifyProgramPath(LaunchUtils.java:130)
	at org.eclipse.cdt.dsf.gdb.launching.GdbLaunchDelegate.checkBinaryDetails(GdbLaunchDelegate.java:330)
	at org.eclipse.cdt.dsf.gdb.launching.GdbLaunchDelegate.launchDebugSession(GdbLaunchDelegate.java:152)
	at org.eclipse.cdt.dsf.gdb.launching.GdbLaunchDelegate.launchDebugger(GdbLaunchDelegate.java:109)
	at org.eclipse.cdt.dsf.gdb.launching.GdbLaunchDelegate.launch(GdbLaunchDelegate.java:97)
	at com.st.stm32cube.ide.mcu.debug.launch.DSFDelegate.launch(DSFDelegate.java:334)
	at org.eclipse.debug.internal.core.LaunchConfiguration.launch(LaunchConfiguration.java:805)
	at org.eclipse.debug.internal.core.LaunchConfiguration.launch(LaunchConfiguration.java:716)
	at org.eclipse.debug.internal.ui.DebugUIPlugin.buildAndLaunch(DebugUIPlugin.java:1040)
	at org.eclipse.debug.internal.ui.DebugUIPlugin$1.run(DebugUIPlugin.java:1243)
	at org.eclipse.core.internal.jobs.Worker.run(Worker.java:63)

!ENTRY org.eclipse.cdt.dsf.gdb 4 104 2024-09-15 19:24:34.718
!MESSAGE Program file does not exist
!STACK 0
java.io.FileNotFoundException: D:\stm321\lcd\Debug\lcd.elf not found
	at org.eclipse.cdt.dsf.gdb.launching.LaunchUtils.verifyProgramPath(LaunchUtils.java:130)
	at org.eclipse.cdt.dsf.gdb.launching.GdbLaunchDelegate.checkBinaryDetails(GdbLaunchDelegate.java:330)
	at org.eclipse.cdt.dsf.gdb.launching.GdbLaunchDelegate.launchDebugSession(GdbLaunchDelegate.java:152)
	at org.eclipse.cdt.dsf.gdb.launching.GdbLaunchDelegate.launchDebugger(GdbLaunchDelegate.java:109)
	at org.eclipse.cdt.dsf.gdb.launching.GdbLaunchDelegate.launch(GdbLaunchDelegate.java:97)
	at com.st.stm32cube.ide.mcu.debug.launch.DSFDelegate.launch(DSFDelegate.java:334)
	at org.eclipse.debug.internal.core.LaunchConfiguration.launch(LaunchConfiguration.java:805)
	at org.eclipse.debug.internal.core.LaunchConfiguration.launch(LaunchConfiguration.java:716)
	at org.eclipse.debug.internal.ui.DebugUIPlugin.buildAndLaunch(DebugUIPlugin.java:1040)
	at org.eclipse.debug.internal.ui.DebugUIPlugin$1.run(DebugUIPlugin.java:1243)
	at org.eclipse.core.internal.jobs.Worker.run(Worker.java:63)
!SUBENTRY 1 org.eclipse.cdt.dsf.gdb 4 104 2024-09-15 19:24:34.718
!MESSAGE D:\stm321\lcd\Debug\lcd.elf not found
!STACK 0
java.io.FileNotFoundException: D:\stm321\lcd\Debug\lcd.elf not found
	at org.eclipse.cdt.dsf.gdb.launching.LaunchUtils.verifyProgramPath(LaunchUtils.java:130)
	at org.eclipse.cdt.dsf.gdb.launching.GdbLaunchDelegate.checkBinaryDetails(GdbLaunchDelegate.java:330)
	at org.eclipse.cdt.dsf.gdb.launching.GdbLaunchDelegate.launchDebugSession(GdbLaunchDelegate.java:152)
	at org.eclipse.cdt.dsf.gdb.launching.GdbLaunchDelegate.launchDebugger(GdbLaunchDelegate.java:109)
	at org.eclipse.cdt.dsf.gdb.launching.GdbLaunchDelegate.launch(GdbLaunchDelegate.java:97)
	at com.st.stm32cube.ide.mcu.debug.launch.DSFDelegate.launch(DSFDelegate.java:334)
	at org.eclipse.debug.internal.core.LaunchConfiguration.launch(LaunchConfiguration.java:805)
	at org.eclipse.debug.internal.core.LaunchConfiguration.launch(LaunchConfiguration.java:716)
	at org.eclipse.debug.internal.ui.DebugUIPlugin.buildAndLaunch(DebugUIPlugin.java:1040)
	at org.eclipse.debug.internal.ui.DebugUIPlugin$1.run(DebugUIPlugin.java:1243)
	at org.eclipse.core.internal.jobs.Worker.run(Worker.java:63)

!ENTRY org.eclipse.cdt.dsf.gdb 4 104 2024-09-15 19:57:05.727
!MESSAGE Program file does not exist
!STACK 0
java.io.FileNotFoundException: D:\stm321\lcd\Debug\lcd.elf not found
	at org.eclipse.cdt.dsf.gdb.launching.LaunchUtils.verifyProgramPath(LaunchUtils.java:130)
	at org.eclipse.cdt.dsf.gdb.launching.GdbLaunchDelegate.checkBinaryDetails(GdbLaunchDelegate.java:330)
	at org.eclipse.cdt.dsf.gdb.launching.GdbLaunchDelegate.launchDebugSession(GdbLaunchDelegate.java:152)
	at org.eclipse.cdt.dsf.gdb.launching.GdbLaunchDelegate.launchDebugger(GdbLaunchDelegate.java:109)
	at org.eclipse.cdt.dsf.gdb.launching.GdbLaunchDelegate.launch(GdbLaunchDelegate.java:97)
	at com.st.stm32cube.ide.mcu.debug.launch.DSFDelegate.launch(DSFDelegate.java:334)
	at org.eclipse.debug.internal.core.LaunchConfiguration.launch(LaunchConfiguration.java:805)
	at org.eclipse.debug.internal.core.LaunchConfiguration.launch(LaunchConfiguration.java:716)
	at org.eclipse.debug.internal.ui.DebugUIPlugin.buildAndLaunch(DebugUIPlugin.java:1040)
	at org.eclipse.debug.internal.ui.DebugUIPlugin$1.run(DebugUIPlugin.java:1243)
	at org.eclipse.core.internal.jobs.Worker.run(Worker.java:63)
!SUBENTRY 1 org.eclipse.cdt.dsf.gdb 4 104 2024-09-15 19:57:05.727
!MESSAGE D:\stm321\lcd\Debug\lcd.elf not found
!STACK 0
java.io.FileNotFoundException: D:\stm321\lcd\Debug\lcd.elf not found
	at org.eclipse.cdt.dsf.gdb.launching.LaunchUtils.verifyProgramPath(LaunchUtils.java:130)
	at org.eclipse.cdt.dsf.gdb.launching.GdbLaunchDelegate.checkBinaryDetails(GdbLaunchDelegate.java:330)
	at org.eclipse.cdt.dsf.gdb.launching.GdbLaunchDelegate.launchDebugSession(GdbLaunchDelegate.java:152)
	at org.eclipse.cdt.dsf.gdb.launching.GdbLaunchDelegate.launchDebugger(GdbLaunchDelegate.java:109)
	at org.eclipse.cdt.dsf.gdb.launching.GdbLaunchDelegate.launch(GdbLaunchDelegate.java:97)
	at com.st.stm32cube.ide.mcu.debug.launch.DSFDelegate.launch(DSFDelegate.java:334)
	at org.eclipse.debug.internal.core.LaunchConfiguration.launch(LaunchConfiguration.java:805)
	at org.eclipse.debug.internal.core.LaunchConfiguration.launch(LaunchConfiguration.java:716)
	at org.eclipse.debug.internal.ui.DebugUIPlugin.buildAndLaunch(DebugUIPlugin.java:1040)
	at org.eclipse.debug.internal.ui.DebugUIPlugin$1.run(DebugUIPlugin.java:1243)
	at org.eclipse.core.internal.jobs.Worker.run(Worker.java:63)

!ENTRY org.eclipse.cdt.dsf.gdb 4 104 2024-09-15 19:58:13.463
!MESSAGE Program file does not exist
!STACK 0
java.io.FileNotFoundException: D:\stm321\lcd\Debug\lcd.elf not found
	at org.eclipse.cdt.dsf.gdb.launching.LaunchUtils.verifyProgramPath(LaunchUtils.java:130)
	at org.eclipse.cdt.dsf.gdb.launching.GdbLaunchDelegate.checkBinaryDetails(GdbLaunchDelegate.java:330)
	at org.eclipse.cdt.dsf.gdb.launching.GdbLaunchDelegate.launchDebugSession(GdbLaunchDelegate.java:152)
	at org.eclipse.cdt.dsf.gdb.launching.GdbLaunchDelegate.launchDebugger(GdbLaunchDelegate.java:109)
	at org.eclipse.cdt.dsf.gdb.launching.GdbLaunchDelegate.launch(GdbLaunchDelegate.java:97)
	at com.st.stm32cube.ide.mcu.debug.launch.DSFDelegate.launch(DSFDelegate.java:334)
	at org.eclipse.debug.internal.core.LaunchConfiguration.launch(LaunchConfiguration.java:805)
	at org.eclipse.debug.internal.core.LaunchConfiguration.launch(LaunchConfiguration.java:716)
	at org.eclipse.debug.internal.ui.DebugUIPlugin.buildAndLaunch(DebugUIPlugin.java:1040)
	at org.eclipse.debug.internal.ui.DebugUIPlugin$1.run(DebugUIPlugin.java:1243)
	at org.eclipse.core.internal.jobs.Worker.run(Worker.java:63)
!SUBENTRY 1 org.eclipse.cdt.dsf.gdb 4 104 2024-09-15 19:58:13.463
!MESSAGE D:\stm321\lcd\Debug\lcd.elf not found
!STACK 0
java.io.FileNotFoundException: D:\stm321\lcd\Debug\lcd.elf not found
	at org.eclipse.cdt.dsf.gdb.launching.LaunchUtils.verifyProgramPath(LaunchUtils.java:130)
	at org.eclipse.cdt.dsf.gdb.launching.GdbLaunchDelegate.checkBinaryDetails(GdbLaunchDelegate.java:330)
	at org.eclipse.cdt.dsf.gdb.launching.GdbLaunchDelegate.launchDebugSession(GdbLaunchDelegate.java:152)
	at org.eclipse.cdt.dsf.gdb.launching.GdbLaunchDelegate.launchDebugger(GdbLaunchDelegate.java:109)
	at org.eclipse.cdt.dsf.gdb.launching.GdbLaunchDelegate.launch(GdbLaunchDelegate.java:97)
	at com.st.stm32cube.ide.mcu.debug.launch.DSFDelegate.launch(DSFDelegate.java:334)
	at org.eclipse.debug.internal.core.LaunchConfiguration.launch(LaunchConfiguration.java:805)
	at org.eclipse.debug.internal.core.LaunchConfiguration.launch(LaunchConfiguration.java:716)
	at org.eclipse.debug.internal.ui.DebugUIPlugin.buildAndLaunch(DebugUIPlugin.java:1040)
	at org.eclipse.debug.internal.ui.DebugUIPlugin$1.run(DebugUIPlugin.java:1243)
	at org.eclipse.core.internal.jobs.Worker.run(Worker.java:63)

!ENTRY org.eclipse.cdt.dsf.gdb 4 104 2024-09-15 19:59:13.681
!MESSAGE Program file does not exist
!STACK 0
java.io.FileNotFoundException: D:\stm321\lcd\Debug\lcd.elf not found
	at org.eclipse.cdt.dsf.gdb.launching.LaunchUtils.verifyProgramPath(LaunchUtils.java:130)
	at org.eclipse.cdt.dsf.gdb.launching.GdbLaunchDelegate.checkBinaryDetails(GdbLaunchDelegate.java:330)
	at org.eclipse.cdt.dsf.gdb.launching.GdbLaunchDelegate.launchDebugSession(GdbLaunchDelegate.java:152)
	at org.eclipse.cdt.dsf.gdb.launching.GdbLaunchDelegate.launchDebugger(GdbLaunchDelegate.java:109)
	at org.eclipse.cdt.dsf.gdb.launching.GdbLaunchDelegate.launch(GdbLaunchDelegate.java:97)
	at com.st.stm32cube.ide.mcu.debug.launch.DSFDelegate.launch(DSFDelegate.java:334)
	at org.eclipse.debug.internal.core.LaunchConfiguration.launch(LaunchConfiguration.java:805)
	at org.eclipse.debug.internal.core.LaunchConfiguration.launch(LaunchConfiguration.java:716)
	at org.eclipse.debug.internal.ui.DebugUIPlugin.buildAndLaunch(DebugUIPlugin.java:1040)
	at org.eclipse.debug.internal.ui.DebugUIPlugin$1.run(DebugUIPlugin.java:1243)
	at org.eclipse.core.internal.jobs.Worker.run(Worker.java:63)
!SUBENTRY 1 org.eclipse.cdt.dsf.gdb 4 104 2024-09-15 19:59:13.681
!MESSAGE D:\stm321\lcd\Debug\lcd.elf not found
!STACK 0
java.io.FileNotFoundException: D:\stm321\lcd\Debug\lcd.elf not found
	at org.eclipse.cdt.dsf.gdb.launching.LaunchUtils.verifyProgramPath(LaunchUtils.java:130)
	at org.eclipse.cdt.dsf.gdb.launching.GdbLaunchDelegate.checkBinaryDetails(GdbLaunchDelegate.java:330)
	at org.eclipse.cdt.dsf.gdb.launching.GdbLaunchDelegate.launchDebugSession(GdbLaunchDelegate.java:152)
	at org.eclipse.cdt.dsf.gdb.launching.GdbLaunchDelegate.launchDebugger(GdbLaunchDelegate.java:109)
	at org.eclipse.cdt.dsf.gdb.launching.GdbLaunchDelegate.launch(GdbLaunchDelegate.java:97)
	at com.st.stm32cube.ide.mcu.debug.launch.DSFDelegate.launch(DSFDelegate.java:334)
	at org.eclipse.debug.internal.core.LaunchConfiguration.launch(LaunchConfiguration.java:805)
	at org.eclipse.debug.internal.core.LaunchConfiguration.launch(LaunchConfiguration.java:716)
	at org.eclipse.debug.internal.ui.DebugUIPlugin.buildAndLaunch(DebugUIPlugin.java:1040)
	at org.eclipse.debug.internal.ui.DebugUIPlugin$1.run(DebugUIPlugin.java:1243)
	at org.eclipse.core.internal.jobs.Worker.run(Worker.java:63)

!ENTRY org.eclipse.cdt.dsf.gdb 4 104 2024-09-15 20:02:35.278
!MESSAGE Program file does not exist
!STACK 0
java.io.FileNotFoundException: D:\stm321\lcd\Debug\lcd.elf not found
	at org.eclipse.cdt.dsf.gdb.launching.LaunchUtils.verifyProgramPath(LaunchUtils.java:130)
	at org.eclipse.cdt.dsf.gdb.launching.GdbLaunchDelegate.checkBinaryDetails(GdbLaunchDelegate.java:330)
	at org.eclipse.cdt.dsf.gdb.launching.GdbLaunchDelegate.launchDebugSession(GdbLaunchDelegate.java:152)
	at org.eclipse.cdt.dsf.gdb.launching.GdbLaunchDelegate.launchDebugger(GdbLaunchDelegate.java:109)
	at org.eclipse.cdt.dsf.gdb.launching.GdbLaunchDelegate.launch(GdbLaunchDelegate.java:97)
	at com.st.stm32cube.ide.mcu.debug.launch.DSFDelegate.launch(DSFDelegate.java:334)
	at org.eclipse.debug.internal.core.LaunchConfiguration.launch(LaunchConfiguration.java:805)
	at org.eclipse.debug.internal.core.LaunchConfiguration.launch(LaunchConfiguration.java:716)
	at org.eclipse.debug.internal.ui.DebugUIPlugin.buildAndLaunch(DebugUIPlugin.java:1040)
	at org.eclipse.debug.internal.ui.DebugUIPlugin$1.run(DebugUIPlugin.java:1243)
	at org.eclipse.core.internal.jobs.Worker.run(Worker.java:63)
!SUBENTRY 1 org.eclipse.cdt.dsf.gdb 4 104 2024-09-15 20:02:35.278
!MESSAGE D:\stm321\lcd\Debug\lcd.elf not found
!STACK 0
java.io.FileNotFoundException: D:\stm321\lcd\Debug\lcd.elf not found
	at org.eclipse.cdt.dsf.gdb.launching.LaunchUtils.verifyProgramPath(LaunchUtils.java:130)
	at org.eclipse.cdt.dsf.gdb.launching.GdbLaunchDelegate.checkBinaryDetails(GdbLaunchDelegate.java:330)
	at org.eclipse.cdt.dsf.gdb.launching.GdbLaunchDelegate.launchDebugSession(GdbLaunchDelegate.java:152)
	at org.eclipse.cdt.dsf.gdb.launching.GdbLaunchDelegate.launchDebugger(GdbLaunchDelegate.java:109)
	at org.eclipse.cdt.dsf.gdb.launching.GdbLaunchDelegate.launch(GdbLaunchDelegate.java:97)
	at com.st.stm32cube.ide.mcu.debug.launch.DSFDelegate.launch(DSFDelegate.java:334)
	at org.eclipse.debug.internal.core.LaunchConfiguration.launch(LaunchConfiguration.java:805)
	at org.eclipse.debug.internal.core.LaunchConfiguration.launch(LaunchConfiguration.java:716)
	at org.eclipse.debug.internal.ui.DebugUIPlugin.buildAndLaunch(DebugUIPlugin.java:1040)
	at org.eclipse.debug.internal.ui.DebugUIPlugin$1.run(DebugUIPlugin.java:1243)
	at org.eclipse.core.internal.jobs.Worker.run(Worker.java:63)

!ENTRY org.eclipse.cdt.dsf.gdb 4 104 2024-09-15 20:03:09.904
!MESSAGE Program file does not exist
!STACK 0
java.io.FileNotFoundException: D:\stm321\lcd\Debug\lcd.elf not found
	at org.eclipse.cdt.dsf.gdb.launching.LaunchUtils.verifyProgramPath(LaunchUtils.java:130)
	at org.eclipse.cdt.dsf.gdb.launching.GdbLaunchDelegate.checkBinaryDetails(GdbLaunchDelegate.java:330)
	at org.eclipse.cdt.dsf.gdb.launching.GdbLaunchDelegate.launchDebugSession(GdbLaunchDelegate.java:152)
	at org.eclipse.cdt.dsf.gdb.launching.GdbLaunchDelegate.launchDebugger(GdbLaunchDelegate.java:109)
	at org.eclipse.cdt.dsf.gdb.launching.GdbLaunchDelegate.launch(GdbLaunchDelegate.java:97)
	at com.st.stm32cube.ide.mcu.debug.launch.DSFDelegate.launch(DSFDelegate.java:334)
	at org.eclipse.debug.internal.core.LaunchConfiguration.launch(LaunchConfiguration.java:805)
	at org.eclipse.debug.internal.core.LaunchConfiguration.launch(LaunchConfiguration.java:716)
	at org.eclipse.debug.internal.ui.DebugUIPlugin.buildAndLaunch(DebugUIPlugin.java:1040)
	at org.eclipse.debug.internal.ui.DebugUIPlugin$1.run(DebugUIPlugin.java:1243)
	at org.eclipse.core.internal.jobs.Worker.run(Worker.java:63)
!SUBENTRY 1 org.eclipse.cdt.dsf.gdb 4 104 2024-09-15 20:03:09.904
!MESSAGE D:\stm321\lcd\Debug\lcd.elf not found
!STACK 0
java.io.FileNotFoundException: D:\stm321\lcd\Debug\lcd.elf not found
	at org.eclipse.cdt.dsf.gdb.launching.LaunchUtils.verifyProgramPath(LaunchUtils.java:130)
	at org.eclipse.cdt.dsf.gdb.launching.GdbLaunchDelegate.checkBinaryDetails(GdbLaunchDelegate.java:330)
	at org.eclipse.cdt.dsf.gdb.launching.GdbLaunchDelegate.launchDebugSession(GdbLaunchDelegate.java:152)
	at org.eclipse.cdt.dsf.gdb.launching.GdbLaunchDelegate.launchDebugger(GdbLaunchDelegate.java:109)
	at org.eclipse.cdt.dsf.gdb.launching.GdbLaunchDelegate.launch(GdbLaunchDelegate.java:97)
	at com.st.stm32cube.ide.mcu.debug.launch.DSFDelegate.launch(DSFDelegate.java:334)
	at org.eclipse.debug.internal.core.LaunchConfiguration.launch(LaunchConfiguration.java:805)
	at org.eclipse.debug.internal.core.LaunchConfiguration.launch(LaunchConfiguration.java:716)
	at org.eclipse.debug.internal.ui.DebugUIPlugin.buildAndLaunch(DebugUIPlugin.java:1040)
	at org.eclipse.debug.internal.ui.DebugUIPlugin$1.run(DebugUIPlugin.java:1243)
	at org.eclipse.core.internal.jobs.Worker.run(Worker.java:63)

!ENTRY org.eclipse.cdt.dsf.gdb 4 104 2024-09-15 20:03:51.365
!MESSAGE Program file does not exist
!STACK 0
java.io.FileNotFoundException: D:\stm321\lcd\Debug\lcd.elf not found
	at org.eclipse.cdt.dsf.gdb.launching.LaunchUtils.verifyProgramPath(LaunchUtils.java:130)
	at org.eclipse.cdt.dsf.gdb.launching.GdbLaunchDelegate.checkBinaryDetails(GdbLaunchDelegate.java:330)
	at org.eclipse.cdt.dsf.gdb.launching.GdbLaunchDelegate.launchDebugSession(GdbLaunchDelegate.java:152)
	at org.eclipse.cdt.dsf.gdb.launching.GdbLaunchDelegate.launchDebugger(GdbLaunchDelegate.java:109)
	at org.eclipse.cdt.dsf.gdb.launching.GdbLaunchDelegate.launch(GdbLaunchDelegate.java:97)
	at com.st.stm32cube.ide.mcu.debug.launch.DSFDelegate.launch(DSFDelegate.java:334)
	at org.eclipse.debug.internal.core.LaunchConfiguration.launch(LaunchConfiguration.java:805)
	at org.eclipse.debug.internal.core.LaunchConfiguration.launch(LaunchConfiguration.java:716)
	at org.eclipse.debug.internal.ui.DebugUIPlugin.buildAndLaunch(DebugUIPlugin.java:1040)
	at org.eclipse.debug.internal.ui.DebugUIPlugin$1.run(DebugUIPlugin.java:1243)
	at org.eclipse.core.internal.jobs.Worker.run(Worker.java:63)
!SUBENTRY 1 org.eclipse.cdt.dsf.gdb 4 104 2024-09-15 20:03:51.365
!MESSAGE D:\stm321\lcd\Debug\lcd.elf not found
!STACK 0
java.io.FileNotFoundException: D:\stm321\lcd\Debug\lcd.elf not found
	at org.eclipse.cdt.dsf.gdb.launching.LaunchUtils.verifyProgramPath(LaunchUtils.java:130)
	at org.eclipse.cdt.dsf.gdb.launching.GdbLaunchDelegate.checkBinaryDetails(GdbLaunchDelegate.java:330)
	at org.eclipse.cdt.dsf.gdb.launching.GdbLaunchDelegate.launchDebugSession(GdbLaunchDelegate.java:152)
	at org.eclipse.cdt.dsf.gdb.launching.GdbLaunchDelegate.launchDebugger(GdbLaunchDelegate.java:109)
	at org.eclipse.cdt.dsf.gdb.launching.GdbLaunchDelegate.launch(GdbLaunchDelegate.java:97)
	at com.st.stm32cube.ide.mcu.debug.launch.DSFDelegate.launch(DSFDelegate.java:334)
	at org.eclipse.debug.internal.core.LaunchConfiguration.launch(LaunchConfiguration.java:805)
	at org.eclipse.debug.internal.core.LaunchConfiguration.launch(LaunchConfiguration.java:716)
	at org.eclipse.debug.internal.ui.DebugUIPlugin.buildAndLaunch(DebugUIPlugin.java:1040)
	at org.eclipse.debug.internal.ui.DebugUIPlugin$1.run(DebugUIPlugin.java:1243)
	at org.eclipse.core.internal.jobs.Worker.run(Worker.java:63)

!ENTRY org.eclipse.cdt.dsf.gdb 4 104 2024-09-15 20:04:44.277
!MESSAGE Program file does not exist
!STACK 0
java.io.FileNotFoundException: D:\stm321\lcd\Debug\lcd.elf not found
	at org.eclipse.cdt.dsf.gdb.launching.LaunchUtils.verifyProgramPath(LaunchUtils.java:130)
	at org.eclipse.cdt.dsf.gdb.launching.GdbLaunchDelegate.checkBinaryDetails(GdbLaunchDelegate.java:330)
	at org.eclipse.cdt.dsf.gdb.launching.GdbLaunchDelegate.launchDebugSession(GdbLaunchDelegate.java:152)
	at org.eclipse.cdt.dsf.gdb.launching.GdbLaunchDelegate.launchDebugger(GdbLaunchDelegate.java:109)
	at org.eclipse.cdt.dsf.gdb.launching.GdbLaunchDelegate.launch(GdbLaunchDelegate.java:97)
	at com.st.stm32cube.ide.mcu.debug.launch.DSFDelegate.launch(DSFDelegate.java:334)
	at org.eclipse.debug.internal.core.LaunchConfiguration.launch(LaunchConfiguration.java:805)
	at org.eclipse.debug.internal.core.LaunchConfiguration.launch(LaunchConfiguration.java:716)
	at org.eclipse.debug.internal.ui.DebugUIPlugin.buildAndLaunch(DebugUIPlugin.java:1040)
	at org.eclipse.debug.internal.ui.DebugUIPlugin$1.run(DebugUIPlugin.java:1243)
	at org.eclipse.core.internal.jobs.Worker.run(Worker.java:63)
!SUBENTRY 1 org.eclipse.cdt.dsf.gdb 4 104 2024-09-15 20:04:44.277
!MESSAGE D:\stm321\lcd\Debug\lcd.elf not found
!STACK 0
java.io.FileNotFoundException: D:\stm321\lcd\Debug\lcd.elf not found
	at org.eclipse.cdt.dsf.gdb.launching.LaunchUtils.verifyProgramPath(LaunchUtils.java:130)
	at org.eclipse.cdt.dsf.gdb.launching.GdbLaunchDelegate.checkBinaryDetails(GdbLaunchDelegate.java:330)
	at org.eclipse.cdt.dsf.gdb.launching.GdbLaunchDelegate.launchDebugSession(GdbLaunchDelegate.java:152)
	at org.eclipse.cdt.dsf.gdb.launching.GdbLaunchDelegate.launchDebugger(GdbLaunchDelegate.java:109)
	at org.eclipse.cdt.dsf.gdb.launching.GdbLaunchDelegate.launch(GdbLaunchDelegate.java:97)
	at com.st.stm32cube.ide.mcu.debug.launch.DSFDelegate.launch(DSFDelegate.java:334)
	at org.eclipse.debug.internal.core.LaunchConfiguration.launch(LaunchConfiguration.java:805)
	at org.eclipse.debug.internal.core.LaunchConfiguration.launch(LaunchConfiguration.java:716)
	at org.eclipse.debug.internal.ui.DebugUIPlugin.buildAndLaunch(DebugUIPlugin.java:1040)
	at org.eclipse.debug.internal.ui.DebugUIPlugin$1.run(DebugUIPlugin.java:1243)
	at org.eclipse.core.internal.jobs.Worker.run(Worker.java:63)

!ENTRY org.eclipse.cdt.dsf.gdb 4 104 2024-09-15 20:05:02.530
!MESSAGE Program file does not exist
!STACK 0
java.io.FileNotFoundException: D:\stm321\lcd\Debug\lcd.elf not found
	at org.eclipse.cdt.dsf.gdb.launching.LaunchUtils.verifyProgramPath(LaunchUtils.java:130)
	at org.eclipse.cdt.dsf.gdb.launching.GdbLaunchDelegate.checkBinaryDetails(GdbLaunchDelegate.java:330)
	at org.eclipse.cdt.dsf.gdb.launching.GdbLaunchDelegate.launchDebugSession(GdbLaunchDelegate.java:152)
	at org.eclipse.cdt.dsf.gdb.launching.GdbLaunchDelegate.launchDebugger(GdbLaunchDelegate.java:109)
	at org.eclipse.cdt.dsf.gdb.launching.GdbLaunchDelegate.launch(GdbLaunchDelegate.java:97)
	at com.st.stm32cube.ide.mcu.debug.launch.DSFDelegate.launch(DSFDelegate.java:334)
	at org.eclipse.debug.internal.core.LaunchConfiguration.launch(LaunchConfiguration.java:805)
	at org.eclipse.debug.internal.core.LaunchConfiguration.launch(LaunchConfiguration.java:716)
	at org.eclipse.debug.internal.ui.DebugUIPlugin.buildAndLaunch(DebugUIPlugin.java:1040)
	at org.eclipse.debug.internal.ui.DebugUIPlugin$1.run(DebugUIPlugin.java:1243)
	at org.eclipse.core.internal.jobs.Worker.run(Worker.java:63)
!SUBENTRY 1 org.eclipse.cdt.dsf.gdb 4 104 2024-09-15 20:05:02.530
!MESSAGE D:\stm321\lcd\Debug\lcd.elf not found
!STACK 0
java.io.FileNotFoundException: D:\stm321\lcd\Debug\lcd.elf not found
	at org.eclipse.cdt.dsf.gdb.launching.LaunchUtils.verifyProgramPath(LaunchUtils.java:130)
	at org.eclipse.cdt.dsf.gdb.launching.GdbLaunchDelegate.checkBinaryDetails(GdbLaunchDelegate.java:330)
	at org.eclipse.cdt.dsf.gdb.launching.GdbLaunchDelegate.launchDebugSession(GdbLaunchDelegate.java:152)
	at org.eclipse.cdt.dsf.gdb.launching.GdbLaunchDelegate.launchDebugger(GdbLaunchDelegate.java:109)
	at org.eclipse.cdt.dsf.gdb.launching.GdbLaunchDelegate.launch(GdbLaunchDelegate.java:97)
	at com.st.stm32cube.ide.mcu.debug.launch.DSFDelegate.launch(DSFDelegate.java:334)
	at org.eclipse.debug.internal.core.LaunchConfiguration.launch(LaunchConfiguration.java:805)
	at org.eclipse.debug.internal.core.LaunchConfiguration.launch(LaunchConfiguration.java:716)
	at org.eclipse.debug.internal.ui.DebugUIPlugin.buildAndLaunch(DebugUIPlugin.java:1040)
	at org.eclipse.debug.internal.ui.DebugUIPlugin$1.run(DebugUIPlugin.java:1243)
	at org.eclipse.core.internal.jobs.Worker.run(Worker.java:63)

!ENTRY org.eclipse.cdt.dsf.gdb 4 104 2024-09-15 20:06:07.203
!MESSAGE Program file does not exist
!STACK 0
java.io.FileNotFoundException: D:\stm321\lcd\Debug\lcd.elf not found
	at org.eclipse.cdt.dsf.gdb.launching.LaunchUtils.verifyProgramPath(LaunchUtils.java:130)
	at org.eclipse.cdt.dsf.gdb.launching.GdbLaunchDelegate.checkBinaryDetails(GdbLaunchDelegate.java:330)
	at org.eclipse.cdt.dsf.gdb.launching.GdbLaunchDelegate.launchDebugSession(GdbLaunchDelegate.java:152)
	at org.eclipse.cdt.dsf.gdb.launching.GdbLaunchDelegate.launchDebugger(GdbLaunchDelegate.java:109)
	at org.eclipse.cdt.dsf.gdb.launching.GdbLaunchDelegate.launch(GdbLaunchDelegate.java:97)
	at com.st.stm32cube.ide.mcu.debug.launch.DSFDelegate.launch(DSFDelegate.java:334)
	at org.eclipse.debug.internal.core.LaunchConfiguration.launch(LaunchConfiguration.java:805)
	at org.eclipse.debug.internal.core.LaunchConfiguration.launch(LaunchConfiguration.java:716)
	at org.eclipse.debug.internal.ui.DebugUIPlugin.buildAndLaunch(DebugUIPlugin.java:1040)
	at org.eclipse.debug.internal.ui.DebugUIPlugin$1.run(DebugUIPlugin.java:1243)
	at org.eclipse.core.internal.jobs.Worker.run(Worker.java:63)
!SUBENTRY 1 org.eclipse.cdt.dsf.gdb 4 104 2024-09-15 20:06:07.203
!MESSAGE D:\stm321\lcd\Debug\lcd.elf not found
!STACK 0
java.io.FileNotFoundException: D:\stm321\lcd\Debug\lcd.elf not found
	at org.eclipse.cdt.dsf.gdb.launching.LaunchUtils.verifyProgramPath(LaunchUtils.java:130)
	at org.eclipse.cdt.dsf.gdb.launching.GdbLaunchDelegate.checkBinaryDetails(GdbLaunchDelegate.java:330)
	at org.eclipse.cdt.dsf.gdb.launching.GdbLaunchDelegate.launchDebugSession(GdbLaunchDelegate.java:152)
	at org.eclipse.cdt.dsf.gdb.launching.GdbLaunchDelegate.launchDebugger(GdbLaunchDelegate.java:109)
	at org.eclipse.cdt.dsf.gdb.launching.GdbLaunchDelegate.launch(GdbLaunchDelegate.java:97)
	at com.st.stm32cube.ide.mcu.debug.launch.DSFDelegate.launch(DSFDelegate.java:334)
	at org.eclipse.debug.internal.core.LaunchConfiguration.launch(LaunchConfiguration.java:805)
	at org.eclipse.debug.internal.core.LaunchConfiguration.launch(LaunchConfiguration.java:716)
	at org.eclipse.debug.internal.ui.DebugUIPlugin.buildAndLaunch(DebugUIPlugin.java:1040)
	at org.eclipse.debug.internal.ui.DebugUIPlugin$1.run(DebugUIPlugin.java:1243)
	at org.eclipse.core.internal.jobs.Worker.run(Worker.java:63)

!ENTRY org.eclipse.cdt.dsf.gdb 4 104 2024-09-15 20:10:57.814
!MESSAGE Program file does not exist
!STACK 0
java.io.FileNotFoundException: D:\stm321\lcd\Debug\lcd.elf not found
	at org.eclipse.cdt.dsf.gdb.launching.LaunchUtils.verifyProgramPath(LaunchUtils.java:130)
	at org.eclipse.cdt.dsf.gdb.launching.GdbLaunchDelegate.checkBinaryDetails(GdbLaunchDelegate.java:330)
	at org.eclipse.cdt.dsf.gdb.launching.GdbLaunchDelegate.launchDebugSession(GdbLaunchDelegate.java:152)
	at org.eclipse.cdt.dsf.gdb.launching.GdbLaunchDelegate.launchDebugger(GdbLaunchDelegate.java:109)
	at org.eclipse.cdt.dsf.gdb.launching.GdbLaunchDelegate.launch(GdbLaunchDelegate.java:97)
	at com.st.stm32cube.ide.mcu.debug.launch.DSFDelegate.launch(DSFDelegate.java:334)
	at org.eclipse.debug.internal.core.LaunchConfiguration.launch(LaunchConfiguration.java:805)
	at org.eclipse.debug.internal.core.LaunchConfiguration.launch(LaunchConfiguration.java:716)
	at org.eclipse.debug.internal.ui.DebugUIPlugin.buildAndLaunch(DebugUIPlugin.java:1040)
	at org.eclipse.debug.internal.ui.DebugUIPlugin$1.run(DebugUIPlugin.java:1243)
	at org.eclipse.core.internal.jobs.Worker.run(Worker.java:63)
!SUBENTRY 1 org.eclipse.cdt.dsf.gdb 4 104 2024-09-15 20:10:57.815
!MESSAGE D:\stm321\lcd\Debug\lcd.elf not found
!STACK 0
java.io.FileNotFoundException: D:\stm321\lcd\Debug\lcd.elf not found
	at org.eclipse.cdt.dsf.gdb.launching.LaunchUtils.verifyProgramPath(LaunchUtils.java:130)
	at org.eclipse.cdt.dsf.gdb.launching.GdbLaunchDelegate.checkBinaryDetails(GdbLaunchDelegate.java:330)
	at org.eclipse.cdt.dsf.gdb.launching.GdbLaunchDelegate.launchDebugSession(GdbLaunchDelegate.java:152)
	at org.eclipse.cdt.dsf.gdb.launching.GdbLaunchDelegate.launchDebugger(GdbLaunchDelegate.java:109)
	at org.eclipse.cdt.dsf.gdb.launching.GdbLaunchDelegate.launch(GdbLaunchDelegate.java:97)
	at com.st.stm32cube.ide.mcu.debug.launch.DSFDelegate.launch(DSFDelegate.java:334)
	at org.eclipse.debug.internal.core.LaunchConfiguration.launch(LaunchConfiguration.java:805)
	at org.eclipse.debug.internal.core.LaunchConfiguration.launch(LaunchConfiguration.java:716)
	at org.eclipse.debug.internal.ui.DebugUIPlugin.buildAndLaunch(DebugUIPlugin.java:1040)
	at org.eclipse.debug.internal.ui.DebugUIPlugin$1.run(DebugUIPlugin.java:1243)
	at org.eclipse.core.internal.jobs.Worker.run(Worker.java:63)

!ENTRY org.eclipse.cdt.dsf.gdb 4 104 2024-09-15 20:13:05.235
!MESSAGE Program file does not exist
!STACK 0
java.io.FileNotFoundException: D:\stm321\lcd\Debug\lcd.elf not found
	at org.eclipse.cdt.dsf.gdb.launching.LaunchUtils.verifyProgramPath(LaunchUtils.java:130)
	at org.eclipse.cdt.dsf.gdb.launching.GdbLaunchDelegate.checkBinaryDetails(GdbLaunchDelegate.java:330)
	at org.eclipse.cdt.dsf.gdb.launching.GdbLaunchDelegate.launchDebugSession(GdbLaunchDelegate.java:152)
	at org.eclipse.cdt.dsf.gdb.launching.GdbLaunchDelegate.launchDebugger(GdbLaunchDelegate.java:109)
	at org.eclipse.cdt.dsf.gdb.launching.GdbLaunchDelegate.launch(GdbLaunchDelegate.java:97)
	at com.st.stm32cube.ide.mcu.debug.launch.DSFDelegate.launch(DSFDelegate.java:334)
	at org.eclipse.debug.internal.core.LaunchConfiguration.launch(LaunchConfiguration.java:805)
	at org.eclipse.debug.internal.core.LaunchConfiguration.launch(LaunchConfiguration.java:716)
	at org.eclipse.debug.internal.ui.DebugUIPlugin.buildAndLaunch(DebugUIPlugin.java:1040)
	at org.eclipse.debug.internal.ui.DebugUIPlugin$1.run(DebugUIPlugin.java:1243)
	at org.eclipse.core.internal.jobs.Worker.run(Worker.java:63)
!SUBENTRY 1 org.eclipse.cdt.dsf.gdb 4 104 2024-09-15 20:13:05.235
!MESSAGE D:\stm321\lcd\Debug\lcd.elf not found
!STACK 0
java.io.FileNotFoundException: D:\stm321\lcd\Debug\lcd.elf not found
	at org.eclipse.cdt.dsf.gdb.launching.LaunchUtils.verifyProgramPath(LaunchUtils.java:130)
	at org.eclipse.cdt.dsf.gdb.launching.GdbLaunchDelegate.checkBinaryDetails(GdbLaunchDelegate.java:330)
	at org.eclipse.cdt.dsf.gdb.launching.GdbLaunchDelegate.launchDebugSession(GdbLaunchDelegate.java:152)
	at org.eclipse.cdt.dsf.gdb.launching.GdbLaunchDelegate.launchDebugger(GdbLaunchDelegate.java:109)
	at org.eclipse.cdt.dsf.gdb.launching.GdbLaunchDelegate.launch(GdbLaunchDelegate.java:97)
	at com.st.stm32cube.ide.mcu.debug.launch.DSFDelegate.launch(DSFDelegate.java:334)
	at org.eclipse.debug.internal.core.LaunchConfiguration.launch(LaunchConfiguration.java:805)
	at org.eclipse.debug.internal.core.LaunchConfiguration.launch(LaunchConfiguration.java:716)
	at org.eclipse.debug.internal.ui.DebugUIPlugin.buildAndLaunch(DebugUIPlugin.java:1040)
	at org.eclipse.debug.internal.ui.DebugUIPlugin$1.run(DebugUIPlugin.java:1243)
	at org.eclipse.core.internal.jobs.Worker.run(Worker.java:63)

!ENTRY org.eclipse.cdt.dsf.gdb 4 104 2024-09-15 20:20:06.129
!MESSAGE Program file does not exist
!STACK 0
java.io.FileNotFoundException: D:\stm321\lcd\Debug\lcd.elf not found
	at org.eclipse.cdt.dsf.gdb.launching.LaunchUtils.verifyProgramPath(LaunchUtils.java:130)
	at org.eclipse.cdt.dsf.gdb.launching.GdbLaunchDelegate.checkBinaryDetails(GdbLaunchDelegate.java:330)
	at org.eclipse.cdt.dsf.gdb.launching.GdbLaunchDelegate.launchDebugSession(GdbLaunchDelegate.java:152)
	at org.eclipse.cdt.dsf.gdb.launching.GdbLaunchDelegate.launchDebugger(GdbLaunchDelegate.java:109)
	at org.eclipse.cdt.dsf.gdb.launching.GdbLaunchDelegate.launch(GdbLaunchDelegate.java:97)
	at com.st.stm32cube.ide.mcu.debug.launch.DSFDelegate.launch(DSFDelegate.java:334)
	at org.eclipse.debug.internal.core.LaunchConfiguration.launch(LaunchConfiguration.java:805)
	at org.eclipse.debug.internal.core.LaunchConfiguration.launch(LaunchConfiguration.java:716)
	at org.eclipse.debug.internal.ui.DebugUIPlugin.buildAndLaunch(DebugUIPlugin.java:1040)
	at org.eclipse.debug.internal.ui.DebugUIPlugin$1.run(DebugUIPlugin.java:1243)
	at org.eclipse.core.internal.jobs.Worker.run(Worker.java:63)
!SUBENTRY 1 org.eclipse.cdt.dsf.gdb 4 104 2024-09-15 20:20:06.130
!MESSAGE D:\stm321\lcd\Debug\lcd.elf not found
!STACK 0
java.io.FileNotFoundException: D:\stm321\lcd\Debug\lcd.elf not found
	at org.eclipse.cdt.dsf.gdb.launching.LaunchUtils.verifyProgramPath(LaunchUtils.java:130)
	at org.eclipse.cdt.dsf.gdb.launching.GdbLaunchDelegate.checkBinaryDetails(GdbLaunchDelegate.java:330)
	at org.eclipse.cdt.dsf.gdb.launching.GdbLaunchDelegate.launchDebugSession(GdbLaunchDelegate.java:152)
	at org.eclipse.cdt.dsf.gdb.launching.GdbLaunchDelegate.launchDebugger(GdbLaunchDelegate.java:109)
	at org.eclipse.cdt.dsf.gdb.launching.GdbLaunchDelegate.launch(GdbLaunchDelegate.java:97)
	at com.st.stm32cube.ide.mcu.debug.launch.DSFDelegate.launch(DSFDelegate.java:334)
	at org.eclipse.debug.internal.core.LaunchConfiguration.launch(LaunchConfiguration.java:805)
	at org.eclipse.debug.internal.core.LaunchConfiguration.launch(LaunchConfiguration.java:716)
	at org.eclipse.debug.internal.ui.DebugUIPlugin.buildAndLaunch(DebugUIPlugin.java:1040)
	at org.eclipse.debug.internal.ui.DebugUIPlugin$1.run(DebugUIPlugin.java:1243)
	at org.eclipse.core.internal.jobs.Worker.run(Worker.java:63)

!ENTRY org.eclipse.cdt.dsf.gdb 4 104 2024-09-15 20:23:44.863
!MESSAGE Program file does not exist
!STACK 0
java.io.FileNotFoundException: D:\stm321\lcd\Debug\lcd.elf not found
	at org.eclipse.cdt.dsf.gdb.launching.LaunchUtils.verifyProgramPath(LaunchUtils.java:130)
	at org.eclipse.cdt.dsf.gdb.launching.GdbLaunchDelegate.checkBinaryDetails(GdbLaunchDelegate.java:330)
	at org.eclipse.cdt.dsf.gdb.launching.GdbLaunchDelegate.launchDebugSession(GdbLaunchDelegate.java:152)
	at org.eclipse.cdt.dsf.gdb.launching.GdbLaunchDelegate.launchDebugger(GdbLaunchDelegate.java:109)
	at org.eclipse.cdt.dsf.gdb.launching.GdbLaunchDelegate.launch(GdbLaunchDelegate.java:97)
	at com.st.stm32cube.ide.mcu.debug.launch.DSFDelegate.launch(DSFDelegate.java:334)
	at org.eclipse.debug.internal.core.LaunchConfiguration.launch(LaunchConfiguration.java:805)
	at org.eclipse.debug.internal.core.LaunchConfiguration.launch(LaunchConfiguration.java:716)
	at org.eclipse.debug.internal.ui.DebugUIPlugin.buildAndLaunch(DebugUIPlugin.java:1040)
	at org.eclipse.debug.internal.ui.DebugUIPlugin$1.run(DebugUIPlugin.java:1243)
	at org.eclipse.core.internal.jobs.Worker.run(Worker.java:63)
!SUBENTRY 1 org.eclipse.cdt.dsf.gdb 4 104 2024-09-15 20:23:44.863
!MESSAGE D:\stm321\lcd\Debug\lcd.elf not found
!STACK 0
java.io.FileNotFoundException: D:\stm321\lcd\Debug\lcd.elf not found
	at org.eclipse.cdt.dsf.gdb.launching.LaunchUtils.verifyProgramPath(LaunchUtils.java:130)
	at org.eclipse.cdt.dsf.gdb.launching.GdbLaunchDelegate.checkBinaryDetails(GdbLaunchDelegate.java:330)
	at org.eclipse.cdt.dsf.gdb.launching.GdbLaunchDelegate.launchDebugSession(GdbLaunchDelegate.java:152)
	at org.eclipse.cdt.dsf.gdb.launching.GdbLaunchDelegate.launchDebugger(GdbLaunchDelegate.java:109)
	at org.eclipse.cdt.dsf.gdb.launching.GdbLaunchDelegate.launch(GdbLaunchDelegate.java:97)
	at com.st.stm32cube.ide.mcu.debug.launch.DSFDelegate.launch(DSFDelegate.java:334)
	at org.eclipse.debug.internal.core.LaunchConfiguration.launch(LaunchConfiguration.java:805)
	at org.eclipse.debug.internal.core.LaunchConfiguration.launch(LaunchConfiguration.java:716)
	at org.eclipse.debug.internal.ui.DebugUIPlugin.buildAndLaunch(DebugUIPlugin.java:1040)
	at org.eclipse.debug.internal.ui.DebugUIPlugin$1.run(DebugUIPlugin.java:1243)
	at org.eclipse.core.internal.jobs.Worker.run(Worker.java:63)

!ENTRY org.eclipse.cdt.dsf.gdb 4 104 2024-09-15 20:26:32.526
!MESSAGE Program file does not exist
!STACK 0
java.io.FileNotFoundException: D:\stm321\lcd\Debug\lcd.elf not found
	at org.eclipse.cdt.dsf.gdb.launching.LaunchUtils.verifyProgramPath(LaunchUtils.java:130)
	at org.eclipse.cdt.dsf.gdb.launching.GdbLaunchDelegate.checkBinaryDetails(GdbLaunchDelegate.java:330)
	at org.eclipse.cdt.dsf.gdb.launching.GdbLaunchDelegate.launchDebugSession(GdbLaunchDelegate.java:152)
	at org.eclipse.cdt.dsf.gdb.launching.GdbLaunchDelegate.launchDebugger(GdbLaunchDelegate.java:109)
	at org.eclipse.cdt.dsf.gdb.launching.GdbLaunchDelegate.launch(GdbLaunchDelegate.java:97)
	at com.st.stm32cube.ide.mcu.debug.launch.DSFDelegate.launch(DSFDelegate.java:334)
	at org.eclipse.debug.internal.core.LaunchConfiguration.launch(LaunchConfiguration.java:805)
	at org.eclipse.debug.internal.core.LaunchConfiguration.launch(LaunchConfiguration.java:716)
	at org.eclipse.debug.internal.ui.DebugUIPlugin.buildAndLaunch(DebugUIPlugin.java:1040)
	at org.eclipse.debug.internal.ui.DebugUIPlugin$1.run(DebugUIPlugin.java:1243)
	at org.eclipse.core.internal.jobs.Worker.run(Worker.java:63)
!SUBENTRY 1 org.eclipse.cdt.dsf.gdb 4 104 2024-09-15 20:26:32.526
!MESSAGE D:\stm321\lcd\Debug\lcd.elf not found
!STACK 0
java.io.FileNotFoundException: D:\stm321\lcd\Debug\lcd.elf not found
	at org.eclipse.cdt.dsf.gdb.launching.LaunchUtils.verifyProgramPath(LaunchUtils.java:130)
	at org.eclipse.cdt.dsf.gdb.launching.GdbLaunchDelegate.checkBinaryDetails(GdbLaunchDelegate.java:330)
	at org.eclipse.cdt.dsf.gdb.launching.GdbLaunchDelegate.launchDebugSession(GdbLaunchDelegate.java:152)
	at org.eclipse.cdt.dsf.gdb.launching.GdbLaunchDelegate.launchDebugger(GdbLaunchDelegate.java:109)
	at org.eclipse.cdt.dsf.gdb.launching.GdbLaunchDelegate.launch(GdbLaunchDelegate.java:97)
	at com.st.stm32cube.ide.mcu.debug.launch.DSFDelegate.launch(DSFDelegate.java:334)
	at org.eclipse.debug.internal.core.LaunchConfiguration.launch(LaunchConfiguration.java:805)
	at org.eclipse.debug.internal.core.LaunchConfiguration.launch(LaunchConfiguration.java:716)
	at org.eclipse.debug.internal.ui.DebugUIPlugin.buildAndLaunch(DebugUIPlugin.java:1040)
	at org.eclipse.debug.internal.ui.DebugUIPlugin$1.run(DebugUIPlugin.java:1243)
	at org.eclipse.core.internal.jobs.Worker.run(Worker.java:63)

!ENTRY org.eclipse.cdt.dsf.gdb 4 104 2024-09-15 20:30:06.213
!MESSAGE Program file does not exist
!STACK 0
java.io.FileNotFoundException: D:\stm321\lcd\Debug\lcd.elf not found
	at org.eclipse.cdt.dsf.gdb.launching.LaunchUtils.verifyProgramPath(LaunchUtils.java:130)
	at org.eclipse.cdt.dsf.gdb.launching.GdbLaunchDelegate.checkBinaryDetails(GdbLaunchDelegate.java:330)
	at org.eclipse.cdt.dsf.gdb.launching.GdbLaunchDelegate.launchDebugSession(GdbLaunchDelegate.java:152)
	at org.eclipse.cdt.dsf.gdb.launching.GdbLaunchDelegate.launchDebugger(GdbLaunchDelegate.java:109)
	at org.eclipse.cdt.dsf.gdb.launching.GdbLaunchDelegate.launch(GdbLaunchDelegate.java:97)
	at com.st.stm32cube.ide.mcu.debug.launch.DSFDelegate.launch(DSFDelegate.java:334)
	at org.eclipse.debug.internal.core.LaunchConfiguration.launch(LaunchConfiguration.java:805)
	at org.eclipse.debug.internal.core.LaunchConfiguration.launch(LaunchConfiguration.java:716)
	at org.eclipse.debug.internal.ui.DebugUIPlugin.buildAndLaunch(DebugUIPlugin.java:1040)
	at org.eclipse.debug.internal.ui.DebugUIPlugin$1.run(DebugUIPlugin.java:1243)
	at org.eclipse.core.internal.jobs.Worker.run(Worker.java:63)
!SUBENTRY 1 org.eclipse.cdt.dsf.gdb 4 104 2024-09-15 20:30:06.213
!MESSAGE D:\stm321\lcd\Debug\lcd.elf not found
!STACK 0
java.io.FileNotFoundException: D:\stm321\lcd\Debug\lcd.elf not found
	at org.eclipse.cdt.dsf.gdb.launching.LaunchUtils.verifyProgramPath(LaunchUtils.java:130)
	at org.eclipse.cdt.dsf.gdb.launching.GdbLaunchDelegate.checkBinaryDetails(GdbLaunchDelegate.java:330)
	at org.eclipse.cdt.dsf.gdb.launching.GdbLaunchDelegate.launchDebugSession(GdbLaunchDelegate.java:152)
	at org.eclipse.cdt.dsf.gdb.launching.GdbLaunchDelegate.launchDebugger(GdbLaunchDelegate.java:109)
	at org.eclipse.cdt.dsf.gdb.launching.GdbLaunchDelegate.launch(GdbLaunchDelegate.java:97)
	at com.st.stm32cube.ide.mcu.debug.launch.DSFDelegate.launch(DSFDelegate.java:334)
	at org.eclipse.debug.internal.core.LaunchConfiguration.launch(LaunchConfiguration.java:805)
	at org.eclipse.debug.internal.core.LaunchConfiguration.launch(LaunchConfiguration.java:716)
	at org.eclipse.debug.internal.ui.DebugUIPlugin.buildAndLaunch(DebugUIPlugin.java:1040)
	at org.eclipse.debug.internal.ui.DebugUIPlugin$1.run(DebugUIPlugin.java:1243)
	at org.eclipse.core.internal.jobs.Worker.run(Worker.java:63)

!ENTRY org.eclipse.cdt.dsf.gdb 4 104 2024-09-15 20:30:36.543
!MESSAGE Program file does not exist
!STACK 0
java.io.FileNotFoundException: D:\stm321\lcd\Debug\lcd.elf not found
	at org.eclipse.cdt.dsf.gdb.launching.LaunchUtils.verifyProgramPath(LaunchUtils.java:130)
	at org.eclipse.cdt.dsf.gdb.launching.GdbLaunchDelegate.checkBinaryDetails(GdbLaunchDelegate.java:330)
	at org.eclipse.cdt.dsf.gdb.launching.GdbLaunchDelegate.launchDebugSession(GdbLaunchDelegate.java:152)
	at org.eclipse.cdt.dsf.gdb.launching.GdbLaunchDelegate.launchDebugger(GdbLaunchDelegate.java:109)
	at org.eclipse.cdt.dsf.gdb.launching.GdbLaunchDelegate.launch(GdbLaunchDelegate.java:97)
	at com.st.stm32cube.ide.mcu.debug.launch.DSFDelegate.launch(DSFDelegate.java:334)
	at org.eclipse.debug.internal.core.LaunchConfiguration.launch(LaunchConfiguration.java:805)
	at org.eclipse.debug.internal.core.LaunchConfiguration.launch(LaunchConfiguration.java:716)
	at org.eclipse.debug.internal.ui.DebugUIPlugin.buildAndLaunch(DebugUIPlugin.java:1040)
	at org.eclipse.debug.internal.ui.DebugUIPlugin$1.run(DebugUIPlugin.java:1243)
	at org.eclipse.core.internal.jobs.Worker.run(Worker.java:63)
!SUBENTRY 1 org.eclipse.cdt.dsf.gdb 4 104 2024-09-15 20:30:36.543
!MESSAGE D:\stm321\lcd\Debug\lcd.elf not found
!STACK 0
java.io.FileNotFoundException: D:\stm321\lcd\Debug\lcd.elf not found
	at org.eclipse.cdt.dsf.gdb.launching.LaunchUtils.verifyProgramPath(LaunchUtils.java:130)
	at org.eclipse.cdt.dsf.gdb.launching.GdbLaunchDelegate.checkBinaryDetails(GdbLaunchDelegate.java:330)
	at org.eclipse.cdt.dsf.gdb.launching.GdbLaunchDelegate.launchDebugSession(GdbLaunchDelegate.java:152)
	at org.eclipse.cdt.dsf.gdb.launching.GdbLaunchDelegate.launchDebugger(GdbLaunchDelegate.java:109)
	at org.eclipse.cdt.dsf.gdb.launching.GdbLaunchDelegate.launch(GdbLaunchDelegate.java:97)
	at com.st.stm32cube.ide.mcu.debug.launch.DSFDelegate.launch(DSFDelegate.java:334)
	at org.eclipse.debug.internal.core.LaunchConfiguration.launch(LaunchConfiguration.java:805)
	at org.eclipse.debug.internal.core.LaunchConfiguration.launch(LaunchConfiguration.java:716)
	at org.eclipse.debug.internal.ui.DebugUIPlugin.buildAndLaunch(DebugUIPlugin.java:1040)
	at org.eclipse.debug.internal.ui.DebugUIPlugin$1.run(DebugUIPlugin.java:1243)
	at org.eclipse.core.internal.jobs.Worker.run(Worker.java:63)

!ENTRY org.eclipse.cdt.dsf.gdb 4 104 2024-09-15 20:35:08.333
!MESSAGE Program file does not exist
!STACK 0
java.io.FileNotFoundException: D:\stm321\lcd\Debug\lcd.elf not found
	at org.eclipse.cdt.dsf.gdb.launching.LaunchUtils.verifyProgramPath(LaunchUtils.java:130)
	at org.eclipse.cdt.dsf.gdb.launching.GdbLaunchDelegate.checkBinaryDetails(GdbLaunchDelegate.java:330)
	at org.eclipse.cdt.dsf.gdb.launching.GdbLaunchDelegate.launchDebugSession(GdbLaunchDelegate.java:152)
	at org.eclipse.cdt.dsf.gdb.launching.GdbLaunchDelegate.launchDebugger(GdbLaunchDelegate.java:109)
	at org.eclipse.cdt.dsf.gdb.launching.GdbLaunchDelegate.launch(GdbLaunchDelegate.java:97)
	at com.st.stm32cube.ide.mcu.debug.launch.DSFDelegate.launch(DSFDelegate.java:334)
	at org.eclipse.debug.internal.core.LaunchConfiguration.launch(LaunchConfiguration.java:805)
	at org.eclipse.debug.internal.core.LaunchConfiguration.launch(LaunchConfiguration.java:716)
	at org.eclipse.debug.internal.ui.DebugUIPlugin.buildAndLaunch(DebugUIPlugin.java:1040)
	at org.eclipse.debug.internal.ui.DebugUIPlugin$1.run(DebugUIPlugin.java:1243)
	at org.eclipse.core.internal.jobs.Worker.run(Worker.java:63)
!SUBENTRY 1 org.eclipse.cdt.dsf.gdb 4 104 2024-09-15 20:35:08.333
!MESSAGE D:\stm321\lcd\Debug\lcd.elf not found
!STACK 0
java.io.FileNotFoundException: D:\stm321\lcd\Debug\lcd.elf not found
	at org.eclipse.cdt.dsf.gdb.launching.LaunchUtils.verifyProgramPath(LaunchUtils.java:130)
	at org.eclipse.cdt.dsf.gdb.launching.GdbLaunchDelegate.checkBinaryDetails(GdbLaunchDelegate.java:330)
	at org.eclipse.cdt.dsf.gdb.launching.GdbLaunchDelegate.launchDebugSession(GdbLaunchDelegate.java:152)
	at org.eclipse.cdt.dsf.gdb.launching.GdbLaunchDelegate.launchDebugger(GdbLaunchDelegate.java:109)
	at org.eclipse.cdt.dsf.gdb.launching.GdbLaunchDelegate.launch(GdbLaunchDelegate.java:97)
	at com.st.stm32cube.ide.mcu.debug.launch.DSFDelegate.launch(DSFDelegate.java:334)
	at org.eclipse.debug.internal.core.LaunchConfiguration.launch(LaunchConfiguration.java:805)
	at org.eclipse.debug.internal.core.LaunchConfiguration.launch(LaunchConfiguration.java:716)
	at org.eclipse.debug.internal.ui.DebugUIPlugin.buildAndLaunch(DebugUIPlugin.java:1040)
	at org.eclipse.debug.internal.ui.DebugUIPlugin$1.run(DebugUIPlugin.java:1243)
	at org.eclipse.core.internal.jobs.Worker.run(Worker.java:63)

!ENTRY org.eclipse.cdt.dsf.gdb 4 104 2024-09-15 20:36:10.826
!MESSAGE Program file does not exist
!STACK 0
java.io.FileNotFoundException: D:\stm321\lcd\Debug\lcd.elf not found
	at org.eclipse.cdt.dsf.gdb.launching.LaunchUtils.verifyProgramPath(LaunchUtils.java:130)
	at org.eclipse.cdt.dsf.gdb.launching.GdbLaunchDelegate.checkBinaryDetails(GdbLaunchDelegate.java:330)
	at org.eclipse.cdt.dsf.gdb.launching.GdbLaunchDelegate.launchDebugSession(GdbLaunchDelegate.java:152)
	at org.eclipse.cdt.dsf.gdb.launching.GdbLaunchDelegate.launchDebugger(GdbLaunchDelegate.java:109)
	at org.eclipse.cdt.dsf.gdb.launching.GdbLaunchDelegate.launch(GdbLaunchDelegate.java:97)
	at com.st.stm32cube.ide.mcu.debug.launch.DSFDelegate.launch(DSFDelegate.java:334)
	at org.eclipse.debug.internal.core.LaunchConfiguration.launch(LaunchConfiguration.java:805)
	at org.eclipse.debug.internal.core.LaunchConfiguration.launch(LaunchConfiguration.java:716)
	at org.eclipse.debug.internal.ui.DebugUIPlugin.buildAndLaunch(DebugUIPlugin.java:1040)
	at org.eclipse.debug.internal.ui.DebugUIPlugin$1.run(DebugUIPlugin.java:1243)
	at org.eclipse.core.internal.jobs.Worker.run(Worker.java:63)
!SUBENTRY 1 org.eclipse.cdt.dsf.gdb 4 104 2024-09-15 20:36:10.826
!MESSAGE D:\stm321\lcd\Debug\lcd.elf not found
!STACK 0
java.io.FileNotFoundException: D:\stm321\lcd\Debug\lcd.elf not found
	at org.eclipse.cdt.dsf.gdb.launching.LaunchUtils.verifyProgramPath(LaunchUtils.java:130)
	at org.eclipse.cdt.dsf.gdb.launching.GdbLaunchDelegate.checkBinaryDetails(GdbLaunchDelegate.java:330)
	at org.eclipse.cdt.dsf.gdb.launching.GdbLaunchDelegate.launchDebugSession(GdbLaunchDelegate.java:152)
	at org.eclipse.cdt.dsf.gdb.launching.GdbLaunchDelegate.launchDebugger(GdbLaunchDelegate.java:109)
	at org.eclipse.cdt.dsf.gdb.launching.GdbLaunchDelegate.launch(GdbLaunchDelegate.java:97)
	at com.st.stm32cube.ide.mcu.debug.launch.DSFDelegate.launch(DSFDelegate.java:334)
	at org.eclipse.debug.internal.core.LaunchConfiguration.launch(LaunchConfiguration.java:805)
	at org.eclipse.debug.internal.core.LaunchConfiguration.launch(LaunchConfiguration.java:716)
	at org.eclipse.debug.internal.ui.DebugUIPlugin.buildAndLaunch(DebugUIPlugin.java:1040)
	at org.eclipse.debug.internal.ui.DebugUIPlugin$1.run(DebugUIPlugin.java:1243)
	at org.eclipse.core.internal.jobs.Worker.run(Worker.java:63)

!ENTRY org.eclipse.cdt.dsf.gdb 4 104 2024-09-15 20:38:30.611
!MESSAGE Program file does not exist
!STACK 0
java.io.FileNotFoundException: D:\stm321\lcd\Debug\lcd.elf not found
	at org.eclipse.cdt.dsf.gdb.launching.LaunchUtils.verifyProgramPath(LaunchUtils.java:130)
	at org.eclipse.cdt.dsf.gdb.launching.GdbLaunchDelegate.checkBinaryDetails(GdbLaunchDelegate.java:330)
	at org.eclipse.cdt.dsf.gdb.launching.GdbLaunchDelegate.launchDebugSession(GdbLaunchDelegate.java:152)
	at org.eclipse.cdt.dsf.gdb.launching.GdbLaunchDelegate.launchDebugger(GdbLaunchDelegate.java:109)
	at org.eclipse.cdt.dsf.gdb.launching.GdbLaunchDelegate.launch(GdbLaunchDelegate.java:97)
	at com.st.stm32cube.ide.mcu.debug.launch.DSFDelegate.launch(DSFDelegate.java:334)
	at org.eclipse.debug.internal.core.LaunchConfiguration.launch(LaunchConfiguration.java:805)
	at org.eclipse.debug.internal.core.LaunchConfiguration.launch(LaunchConfiguration.java:716)
	at org.eclipse.debug.internal.ui.DebugUIPlugin.buildAndLaunch(DebugUIPlugin.java:1040)
	at org.eclipse.debug.internal.ui.DebugUIPlugin$1.run(DebugUIPlugin.java:1243)
	at org.eclipse.core.internal.jobs.Worker.run(Worker.java:63)
!SUBENTRY 1 org.eclipse.cdt.dsf.gdb 4 104 2024-09-15 20:38:30.611
!MESSAGE D:\stm321\lcd\Debug\lcd.elf not found
!STACK 0
java.io.FileNotFoundException: D:\stm321\lcd\Debug\lcd.elf not found
	at org.eclipse.cdt.dsf.gdb.launching.LaunchUtils.verifyProgramPath(LaunchUtils.java:130)
	at org.eclipse.cdt.dsf.gdb.launching.GdbLaunchDelegate.checkBinaryDetails(GdbLaunchDelegate.java:330)
	at org.eclipse.cdt.dsf.gdb.launching.GdbLaunchDelegate.launchDebugSession(GdbLaunchDelegate.java:152)
	at org.eclipse.cdt.dsf.gdb.launching.GdbLaunchDelegate.launchDebugger(GdbLaunchDelegate.java:109)
	at org.eclipse.cdt.dsf.gdb.launching.GdbLaunchDelegate.launch(GdbLaunchDelegate.java:97)
	at com.st.stm32cube.ide.mcu.debug.launch.DSFDelegate.launch(DSFDelegate.java:334)
	at org.eclipse.debug.internal.core.LaunchConfiguration.launch(LaunchConfiguration.java:805)
	at org.eclipse.debug.internal.core.LaunchConfiguration.launch(LaunchConfiguration.java:716)
	at org.eclipse.debug.internal.ui.DebugUIPlugin.buildAndLaunch(DebugUIPlugin.java:1040)
	at org.eclipse.debug.internal.ui.DebugUIPlugin$1.run(DebugUIPlugin.java:1243)
	at org.eclipse.core.internal.jobs.Worker.run(Worker.java:63)

!ENTRY org.eclipse.cdt.dsf.gdb 4 104 2024-09-15 20:39:21.350
!MESSAGE Program file does not exist
!STACK 0
java.io.FileNotFoundException: D:\stm321\lcd\Debug\lcd.elf not found
	at org.eclipse.cdt.dsf.gdb.launching.LaunchUtils.verifyProgramPath(LaunchUtils.java:130)
	at org.eclipse.cdt.dsf.gdb.launching.GdbLaunchDelegate.checkBinaryDetails(GdbLaunchDelegate.java:330)
	at org.eclipse.cdt.dsf.gdb.launching.GdbLaunchDelegate.launchDebugSession(GdbLaunchDelegate.java:152)
	at org.eclipse.cdt.dsf.gdb.launching.GdbLaunchDelegate.launchDebugger(GdbLaunchDelegate.java:109)
	at org.eclipse.cdt.dsf.gdb.launching.GdbLaunchDelegate.launch(GdbLaunchDelegate.java:97)
	at com.st.stm32cube.ide.mcu.debug.launch.DSFDelegate.launch(DSFDelegate.java:334)
	at org.eclipse.debug.internal.core.LaunchConfiguration.launch(LaunchConfiguration.java:805)
	at org.eclipse.debug.internal.core.LaunchConfiguration.launch(LaunchConfiguration.java:716)
	at org.eclipse.debug.internal.ui.DebugUIPlugin.buildAndLaunch(DebugUIPlugin.java:1040)
	at org.eclipse.debug.internal.ui.DebugUIPlugin$1.run(DebugUIPlugin.java:1243)
	at org.eclipse.core.internal.jobs.Worker.run(Worker.java:63)
!SUBENTRY 1 org.eclipse.cdt.dsf.gdb 4 104 2024-09-15 20:39:21.350
!MESSAGE D:\stm321\lcd\Debug\lcd.elf not found
!STACK 0
java.io.FileNotFoundException: D:\stm321\lcd\Debug\lcd.elf not found
	at org.eclipse.cdt.dsf.gdb.launching.LaunchUtils.verifyProgramPath(LaunchUtils.java:130)
	at org.eclipse.cdt.dsf.gdb.launching.GdbLaunchDelegate.checkBinaryDetails(GdbLaunchDelegate.java:330)
	at org.eclipse.cdt.dsf.gdb.launching.GdbLaunchDelegate.launchDebugSession(GdbLaunchDelegate.java:152)
	at org.eclipse.cdt.dsf.gdb.launching.GdbLaunchDelegate.launchDebugger(GdbLaunchDelegate.java:109)
	at org.eclipse.cdt.dsf.gdb.launching.GdbLaunchDelegate.launch(GdbLaunchDelegate.java:97)
	at com.st.stm32cube.ide.mcu.debug.launch.DSFDelegate.launch(DSFDelegate.java:334)
	at org.eclipse.debug.internal.core.LaunchConfiguration.launch(LaunchConfiguration.java:805)
	at org.eclipse.debug.internal.core.LaunchConfiguration.launch(LaunchConfiguration.java:716)
	at org.eclipse.debug.internal.ui.DebugUIPlugin.buildAndLaunch(DebugUIPlugin.java:1040)
	at org.eclipse.debug.internal.ui.DebugUIPlugin$1.run(DebugUIPlugin.java:1243)
	at org.eclipse.core.internal.jobs.Worker.run(Worker.java:63)
