C51 COMPILER V9.60.7.0   MAIN                                                              10/31/2024 17:35:21 PAGE 1   


C51 COMPILER V9.60.7.0, COMPILATION OF MODULE MAIN
OBJECT MODULE PLACED IN main.OBJ
COMPILER INVOKED BY: C:\Keil_v5\C51\BIN\C51.EXE main.c OPTIMIZE(8,SPEED) DEBUG OBJECTEXTEND TABS(2)

line level    source

   1          #include <reg51.h>
   2          #include <LCD.h>
   3          #include <Delay.h>
   4          #include <Uart.h>
   5          
   6          unsigned char City[][15] = { "Hyderabad" , "Vijayawada" , "Mumbai" ,"Goa" , "Delhi" };
   7          void main() {
   8   1          unsigned char i;
   9   1          Uart_Init(9600);
  10   1          LCD_Init();
  11   1          Uart_Tx_Str("UART IS Ready");
  12   1          Sprint("Ready");
  13   1          Uart_Tx(0x0D);
  14   1          Delay(1000);
  15   1          LCD_Cmd(0x01); 
  16   1              for (i = 0; i < 5;) {
  17   2                  Uart_Tx_Str(City[i]); 
  18   2                  Uart_Tx(0x0D); 
  19   2                   LCD_Cmd(0x80);
  20   2                   Sprint(City[i]); 
  21   2                   i++;
  22   2                   LCD_Cmd(0XC0);
  23   2                   Sprint(City[i]);
  24   2                   Delay(1000);
  25   2                   LCD_Cmd(0x01);            
  26   2                  }
  27   1              while (1);
  28   1                }
  29                     
  30                   


MODULE INFORMATION:   STATIC OVERLAYABLE
   CODE SIZE        =    133    ----
   CONSTANT SIZE    =     20    ----
   XDATA SIZE       =   ----    ----
   PDATA SIZE       =   ----    ----
   DATA SIZE        =     75       1
   IDATA SIZE       =   ----    ----
   BIT SIZE         =   ----    ----
END OF MODULE INFORMATION.


C51 COMPILATION COMPLETE.  0 WARNING(S),  0 ERROR(S)
