C51 COMPILER V9.60.7.0   MAIN                                                              11/27/2024 23:52:57 PAGE 1   


C51 COMPILER V9.60.7.0, COMPILATION OF MODULE MAIN
OBJECT MODULE PLACED IN .\Objects\main.obj
COMPILER INVOKED BY: C:\Keil_v5\C51\BIN\C51.EXE main.c OPTIMIZE(8,SPEED) BROWSE DEBUG OBJECTEXTEND PRINT(.\Listings\main
                    -.lst) TABS(2) OBJECT(.\Objects\main.obj)

line level    source

   1          
   2          #include <reg51.h>
   3          #include "D:\Micro_Controller\8051\NOV_24 _Projects\Lib\Delay\Delay.h"
   4          
   5          sbit SW = P2 ^ 0;
   6          
   7          void main()
   8          {
   9   1          unsigned char a[4] = {0x99, 0xcc, 0x66, 0x33};
  10   1          unsigned char i, j;
  11   1          while(1)
  12   1          {
  13   2              if (SW == 0)
  14   2              {
  15   3                  Delay_1ms(50);
  16   3                  if (SW == 0)
  17   3                  {
  18   4                      for (j = 0; j < 25; j++)
  19   4                      {
  20   5                          for (i = 0; i < 4; i++)
  21   5                          {
  22   6                              P0 = a[i];
  23   6                              Delay_1ms(1);
  24   6                          }
  25   5                      }
  26   4                  }
  27   3              }
  28   2           }
  29   1      }


MODULE INFORMATION:   STATIC OVERLAYABLE
   CODE SIZE        =     73    ----
   CONSTANT SIZE    =      4    ----
   XDATA SIZE       =   ----    ----
   PDATA SIZE       =   ----    ----
   DATA SIZE        =   ----       6
   IDATA SIZE       =   ----    ----
   BIT SIZE         =   ----    ----
END OF MODULE INFORMATION.


C51 COMPILATION COMPLETE.  0 WARNING(S),  0 ERROR(S)
