C51 COMPILER V9.60.7.0   SEVEN_SEGMENT                                                     11/13/2024 17:03:30 PAGE 1   


C51 COMPILER V9.60.7.0, COMPILATION OF MODULE SEVEN_SEGMENT
OBJECT MODULE PLACED IN .\Objects\Seven_Segment.obj
COMPILER INVOKED BY: C:\Keil_v5\C51\BIN\C51.EXE ..\..\..\Lib\Seven_Segment\Seven_Segment.c OPTIMIZE(8,SPEED) BROWSE DEBU
                    -G OBJECTEXTEND PRINT(.\Listings\Seven_Segment.lst) TABS(2) OBJECT(.\Objects\Seven_Segment.obj)

line level    source

   1          
   2          #include "Seven_Segment.h"
   3          #include "D:\Micro_Controller\8051\NOV_24 _Projects\Lib\Delay\Delay.h"
   4          
   5          unsigned char seven[10] = {0x3f, 0x06, 0x5b, 0x4f, 0x66, 0x6d, 0x7d, 0x07, 0x7f, 0x6f};
   6          
   7          void DisplayNumber(unsigned int limit) {
   8   1          unsigned int i, j, k, m;
   9   1          
  10   1          if (limit > 9999) {
  11   2              limit = 9999;
  12   2          }
  13   1      
  14   1          for (i = 0; i <= limit; i++) {
  15   2              unsigned int d1 = i / 1000;  
  16   2              unsigned int d2 = (i / 100) % 10;  
  17   2              unsigned int d3 = (i / 10) % 10;  
  18   2              unsigned int d4 = i % 10; 
  19   2      
  20   2             
  21   2              Seg1 = 1; Seg2 = 0; Seg3 = 0; Seg4 = 0;
*** ERROR C202 IN LINE 21 OF ..\..\..\Lib\Seven_Segment\Seven_Segment.c: 'Seg1': undefined identifier
*** ERROR C202 IN LINE 21 OF ..\..\..\Lib\Seven_Segment\Seven_Segment.c: 'Seg2': undefined identifier
*** ERROR C202 IN LINE 21 OF ..\..\..\Lib\Seven_Segment\Seven_Segment.c: 'Seg3': undefined identifier
*** ERROR C202 IN LINE 21 OF ..\..\..\Lib\Seven_Segment\Seven_Segment.c: 'Seg4': undefined identifier
  22   2              P1 = seven[d1];
*** ERROR C202 IN LINE 22 OF ..\..\..\Lib\Seven_Segment\Seven_Segment.c: 'P1': undefined identifier
  23   2              Delay_1ms(1); 
  24   2      
  25   2              Seg1 = 0; Seg2 = 1; Seg3 = 0; Seg4 = 0;
*** ERROR C202 IN LINE 25 OF ..\..\..\Lib\Seven_Segment\Seven_Segment.c: 'Seg1': undefined identifier
*** ERROR C202 IN LINE 25 OF ..\..\..\Lib\Seven_Segment\Seven_Segment.c: 'Seg2': undefined identifier
*** ERROR C202 IN LINE 25 OF ..\..\..\Lib\Seven_Segment\Seven_Segment.c: 'Seg3': undefined identifier
*** ERROR C202 IN LINE 25 OF ..\..\..\Lib\Seven_Segment\Seven_Segment.c: 'Seg4': undefined identifier
  26   2              P1 = seven[d2];
*** ERROR C202 IN LINE 26 OF ..\..\..\Lib\Seven_Segment\Seven_Segment.c: 'P1': undefined identifier
  27   2              Delay_1ms(1);
  28   2      
  29   2              Seg1 = 0; Seg2 = 0; Seg3 = 1; Seg4 = 0;
*** ERROR C202 IN LINE 29 OF ..\..\..\Lib\Seven_Segment\Seven_Segment.c: 'Seg1': undefined identifier
*** ERROR C202 IN LINE 29 OF ..\..\..\Lib\Seven_Segment\Seven_Segment.c: 'Seg2': undefined identifier
*** ERROR C202 IN LINE 29 OF ..\..\..\Lib\Seven_Segment\Seven_Segment.c: 'Seg3': undefined identifier
*** ERROR C202 IN LINE 29 OF ..\..\..\Lib\Seven_Segment\Seven_Segment.c: 'Seg4': undefined identifier
  30   2              P1 = seven[d3];
*** ERROR C202 IN LINE 30 OF ..\..\..\Lib\Seven_Segment\Seven_Segment.c: 'P1': undefined identifier
  31   2              Delay_1ms(1);
  32   2      
  33   2              Seg1 = 0; Seg2 = 0; Seg3 = 0; Seg4 = 1;
*** ERROR C202 IN LINE 33 OF ..\..\..\Lib\Seven_Segment\Seven_Segment.c: 'Seg1': undefined identifier
*** ERROR C202 IN LINE 33 OF ..\..\..\Lib\Seven_Segment\Seven_Segment.c: 'Seg2': undefined identifier
*** ERROR C202 IN LINE 33 OF ..\..\..\Lib\Seven_Segment\Seven_Segment.c: 'Seg3': undefined identifier
*** ERROR C202 IN LINE 33 OF ..\..\..\Lib\Seven_Segment\Seven_Segment.c: 'Seg4': undefined identifier
  34   2              P1 = seven[d4];
*** ERROR C202 IN LINE 34 OF ..\..\..\Lib\Seven_Segment\Seven_Segment.c: 'P1': undefined identifier
C51 COMPILER V9.60.7.0   SEVEN_SEGMENT                                                     11/13/2024 17:03:30 PAGE 2   

  35   2              Delay_1ms(1);
  36   2          }
  37   1      }

C51 COMPILATION COMPLETE.  0 WARNING(S),  20 ERROR(S)
