C51 COMPILER V9.60.7.0   RELAY                                                             10/01/2024 22:50:51 PAGE 1   


C51 COMPILER V9.60.7.0, COMPILATION OF MODULE RELAY
OBJECT MODULE PLACED IN .\Objects\Relay.obj
COMPILER INVOKED BY: C:\Users\maniv\AppData\Local\Keil_v5\C51\BIN\C51.EXE Relay.c OPTIMIZE(8,SPEED) BROWSE DEBUG OBJECTE
                    -XTEND PRINT(.\Listings\Relay.lst) TABS(2) OBJECT(.\Objects\Relay.obj)

line level    source

   1          
   2          #include "Relay.h"
   3          #include "Delay.h"
   4          #include "LCD.h"
   5          
   6          
   7          
   8          void Relay1_Call(unsigned char num)
   9          {
  10   1        if(num == 0)
  11   1        {
  12   2          Delay(400);
  13   2          if(num == 0)
  14   2          { 
  15   3            Relay1 = ~Relay1;
  16   3      
  17   3            if( Relay1 ==1)
  18   3            {
  19   4              LCD_Cmd_Write(0x01);
  20   4              LCD_Cmd_Write(0x80);
  21   4              LCD_Print("Relay1 Turned ON");
  22   4            }
  23   3            else
  24   3            {
  25   4              LCD_Cmd_Write(0x01);
  26   4              LCD_Cmd_Write(0x80);
  27   4              LCD_Print("Relay1 Turn OFF");
  28   4            }
  29   3          }
  30   2      
  31   2      }
  32   1      }
  33          
  34          void Relay2_Call(unsigned char num)
  35          {
  36   1        if(num == 0)
  37   1        {
  38   2          Delay(400);
  39   2          if(num == 0)
  40   2          { 
  41   3            Relay2 = ~Relay2;
  42   3      
  43   3            if( Relay2 ==1)
  44   3            {
  45   4              LCD_Cmd_Write(0x01);
  46   4              LCD_Cmd_Write(0x80);
  47   4              LCD_Print("Relay2 Turned ON");
  48   4            }
  49   3            else
  50   3            {
  51   4              LCD_Cmd_Write(0x01);
  52   4              LCD_Cmd_Write(0x80);
  53   4              LCD_Print("Relay2 Turn OFF");
  54   4            }
C51 COMPILER V9.60.7.0   RELAY                                                             10/01/2024 22:50:51 PAGE 2   

  55   3          }
  56   2      
  57   2      }
  58   1      }


MODULE INFORMATION:   STATIC OVERLAYABLE
   CODE SIZE        =    116    ----
   CONSTANT SIZE    =     66    ----
   XDATA SIZE       =   ----    ----
   PDATA SIZE       =   ----    ----
   DATA SIZE        =   ----       2
   IDATA SIZE       =   ----    ----
   BIT SIZE         =   ----    ----
END OF MODULE INFORMATION.


C51 COMPILATION COMPLETE.  0 WARNING(S),  0 ERROR(S)
