C51 COMPILER V9.60.7.0   SWITCH                                                            10/01/2024 18:30:25 PAGE 1   


C51 COMPILER V9.60.7.0, COMPILATION OF MODULE SWITCH
OBJECT MODULE PLACED IN .\Objects\Switch.obj
COMPILER INVOKED BY: C:\Users\maniv\AppData\Local\Keil_v5\C51\BIN\C51.EXE Switch.c OPTIMIZE(8,SPEED) BROWSE DEBUG OBJECT
                    -EXTEND PRINT(.\Listings\Switch.lst) TABS(2) OBJECT(.\Objects\Switch.obj)

line level    source

   1           
   2          #include "Switch.h"
   3          #include "Delay.h"
   4          
   5          bit status =0;
   6          
   7          bit Switch_Call()
   8          {
   9   1        
  10   1           if( SW1 == 0)
  11   1         {
  12   2           Delay(250);
  13   2           if( SW1 == 1){
  14   3           status = !status;
  15   3         }
  16   2       }
  17   1         return status;
  18   1      }


MODULE INFORMATION:   STATIC OVERLAYABLE
   CODE SIZE        =     18    ----
   CONSTANT SIZE    =   ----    ----
   XDATA SIZE       =   ----    ----
   PDATA SIZE       =   ----    ----
   DATA SIZE        =   ----    ----
   IDATA SIZE       =   ----    ----
   BIT SIZE         =      1    ----
END OF MODULE INFORMATION.


C51 COMPILATION COMPLETE.  0 WARNING(S),  0 ERROR(S)
