C51 COMPILER V9.60.7.0   MAIN                                                              11/11/2024 16:21:57 PAGE 1   


C51 COMPILER V9.60.7.0, COMPILATION OF MODULE MAIN
OBJECT MODULE PLACED IN .\Objects\main.obj
COMPILER INVOKED BY: C:\Keil_v5\C51\BIN\C51.EXE main.c OPTIMIZE(8,SPEED) BROWSE DEBUG OBJECTEXTEND PRINT(.\Listings\main
                    -.lst) TABS(2) OBJECT(.\Objects\main.obj)

line level    source

   1          #include <reg51.h>
   2          
   3          sbit LED = P1^3;
   4          
   5          void Delay(unsigned char num)
   6          {
   7   1        unsigned int i,j;
   8   1        
   9   1        for(i = 0; i < num; i++)
  10   1        {
  11   2          for(j = 0; j < 123; j++);
  12   2        }
  13   1      }
  14          
  15          void E0_ISR() interrupt 0
  16          {
  17   1        SBUF = 'm';
  18   1        Delay(1000);
  19   1      }
  20          void Serial_ISR() interrupt 4
  21          {
  22   1        if(TI == 1)
  23   1        {
  24   2          TI = 0;
  25   2        }
  26   1        else
  27   1        {
  28   2          P0 = SBUF;
  29   2          RI = 0;
  30   2        }
  31   1      }
  32          
  33          void main()
  34          {
  35   1        
  36   1        TMOD = 0x20;
  37   1        TH1 = -3;
  38   1        TR1 = 1;
  39   1        SCON = 0x50;
  40   1        IE = 0x91;
  41   1        while(1)
  42   1        {
  43   2          ;
  44   2        }
  45   1      }


MODULE INFORMATION:   STATIC OVERLAYABLE
   CODE SIZE        =    103    ----
   CONSTANT SIZE    =   ----    ----
   XDATA SIZE       =   ----    ----
   PDATA SIZE       =   ----    ----
   DATA SIZE        =   ----    ----
   IDATA SIZE       =   ----    ----
C51 COMPILER V9.60.7.0   MAIN                                                              11/11/2024 16:21:57 PAGE 2   

   BIT SIZE         =   ----    ----
END OF MODULE INFORMATION.


C51 COMPILATION COMPLETE.  0 WARNING(S),  0 ERROR(S)
