C51 COMPILER V9.60.7.0   KEYPAD                                                            09/30/2024 16:48:40 PAGE 1   


C51 COMPILER V9.60.7.0, COMPILATION OF MODULE KEYPAD
OBJECT MODULE PLACED IN .\Objects\KEYPAD.obj
COMPILER INVOKED BY: C:\Users\maniv\AppData\Local\Keil_v5\C51\BIN\C51.EXE KEYPAD.c OPTIMIZE(8,SPEED) BROWSE DEBUG OBJECT
                    -EXTEND PRINT(.\Listings\KEYPAD.lst) TABS(2) OBJECT(.\Objects\KEYPAD.obj)

line level    source

   1          
   2          #include "KEYPAD.h"
   3          #include "Delay.h"
   4          
   5          
   6          unsigned char KeyPad_Lockup_Table[4][4] =  {{'1', '2', '3', 'A'},
   7                                                      {'4', '5', '6', 'B'},
   8                                                      {'7', '8', '9', 'C'},
   9                                                      {'*', '0', '#', 'D'}};
  10          unsigned char Row, Col;
  11                                        
  12                                        
  13          unsigned char KeyPad_SCAN()
  14          {
  15   1        
  16   1      
  17   1        
  18   1        //  a =  Keypad_Port; 
  19   1        
  20   1          A = 0x0F;
  21   1          A = A &  0x0F;
  22   1      
  23   1               if (A == 0x0E) { Delay(10);  Row = 0; }
  24   1          else if (A == 0x0D) { Delay(10);  Row = 1; }
  25   1          else if (A == 0x0B) { Delay(10);  Row = 2; }
  26   1          else if (A == 0x07) { Delay(10);  Row = 3; }
  27   1           else {         return 0x00;               }
  28   1           
  29   1          A = 0xF0;  
  30   1          A = A &  0xF0;
  31   1           
  32   1               if (A == 0xE0) { Delay(10);  Col = 0; }
  33   1          else if (A == 0xD0) { Delay(10);  Col = 1; }
  34   1          else if (A == 0xB0) { Delay(10);  Col = 2; }
  35   1          else if (A == 0x70) { Delay(10);  Col = 3; }
  36   1           else {         return 0x00;               }
  37   1           
  38   1          return KeyPad_Lockup_Table[Row][Col];
  39   1      }


MODULE INFORMATION:   STATIC OVERLAYABLE
   CODE SIZE        =    168    ----
   CONSTANT SIZE    =   ----    ----
   XDATA SIZE       =   ----    ----
   PDATA SIZE       =   ----    ----
   DATA SIZE        =     18    ----
   IDATA SIZE       =   ----    ----
   BIT SIZE         =   ----    ----
END OF MODULE INFORMATION.


C51 COMPILATION COMPLETE.  0 WARNING(S),  0 ERROR(S)
