C51 COMPILER V9.60.7.0   MAIN_HANDLER                                                      09/30/2024 16:48:46 PAGE 1   


C51 COMPILER V9.60.7.0, COMPILATION OF MODULE MAIN_HANDLER
OBJECT MODULE PLACED IN .\Objects\Main_Handler.obj
COMPILER INVOKED BY: C:\Users\maniv\AppData\Local\Keil_v5\C51\BIN\C51.EXE Main_Handler.c OPTIMIZE(8,SPEED) BROWSE DEBUG 
                    -OBJECTEXTEND PRINT(.\Listings\Main_Handler.lst) TABS(2) OBJECT(.\Objects\Main_Handler.obj)

line level    source

   1          
   2          #include <reg51.h>
   3          #include "LCD.h"
   4          #include "KEYPAD.h"
   5          #include "Delay.h"
   6          
   7          unsigned char INPUT[16];
   8          unsigned char Key;
   9          unsigned char i;
  10          
  11          void Input_Password(unsigned char *INPUT, unsigned char Key)
  12          {
  13   1      
  14   1          INPUT[i++] = Key;
  15   1          INPUT[i] = '\0';
  16   1      }
  17          
  18          void main()
  19          {
  20   1          LCD_INIT();
  21   1      
  22   1          while (1)
  23   1          {
  24   2      
  25   2              Key = KeyPad_SCAN();
  26   2              if (Key != 0)
  27   2              {
  28   3                  Input_Password(INPUT, Key);
  29   3                  LCD_Cmd_Write(0x80);
  30   3                  LCD_Print(INPUT);
  31   3              }
  32   2          }
  33   1      }


MODULE INFORMATION:   STATIC OVERLAYABLE
   CODE SIZE        =     67    ----
   CONSTANT SIZE    =   ----    ----
   XDATA SIZE       =   ----    ----
   PDATA SIZE       =   ----    ----
   DATA SIZE        =     18       3
   IDATA SIZE       =   ----    ----
   BIT SIZE         =   ----    ----
END OF MODULE INFORMATION.


C51 COMPILATION COMPLETE.  0 WARNING(S),  0 ERROR(S)
