C51 COMPILER V9.60.7.0   MAIN                                                              12/01/2024 23:09:14 PAGE 1   


C51 COMPILER V9.60.7.0, COMPILATION OF MODULE MAIN
OBJECT MODULE PLACED IN .\Objects\main.obj
COMPILER INVOKED BY: C:\Keil_v5\C51\BIN\C51.EXE main.c OPTIMIZE(8,SPEED) BROWSE DEBUG OBJECTEXTEND PRINT(.\Listings\main
                    -.lst) TABS(2) OBJECT(.\Objects\main.obj)

line level    source

   1          #include <reg51.h>
   2          #include "I2C.h"
*** WARNING C318 IN LINE 2 OF main.c: can't open file 'I2C.h'
   3          
   4          sbit SDA = P2^0; 
   5          sbit SCL = P2^1;  
   6          
   7          void delay_ms(unsigned int ms) {
   8   1          unsigned int i, j;
   9   1          for (i = 0; i < ms; i++) {
  10   2              for (j = 0; j < 300; j++) {  
  11   3              }
  12   2          }
  13   1      }
  14          
  15          
  16          void cmd(unsigned char cmd1) {
  17   1          unsigned char cmdl, cmdu;
  18   1          cmdl = (cmd1 & 0x0F)<<4;  
  19   1          cmdu = ((cmd1 >> 4) & 0x0F)<<4;  
  20   1      
  21   1          i2c_send(cmdu | 0x0C); 
*** WARNING C206 IN LINE 21 OF main.c: 'i2c_send': missing function-prototype
*** ERROR C267 IN LINE 21 OF main.c: 'i2c_send': requires ANSI-style prototype
  22   1          delay_ms(1);
  23   1          i2c_send(cmdu | 0x08); 
  24   1          delay_ms(5);
  25   1          i2c_send(cmdl | 0x0C); 
  26   1          delay_ms(1);
  27   1          i2c_send(cmdl | 0x08); 
  28   1          delay_ms(10); 
  29   1      }
  30          void data1(unsigned char cmd1) {
  31   1          unsigned char cmdl, cmdu;
  32   1          cmdl = (cmd1 & 0x0F)<<4;  
  33   1          cmdu = ((cmd1 >> 4) & 0x0F)<<4;  
  34   1      
  35   1          i2c_send(cmdu | 0x0D); 
  36   1          delay_ms(1);
  37   1          i2c_send(cmdu | 0x09); 
  38   1          delay_ms(5);
  39   1          i2c_send(cmdl | 0x0D); 
  40   1          delay_ms(1);
  41   1          i2c_send(cmdl | 0x09); 
  42   1          delay_ms(10); 
  43   1      }
  44          void i2c_init(unsigned char num) {
  45   1          i2c_start();           
  46   1          i2c_send(num);         
  47   1          cmd(0x02);  // Return home
  48   1          cmd(0x28);  // 4 bit mode
  49   1          cmd(0x0c);  // Display On , cursor off
  50   1          cmd(0x06);  // Increment Cursor (shift cursor to right)
  51   1          cmd(0x01); // clear display       
C51 COMPILER V9.60.7.0   MAIN                                                              12/01/2024 23:09:14 PAGE 2   

  52   1          cmd(0x80);  
  53   1      }
  54          
  55          void main() {
  56   1          i2c_init(0x27<<1);  
  57   1          data1('A');
  58   1        data1('E');
  59   1          i2c_stop();      
  60   1          while(1);        
  61   1      }

C51 COMPILATION COMPLETE.  2 WARNING(S),  1 ERROR(S)
