C51 COMPILER V9.60.7.0   DELAY_1MS                                                         11/12/2024 20:01:54 PAGE 1   


C51 COMPILER V9.60.7.0, COMPILATION OF MODULE DELAY_1MS
OBJECT MODULE PLACED IN .\Objects\Delay_1ms.obj
COMPILER INVOKED BY: C:\Keil_v5\C51\BIN\C51.EXE ..\..\..\Lib\Delay_1ms\Delay_1ms.c OPTIMIZE(8,SPEED) BROWSE DEBUG OBJECT
                    -EXTEND PRINT(.\Listings\Delay_1ms.lst) TABS(2) OBJECT(.\Objects\Delay_1ms.obj)

line level    source

   1          
   2          void Delay_1ms(unsigned int Num)
   3          {
   4   1        unsigned int i,j;
   5   1            for(i = 0; i < Num; i++)
   6   1              {
   7   2                for(j = 0; j < 113; j++);
   8   2              }
   9   1      }


MODULE INFORMATION:   STATIC OVERLAYABLE
   CODE SIZE        =     32    ----
   CONSTANT SIZE    =   ----    ----
   XDATA SIZE       =   ----    ----
   PDATA SIZE       =   ----    ----
   DATA SIZE        =   ----    ----
   IDATA SIZE       =   ----    ----
   BIT SIZE         =   ----    ----
END OF MODULE INFORMATION.


C51 COMPILATION COMPLETE.  0 WARNING(S),  0 ERROR(S)
