C51 COMPILER V9.60.7.0   MAIN                                                              11/28/2024 12:15:17 PAGE 1   


C51 COMPILER V9.60.7.0, COMPILATION OF MODULE MAIN
OBJECT MODULE PLACED IN .\Objects\main.obj
COMPILER INVOKED BY: C:\Keil_v5\C51\BIN\C51.EXE main.c OPTIMIZE(8,SPEED) BROWSE DEBUG OBJECTEXTEND PRINT(.\Listings\main
                    -.lst) TABS(2) OBJECT(.\Objects\main.obj)

line level    source

   1          #include "../../../Lib/LED/LED.h"   
   2          #include "../../../Lib/Delay/Delay.h" 
   3          
   4          
   5          void main()
   6          {
   7   1        while(1)
   8   1        {
   9   2          LED1_ON();
  10   2          Delay_1ms(1000);
  11   2          LED2_OFF();
  12   2          Delay_1ms(1000);
  13   2          LED2_ON();
  14   2          Delay_1ms(1000);
  15   2          LED1_OFF();
  16   2          Delay_1ms(1000);    
  17   2        }
  18   1      }


MODULE INFORMATION:   STATIC OVERLAYABLE
   CODE SIZE        =     42    ----
   CONSTANT SIZE    =   ----    ----
   XDATA SIZE       =   ----    ----
   PDATA SIZE       =   ----    ----
   DATA SIZE        =   ----    ----
   IDATA SIZE       =   ----    ----
   BIT SIZE         =   ----    ----
END OF MODULE INFORMATION.


C51 COMPILATION COMPLETE.  0 WARNING(S),  0 ERROR(S)
