2024-09-27 00:01:17,329 [INFO] UtilMem:75 - End SaveConfig() Used Memory: 872761440 Bytes (1073741824)
2024-09-27 00:01:18,278 [INFO] UtilMem:75 - End SaveConfig() Used Memory: 890407200 Bytes (1073741824)
2024-09-27 00:01:19,318 [ERROR] IocParser:95 - Exception caught: null
2024-09-27 00:01:22,633 [INFO] UtilMem:75 - End SaveConfig() Used Memory: 950653224 Bytes (1073741824)
2024-09-27 00:01:22,868 [ERROR] IocParser:95 - Exception caught: null
2024-09-27 00:01:22,896 [INFO] BlockDiagram:2766 - set Specific Code input for plugin: MEMORYMAP
2024-09-27 00:01:22,897 [INFO] BlockDiagram:2766 - set Specific Code input for plugin: PWR
2024-09-27 00:01:22,897 [INFO] BlockDiagram:2766 - set Specific Code input for plugin: SYS
2024-09-27 00:01:22,897 [INFO] BlockDiagram:2766 - set Specific Code input for plugin: RCC
2024-09-27 00:01:22,897 [INFO] BlockDiagram:2766 - set Specific Code input for plugin: NVIC
2024-09-27 00:01:22,897 [INFO] BlockDiagram:2766 - set Specific Code input for plugin: ICACHE
2024-09-27 00:01:22,897 [INFO] BlockDiagram:2766 - set Specific Code input for plugin: NUCLEO-WBA52CG
2024-09-27 00:01:22,897 [INFO] BlockDiagram:2766 - set Specific Code input for plugin: GPIO
2024-09-27 00:01:22,899 [INFO] CodeGenerator:807 - code generatio: config db path: C:\ST\STM32CubeIDE_1.16.0\STM32CubeIDE\plugins\com.st.stm32cube.common.mx_6.12.0.202406281431\\db\
2024-09-27 00:01:23,006 [INFO] CodeEngine:255 - oldGeneratedFile, D:\Micro_Controller\STM32\Projects\LCD_Projects\LCD_Sring\MXTmpFiles\license.tmp_save
2024-09-27 00:01:23,061 [INFO] CodeEngine:279 - Generated code: D:\Micro_Controller\STM32\Projects\LCD_Projects\LCD_Sring\MXTmpFiles\license.tmp
2024-09-27 00:01:23,151 [INFO] CodeEngine:255 - oldGeneratedFile, D:\Micro_Controller\STM32\Projects\LCD_Projects\LCD_Sring\MXTmpFiles\gpio.tmp_save
2024-09-27 00:01:23,214 [INFO] CodeEngine:279 - Generated code: D:\Micro_Controller\STM32\Projects\LCD_Projects\LCD_Sring\MXTmpFiles\gpio.tmp
2024-09-27 00:01:23,305 [WARN] IPConfigManager:98 - WARNING: Missing Config File for MEMORYMAP ip!!
2024-09-27 00:01:23,305 [WARN] IP:2191 - DefaultDataRegion not found: check if there is a RefParameter without a condition.
2024-09-27 00:01:23,516 [INFO] CodeEngine:255 - oldGeneratedFile, D:\Micro_Controller\STM32\Projects\LCD_Projects\LCD_Sring\MXTmpFiles\cortex.tmp_save
2024-09-27 00:01:23,600 [INFO] CodeEngine:279 - Generated code: D:\Micro_Controller\STM32\Projects\LCD_Projects\LCD_Sring\MXTmpFiles\cortex.tmp
2024-09-27 00:01:23,626 [INFO] CodeEngine:255 - oldGeneratedFile, D:\Micro_Controller\STM32\Projects\LCD_Projects\LCD_Sring\Core\Inc\stm32wbaxx_nucleo_conf.h_save
2024-09-27 00:01:23,685 [INFO] CodeEngine:279 - Generated code: D:\Micro_Controller\STM32\Projects\LCD_Projects\LCD_Sring\Core\Inc\stm32wbaxx_nucleo_conf.h
2024-09-27 00:01:23,687 [INFO] CodeEngine:255 - oldGeneratedFile, D:\Micro_Controller\STM32\Projects\LCD_Projects\LCD_Sring\MXTmpFiles\bsp_inc.tmp_save
2024-09-27 00:01:23,729 [INFO] CodeEngine:279 - Generated code: D:\Micro_Controller\STM32\Projects\LCD_Projects\LCD_Sring\MXTmpFiles\bsp_inc.tmp
2024-09-27 00:01:23,731 [INFO] CodeEngine:255 - oldGeneratedFile, D:\Micro_Controller\STM32\Projects\LCD_Projects\LCD_Sring\MXTmpFiles\bsp_common_vars.tmp_save
2024-09-27 00:01:23,773 [INFO] CodeEngine:279 - Generated code: D:\Micro_Controller\STM32\Projects\LCD_Projects\LCD_Sring\MXTmpFiles\bsp_common_vars.tmp
2024-09-27 00:01:23,774 [INFO] CodeEngine:255 - oldGeneratedFile, D:\Micro_Controller\STM32\Projects\LCD_Projects\LCD_Sring\MXTmpFiles\bsp_common_init.tmp_save
2024-09-27 00:01:23,823 [INFO] CodeEngine:279 - Generated code: D:\Micro_Controller\STM32\Projects\LCD_Projects\LCD_Sring\MXTmpFiles\bsp_common_init.tmp
2024-09-27 00:01:23,825 [INFO] CodeEngine:255 - oldGeneratedFile, D:\Micro_Controller\STM32\Projects\LCD_Projects\LCD_Sring\MXTmpFiles\bsp_common_demo_before_while.tmp_save
2024-09-27 00:01:23,877 [INFO] CodeEngine:279 - Generated code: D:\Micro_Controller\STM32\Projects\LCD_Projects\LCD_Sring\MXTmpFiles\bsp_common_demo_before_while.tmp
2024-09-27 00:01:23,879 [INFO] CodeEngine:255 - oldGeneratedFile, D:\Micro_Controller\STM32\Projects\LCD_Projects\LCD_Sring\MXTmpFiles\bsp_common_demo_inside_while.tmp_save
2024-09-27 00:01:23,927 [INFO] CodeEngine:279 - Generated code: D:\Micro_Controller\STM32\Projects\LCD_Projects\LCD_Sring\MXTmpFiles\bsp_common_demo_inside_while.tmp
2024-09-27 00:01:23,929 [INFO] CodeEngine:255 - oldGeneratedFile, D:\Micro_Controller\STM32\Projects\LCD_Projects\LCD_Sring\MXTmpFiles\bsp_common_demo_fct.tmp_save
2024-09-27 00:01:23,982 [INFO] CodeEngine:279 - Generated code: D:\Micro_Controller\STM32\Projects\LCD_Projects\LCD_Sring\MXTmpFiles\bsp_common_demo_fct.tmp
2024-09-27 00:01:23,984 [INFO] CodeEngine:255 - oldGeneratedFile, D:\Micro_Controller\STM32\Projects\LCD_Projects\LCD_Sring\MXTmpFiles\bsp_common_demo_gpio.tmp_save
2024-09-27 00:01:24,038 [INFO] CodeEngine:279 - Generated code: D:\Micro_Controller\STM32\Projects\LCD_Projects\LCD_Sring\MXTmpFiles\bsp_common_demo_gpio.tmp
2024-09-27 00:01:24,045 [INFO] CodeEngine:255 - oldGeneratedFile, D:\Micro_Controller\STM32\Projects\LCD_Projects\LCD_Sring\Core\Src\stm32wbaxx_it.c_save
2024-09-27 00:01:24,189 [INFO] CodeEngine:279 - Generated code: D:\Micro_Controller\STM32\Projects\LCD_Projects\LCD_Sring\Core\Src\stm32wbaxx_it.c
2024-09-27 00:01:24,192 [INFO] CodeEngine:255 - oldGeneratedFile, D:\Micro_Controller\STM32\Projects\LCD_Projects\LCD_Sring\Core\Inc\stm32wbaxx_it.h_save
2024-09-27 00:01:24,235 [INFO] CodeEngine:279 - Generated code: D:\Micro_Controller\STM32\Projects\LCD_Projects\LCD_Sring\Core\Inc\stm32wbaxx_it.h
2024-09-27 00:01:24,243 [INFO] CodeEngine:255 - oldGeneratedFile, D:\Micro_Controller\STM32\Projects\LCD_Projects\LCD_Sring\Core\Src\stm32wbaxx_hal_msp.c_save
2024-09-27 00:01:24,306 [INFO] CodeEngine:279 - Generated code: D:\Micro_Controller\STM32\Projects\LCD_Projects\LCD_Sring\Core\Src\stm32wbaxx_hal_msp.c
2024-09-27 00:01:24,308 [INFO] CodeEngine:255 - oldGeneratedFile, D:\Micro_Controller\STM32\Projects\LCD_Projects\LCD_Sring\MXTmpFiles\system.tmp_save
2024-09-27 00:01:24,356 [INFO] CodeEngine:279 - Generated code: D:\Micro_Controller\STM32\Projects\LCD_Projects\LCD_Sring\MXTmpFiles\system.tmp
2024-09-27 00:01:24,361 [INFO] CodeEngine:311 - oldGeneratedFile, D:\Micro_Controller\STM32\Projects\LCD_Projects\LCD_Sring\Core\Inc\stm32wbaxx_hal_conf.h_save
2024-09-27 00:01:24,415 [INFO] CodeEngine:335 - Generated code: D:\Micro_Controller\STM32\Projects\LCD_Projects\LCD_Sring\Core\Inc\stm32wbaxx_hal_conf.h
2024-09-27 00:01:24,427 [INFO] CodeEngine:255 - oldGeneratedFile, D:\Micro_Controller\STM32\Projects\LCD_Projects\LCD_Sring\Core\Inc\main.h_save
2024-09-27 00:01:24,486 [INFO] CodeEngine:279 - Generated code: D:\Micro_Controller\STM32\Projects\LCD_Projects\LCD_Sring\Core\Inc\main.h
2024-09-27 00:01:24,488 [INFO] CodeEngine:255 - oldGeneratedFile, D:\Micro_Controller\STM32\Projects\LCD_Projects\LCD_Sring\Core\Src\main.c_save
2024-09-27 00:01:24,561 [INFO] CodeEngine:279 - Generated code: D:\Micro_Controller\STM32\Projects\LCD_Projects\LCD_Sring\Core\Src\main.c
2024-09-27 00:01:24,848 [INFO] ProjectBuilder:3249 - Time for Copy HAL[1] : 85mS.
2024-09-27 00:01:24,850 [INFO] ProjectBuilder:4828 - Project Generator version: 4.4.0-B60
2024-09-27 00:01:24,950 [INFO] ConfigFileManager:1531 - The Die is : DIE492
2024-09-27 00:01:25,519 [INFO] ProjectBuilder:5097 - Time for Generating toolchain IDE Files: 669mS.
2024-09-27 00:01:25,519 [INFO] ProjectBuilder:3107 - Time for Copy CMSIS : 0mS.
2024-09-27 00:01:25,520 [INFO] ProjectBuilder:3107 - Time for Copy CMSIS : 0mS.
2024-09-27 00:08:58,820 [INFO] UtilMem:75 - End SaveConfig() Used Memory: 670321992 Bytes (1073741824)
2024-09-27 00:08:59,275 [INFO] UtilMem:75 - End SaveConfig() Used Memory: 696010056 Bytes (1073741824)
2024-09-27 00:09:00,170 [INFO] UtilMem:75 - End SaveConfig() Used Memory: 730613064 Bytes (1073741824)
2024-09-27 00:09:00,275 [INFO] BlockDiagram:2766 - set Specific Code input for plugin: MEMORYMAP
2024-09-27 00:09:00,275 [INFO] BlockDiagram:2766 - set Specific Code input for plugin: PWR
2024-09-27 00:09:00,275 [INFO] BlockDiagram:2766 - set Specific Code input for plugin: SYS
2024-09-27 00:09:00,275 [INFO] BlockDiagram:2766 - set Specific Code input for plugin: RCC
2024-09-27 00:09:00,275 [INFO] BlockDiagram:2766 - set Specific Code input for plugin: NVIC
2024-09-27 00:09:00,276 [INFO] BlockDiagram:2766 - set Specific Code input for plugin: ICACHE
2024-09-27 00:09:00,276 [INFO] BlockDiagram:2766 - set Specific Code input for plugin: NUCLEO-WBA52CG
2024-09-27 00:09:00,276 [INFO] BlockDiagram:2766 - set Specific Code input for plugin: GPIO
2024-09-27 00:09:00,276 [INFO] CodeGenerator:807 - code generatio: config db path: C:\ST\STM32CubeIDE_1.16.0\STM32CubeIDE\plugins\com.st.stm32cube.common.mx_6.12.0.202406281431\\db\
2024-09-27 00:09:00,332 [INFO] CodeEngine:255 - oldGeneratedFile, D:\Micro_Controller\STM32\Projects\LCD_Projects\LCD_Sring\MXTmpFiles\license.tmp_save
2024-09-27 00:09:00,391 [INFO] CodeEngine:279 - Generated code: D:\Micro_Controller\STM32\Projects\LCD_Projects\LCD_Sring\MXTmpFiles\license.tmp
2024-09-27 00:09:00,434 [INFO] CodeEngine:255 - oldGeneratedFile, D:\Micro_Controller\STM32\Projects\LCD_Projects\LCD_Sring\MXTmpFiles\gpio.tmp_save
2024-09-27 00:09:00,486 [INFO] CodeEngine:279 - Generated code: D:\Micro_Controller\STM32\Projects\LCD_Projects\LCD_Sring\MXTmpFiles\gpio.tmp
2024-09-27 00:09:00,567 [WARN] IPConfigManager:98 - WARNING: Missing Config File for MEMORYMAP ip!!
2024-09-27 00:09:00,568 [WARN] IP:2191 - DefaultDataRegion not found: check if there is a RefParameter without a condition.
2024-09-27 00:09:00,736 [INFO] CodeEngine:255 - oldGeneratedFile, D:\Micro_Controller\STM32\Projects\LCD_Projects\LCD_Sring\MXTmpFiles\cortex.tmp_save
2024-09-27 00:09:00,756 [ERROR] IocParser:95 - Exception caught: null
2024-09-27 00:09:00,784 [INFO] CodeEngine:279 - Generated code: D:\Micro_Controller\STM32\Projects\LCD_Projects\LCD_Sring\MXTmpFiles\cortex.tmp
2024-09-27 00:09:00,807 [INFO] CodeEngine:255 - oldGeneratedFile, D:\Micro_Controller\STM32\Projects\LCD_Projects\LCD_Sring\Core\Inc\stm32wbaxx_nucleo_conf.h_save
2024-09-27 00:09:00,854 [INFO] CodeEngine:279 - Generated code: D:\Micro_Controller\STM32\Projects\LCD_Projects\LCD_Sring\Core\Inc\stm32wbaxx_nucleo_conf.h
2024-09-27 00:09:00,856 [INFO] CodeEngine:255 - oldGeneratedFile, D:\Micro_Controller\STM32\Projects\LCD_Projects\LCD_Sring\MXTmpFiles\bsp_inc.tmp_save
2024-09-27 00:09:00,897 [INFO] CodeEngine:279 - Generated code: D:\Micro_Controller\STM32\Projects\LCD_Projects\LCD_Sring\MXTmpFiles\bsp_inc.tmp
2024-09-27 00:09:00,900 [INFO] CodeEngine:255 - oldGeneratedFile, D:\Micro_Controller\STM32\Projects\LCD_Projects\LCD_Sring\MXTmpFiles\bsp_common_vars.tmp_save
2024-09-27 00:09:00,941 [INFO] CodeEngine:279 - Generated code: D:\Micro_Controller\STM32\Projects\LCD_Projects\LCD_Sring\MXTmpFiles\bsp_common_vars.tmp
2024-09-27 00:09:00,942 [INFO] CodeEngine:255 - oldGeneratedFile, D:\Micro_Controller\STM32\Projects\LCD_Projects\LCD_Sring\MXTmpFiles\bsp_common_init.tmp_save
2024-09-27 00:09:00,986 [INFO] CodeEngine:279 - Generated code: D:\Micro_Controller\STM32\Projects\LCD_Projects\LCD_Sring\MXTmpFiles\bsp_common_init.tmp
2024-09-27 00:09:00,987 [INFO] CodeEngine:255 - oldGeneratedFile, D:\Micro_Controller\STM32\Projects\LCD_Projects\LCD_Sring\MXTmpFiles\bsp_common_demo_before_while.tmp_save
2024-09-27 00:09:01,029 [INFO] CodeEngine:279 - Generated code: D:\Micro_Controller\STM32\Projects\LCD_Projects\LCD_Sring\MXTmpFiles\bsp_common_demo_before_while.tmp
2024-09-27 00:09:01,031 [INFO] CodeEngine:255 - oldGeneratedFile, D:\Micro_Controller\STM32\Projects\LCD_Projects\LCD_Sring\MXTmpFiles\bsp_common_demo_inside_while.tmp_save
2024-09-27 00:09:01,073 [INFO] CodeEngine:279 - Generated code: D:\Micro_Controller\STM32\Projects\LCD_Projects\LCD_Sring\MXTmpFiles\bsp_common_demo_inside_while.tmp
2024-09-27 00:09:01,075 [INFO] CodeEngine:255 - oldGeneratedFile, D:\Micro_Controller\STM32\Projects\LCD_Projects\LCD_Sring\MXTmpFiles\bsp_common_demo_fct.tmp_save
2024-09-27 00:09:01,117 [INFO] CodeEngine:279 - Generated code: D:\Micro_Controller\STM32\Projects\LCD_Projects\LCD_Sring\MXTmpFiles\bsp_common_demo_fct.tmp
2024-09-27 00:09:01,119 [INFO] CodeEngine:255 - oldGeneratedFile, D:\Micro_Controller\STM32\Projects\LCD_Projects\LCD_Sring\MXTmpFiles\bsp_common_demo_gpio.tmp_save
2024-09-27 00:09:01,159 [INFO] CodeEngine:279 - Generated code: D:\Micro_Controller\STM32\Projects\LCD_Projects\LCD_Sring\MXTmpFiles\bsp_common_demo_gpio.tmp
2024-09-27 00:09:01,167 [INFO] CodeEngine:255 - oldGeneratedFile, D:\Micro_Controller\STM32\Projects\LCD_Projects\LCD_Sring\Core\Src\stm32wbaxx_it.c_save
2024-09-27 00:09:01,274 [INFO] CodeEngine:279 - Generated code: D:\Micro_Controller\STM32\Projects\LCD_Projects\LCD_Sring\Core\Src\stm32wbaxx_it.c
2024-09-27 00:09:01,277 [INFO] CodeEngine:255 - oldGeneratedFile, D:\Micro_Controller\STM32\Projects\LCD_Projects\LCD_Sring\Core\Inc\stm32wbaxx_it.h_save
2024-09-27 00:09:01,318 [INFO] CodeEngine:279 - Generated code: D:\Micro_Controller\STM32\Projects\LCD_Projects\LCD_Sring\Core\Inc\stm32wbaxx_it.h
2024-09-27 00:09:01,325 [INFO] CodeEngine:255 - oldGeneratedFile, D:\Micro_Controller\STM32\Projects\LCD_Projects\LCD_Sring\Core\Src\stm32wbaxx_hal_msp.c_save
2024-09-27 00:09:01,385 [INFO] CodeEngine:279 - Generated code: D:\Micro_Controller\STM32\Projects\LCD_Projects\LCD_Sring\Core\Src\stm32wbaxx_hal_msp.c
2024-09-27 00:09:01,387 [INFO] CodeEngine:255 - oldGeneratedFile, D:\Micro_Controller\STM32\Projects\LCD_Projects\LCD_Sring\MXTmpFiles\system.tmp_save
2024-09-27 00:09:01,427 [INFO] CodeEngine:279 - Generated code: D:\Micro_Controller\STM32\Projects\LCD_Projects\LCD_Sring\MXTmpFiles\system.tmp
2024-09-27 00:09:01,431 [INFO] CodeEngine:311 - oldGeneratedFile, D:\Micro_Controller\STM32\Projects\LCD_Projects\LCD_Sring\Core\Inc\stm32wbaxx_hal_conf.h_save
2024-09-27 00:09:01,562 [INFO] CodeEngine:335 - Generated code: D:\Micro_Controller\STM32\Projects\LCD_Projects\LCD_Sring\Core\Inc\stm32wbaxx_hal_conf.h
2024-09-27 00:09:01,571 [INFO] CodeEngine:255 - oldGeneratedFile, D:\Micro_Controller\STM32\Projects\LCD_Projects\LCD_Sring\Core\Inc\main.h_save
2024-09-27 00:09:01,626 [INFO] CodeEngine:279 - Generated code: D:\Micro_Controller\STM32\Projects\LCD_Projects\LCD_Sring\Core\Inc\main.h
2024-09-27 00:09:01,628 [INFO] CodeEngine:255 - oldGeneratedFile, D:\Micro_Controller\STM32\Projects\LCD_Projects\LCD_Sring\Core\Src\main.c_save
2024-09-27 00:09:01,698 [INFO] CodeEngine:279 - Generated code: D:\Micro_Controller\STM32\Projects\LCD_Projects\LCD_Sring\Core\Src\main.c
2024-09-27 00:09:01,906 [INFO] ProjectBuilder:3249 - Time for Copy HAL[1] : 78mS.
2024-09-27 00:09:01,908 [INFO] ProjectBuilder:4828 - Project Generator version: 4.4.0-B60
2024-09-27 00:09:01,968 [INFO] ConfigFileManager:1531 - The Die is : DIE492
2024-09-27 00:09:02,492 [INFO] ProjectBuilder:5097 - Time for Generating toolchain IDE Files: 584mS.
2024-09-27 00:09:02,493 [INFO] ProjectBuilder:3107 - Time for Copy CMSIS : 0mS.
2024-09-27 00:09:02,493 [INFO] ProjectBuilder:3107 - Time for Copy CMSIS : 0mS.
2024-09-27 01:47:44,075 [INFO] NvicIntPanel:101 - NVIC parent = com.st.microxplorer.plugins.ip.nvic.MultiNvicIntPanel[,0,0,0x0,invalid,layout=javax.swing.BoxLayout,alignmentX=0.0,alignmentY=0.0,border=,flags=9,maximumSize=,minimumSize=,preferredSize=]
2024-09-27 01:47:46,887 [INFO] NvicIntPanel:101 - NVIC parent = com.st.microxplorer.plugins.ip.nvic.MultiNvicIntPanel[,0,0,0x0,invalid,layout=javax.swing.BoxLayout,alignmentX=0.0,alignmentY=0.0,border=,flags=9,maximumSize=,minimumSize=,preferredSize=]
2024-09-27 01:49:30,980 [INFO] UtilMem:75 - End SaveConfig() Used Memory: 802524864 Bytes (1073741824)
2024-09-27 01:49:31,445 [INFO] UtilMem:75 - End SaveConfig() Used Memory: 828217024 Bytes (1073741824)
2024-09-27 01:49:33,162 [ERROR] IocParser:95 - Exception caught: null
2024-09-27 01:49:34,119 [INFO] UtilMem:75 - End SaveConfig() Used Memory: 866488000 Bytes (1073741824)
2024-09-27 01:49:34,426 [INFO] BlockDiagram:2766 - set Specific Code input for plugin: MEMORYMAP
2024-09-27 01:49:34,427 [INFO] BlockDiagram:2766 - set Specific Code input for plugin: PWR
2024-09-27 01:49:34,427 [INFO] BlockDiagram:2766 - set Specific Code input for plugin: SYS
2024-09-27 01:49:34,427 [INFO] BlockDiagram:2766 - set Specific Code input for plugin: RCC
2024-09-27 01:49:34,427 [INFO] BlockDiagram:2766 - set Specific Code input for plugin: NVIC
2024-09-27 01:49:34,427 [INFO] BlockDiagram:2766 - set Specific Code input for plugin: ICACHE
2024-09-27 01:49:34,427 [INFO] BlockDiagram:2766 - set Specific Code input for plugin: NUCLEO-WBA52CG
2024-09-27 01:49:34,427 [INFO] BlockDiagram:2766 - set Specific Code input for plugin: GPIO
2024-09-27 01:49:34,428 [INFO] CodeGenerator:807 - code generatio: config db path: C:\ST\STM32CubeIDE_1.16.0\STM32CubeIDE\plugins\com.st.stm32cube.common.mx_6.12.0.202406281431\\db\
2024-09-27 01:49:34,482 [INFO] CodeEngine:255 - oldGeneratedFile, D:\Micro_Controller\STM32\Projects\LCD_Projects\LCD_Sring\MXTmpFiles\license.tmp_save
2024-09-27 01:49:34,536 [INFO] CodeEngine:279 - Generated code: D:\Micro_Controller\STM32\Projects\LCD_Projects\LCD_Sring\MXTmpFiles\license.tmp
2024-09-27 01:49:34,580 [INFO] CodeEngine:255 - oldGeneratedFile, D:\Micro_Controller\STM32\Projects\LCD_Projects\LCD_Sring\MXTmpFiles\gpio.tmp_save
2024-09-27 01:49:34,616 [ERROR] IocParser:95 - Exception caught: null
2024-09-27 01:49:34,635 [INFO] CodeEngine:279 - Generated code: D:\Micro_Controller\STM32\Projects\LCD_Projects\LCD_Sring\MXTmpFiles\gpio.tmp
2024-09-27 01:49:34,722 [WARN] IPConfigManager:98 - WARNING: Missing Config File for MEMORYMAP ip!!
2024-09-27 01:49:34,722 [WARN] IP:2191 - DefaultDataRegion not found: check if there is a RefParameter without a condition.
2024-09-27 01:49:34,884 [INFO] CodeEngine:255 - oldGeneratedFile, D:\Micro_Controller\STM32\Projects\LCD_Projects\LCD_Sring\MXTmpFiles\cortex.tmp_save
2024-09-27 01:49:34,931 [INFO] CodeEngine:279 - Generated code: D:\Micro_Controller\STM32\Projects\LCD_Projects\LCD_Sring\MXTmpFiles\cortex.tmp
2024-09-27 01:49:34,955 [INFO] CodeEngine:255 - oldGeneratedFile, D:\Micro_Controller\STM32\Projects\LCD_Projects\LCD_Sring\Core\Inc\stm32wbaxx_nucleo_conf.h_save
2024-09-27 01:49:34,997 [INFO] CodeEngine:279 - Generated code: D:\Micro_Controller\STM32\Projects\LCD_Projects\LCD_Sring\Core\Inc\stm32wbaxx_nucleo_conf.h
2024-09-27 01:49:34,998 [INFO] CodeEngine:255 - oldGeneratedFile, D:\Micro_Controller\STM32\Projects\LCD_Projects\LCD_Sring\MXTmpFiles\bsp_inc.tmp_save
2024-09-27 01:49:35,039 [INFO] CodeEngine:279 - Generated code: D:\Micro_Controller\STM32\Projects\LCD_Projects\LCD_Sring\MXTmpFiles\bsp_inc.tmp
2024-09-27 01:49:35,040 [INFO] CodeEngine:255 - oldGeneratedFile, D:\Micro_Controller\STM32\Projects\LCD_Projects\LCD_Sring\MXTmpFiles\bsp_common_vars.tmp_save
2024-09-27 01:49:35,081 [INFO] CodeEngine:279 - Generated code: D:\Micro_Controller\STM32\Projects\LCD_Projects\LCD_Sring\MXTmpFiles\bsp_common_vars.tmp
2024-09-27 01:49:35,082 [INFO] CodeEngine:255 - oldGeneratedFile, D:\Micro_Controller\STM32\Projects\LCD_Projects\LCD_Sring\MXTmpFiles\bsp_common_init.tmp_save
2024-09-27 01:49:35,124 [INFO] CodeEngine:279 - Generated code: D:\Micro_Controller\STM32\Projects\LCD_Projects\LCD_Sring\MXTmpFiles\bsp_common_init.tmp
2024-09-27 01:49:35,126 [INFO] CodeEngine:255 - oldGeneratedFile, D:\Micro_Controller\STM32\Projects\LCD_Projects\LCD_Sring\MXTmpFiles\bsp_common_demo_before_while.tmp_save
2024-09-27 01:49:35,166 [INFO] CodeEngine:279 - Generated code: D:\Micro_Controller\STM32\Projects\LCD_Projects\LCD_Sring\MXTmpFiles\bsp_common_demo_before_while.tmp
2024-09-27 01:49:35,168 [INFO] CodeEngine:255 - oldGeneratedFile, D:\Micro_Controller\STM32\Projects\LCD_Projects\LCD_Sring\MXTmpFiles\bsp_common_demo_inside_while.tmp_save
2024-09-27 01:49:35,209 [INFO] CodeEngine:279 - Generated code: D:\Micro_Controller\STM32\Projects\LCD_Projects\LCD_Sring\MXTmpFiles\bsp_common_demo_inside_while.tmp
2024-09-27 01:49:35,211 [INFO] CodeEngine:255 - oldGeneratedFile, D:\Micro_Controller\STM32\Projects\LCD_Projects\LCD_Sring\MXTmpFiles\bsp_common_demo_fct.tmp_save
2024-09-27 01:49:35,251 [INFO] CodeEngine:279 - Generated code: D:\Micro_Controller\STM32\Projects\LCD_Projects\LCD_Sring\MXTmpFiles\bsp_common_demo_fct.tmp
2024-09-27 01:49:35,253 [INFO] CodeEngine:255 - oldGeneratedFile, D:\Micro_Controller\STM32\Projects\LCD_Projects\LCD_Sring\MXTmpFiles\bsp_common_demo_gpio.tmp_save
2024-09-27 01:49:35,293 [INFO] CodeEngine:279 - Generated code: D:\Micro_Controller\STM32\Projects\LCD_Projects\LCD_Sring\MXTmpFiles\bsp_common_demo_gpio.tmp
2024-09-27 01:49:35,300 [INFO] CodeEngine:255 - oldGeneratedFile, D:\Micro_Controller\STM32\Projects\LCD_Projects\LCD_Sring\Core\Src\stm32wbaxx_it.c_save
2024-09-27 01:49:35,409 [INFO] CodeEngine:279 - Generated code: D:\Micro_Controller\STM32\Projects\LCD_Projects\LCD_Sring\Core\Src\stm32wbaxx_it.c
2024-09-27 01:49:35,412 [INFO] CodeEngine:255 - oldGeneratedFile, D:\Micro_Controller\STM32\Projects\LCD_Projects\LCD_Sring\Core\Inc\stm32wbaxx_it.h_save
2024-09-27 01:49:35,454 [INFO] CodeEngine:279 - Generated code: D:\Micro_Controller\STM32\Projects\LCD_Projects\LCD_Sring\Core\Inc\stm32wbaxx_it.h
2024-09-27 01:49:35,461 [INFO] CodeEngine:255 - oldGeneratedFile, D:\Micro_Controller\STM32\Projects\LCD_Projects\LCD_Sring\Core\Src\stm32wbaxx_hal_msp.c_save
2024-09-27 01:49:35,521 [INFO] CodeEngine:279 - Generated code: D:\Micro_Controller\STM32\Projects\LCD_Projects\LCD_Sring\Core\Src\stm32wbaxx_hal_msp.c
2024-09-27 01:49:35,523 [INFO] CodeEngine:255 - oldGeneratedFile, D:\Micro_Controller\STM32\Projects\LCD_Projects\LCD_Sring\MXTmpFiles\system.tmp_save
2024-09-27 01:49:35,563 [INFO] CodeEngine:279 - Generated code: D:\Micro_Controller\STM32\Projects\LCD_Projects\LCD_Sring\MXTmpFiles\system.tmp
2024-09-27 01:49:35,568 [INFO] CodeEngine:311 - oldGeneratedFile, D:\Micro_Controller\STM32\Projects\LCD_Projects\LCD_Sring\Core\Inc\stm32wbaxx_hal_conf.h_save
2024-09-27 01:49:35,612 [INFO] CodeEngine:335 - Generated code: D:\Micro_Controller\STM32\Projects\LCD_Projects\LCD_Sring\Core\Inc\stm32wbaxx_hal_conf.h
2024-09-27 01:49:35,623 [INFO] CodeEngine:255 - oldGeneratedFile, D:\Micro_Controller\STM32\Projects\LCD_Projects\LCD_Sring\Core\Inc\main.h_save
2024-09-27 01:49:35,675 [INFO] CodeEngine:279 - Generated code: D:\Micro_Controller\STM32\Projects\LCD_Projects\LCD_Sring\Core\Inc\main.h
2024-09-27 01:49:35,677 [INFO] CodeEngine:255 - oldGeneratedFile, D:\Micro_Controller\STM32\Projects\LCD_Projects\LCD_Sring\Core\Src\main.c_save
2024-09-27 01:49:35,746 [INFO] CodeEngine:279 - Generated code: D:\Micro_Controller\STM32\Projects\LCD_Projects\LCD_Sring\Core\Src\main.c
2024-09-27 01:49:35,957 [INFO] ProjectBuilder:3249 - Time for Copy HAL[1] : 83mS.
2024-09-27 01:49:35,959 [INFO] ProjectBuilder:4828 - Project Generator version: 4.4.0-B60
2024-09-27 01:49:36,033 [INFO] ConfigFileManager:1531 - The Die is : DIE492
2024-09-27 01:49:36,509 [INFO] ProjectBuilder:5097 - Time for Generating toolchain IDE Files: 550mS.
2024-09-27 01:49:36,510 [INFO] ProjectBuilder:3107 - Time for Copy CMSIS : 0mS.
2024-09-27 01:49:36,511 [INFO] ProjectBuilder:3107 - Time for Copy CMSIS : 0mS.
2024-09-27 02:06:35,945 [INFO] UtilMem:75 - End SaveConfig() Used Memory: 735008856 Bytes (1073741824)
2024-09-27 02:06:37,162 [INFO] UtilMem:75 - End SaveConfig() Used Memory: 755885688 Bytes (1073741824)
2024-09-27 02:06:38,034 [ERROR] IocParser:95 - Exception caught: null
2024-09-27 02:06:38,571 [INFO] UtilMem:75 - End SaveConfig() Used Memory: 830955608 Bytes (1073741824)
2024-09-27 02:06:38,672 [INFO] BlockDiagram:2766 - set Specific Code input for plugin: MEMORYMAP
2024-09-27 02:06:38,672 [INFO] BlockDiagram:2766 - set Specific Code input for plugin: PWR
2024-09-27 02:06:38,672 [INFO] BlockDiagram:2766 - set Specific Code input for plugin: SYS
2024-09-27 02:06:38,672 [INFO] BlockDiagram:2766 - set Specific Code input for plugin: RCC
2024-09-27 02:06:38,672 [INFO] BlockDiagram:2766 - set Specific Code input for plugin: NVIC
2024-09-27 02:06:38,672 [INFO] BlockDiagram:2766 - set Specific Code input for plugin: ICACHE
2024-09-27 02:06:38,672 [INFO] BlockDiagram:2766 - set Specific Code input for plugin: NUCLEO-WBA52CG
2024-09-27 02:06:38,672 [INFO] BlockDiagram:2766 - set Specific Code input for plugin: GPIO
2024-09-27 02:06:38,674 [INFO] CodeGenerator:807 - code generatio: config db path: C:\ST\STM32CubeIDE_1.16.0\STM32CubeIDE\plugins\com.st.stm32cube.common.mx_6.12.0.202406281431\\db\
2024-09-27 02:06:38,729 [INFO] CodeEngine:255 - oldGeneratedFile, D:\Micro_Controller\STM32\Projects\LCD_Projects\LCD_Sring\MXTmpFiles\license.tmp_save
2024-09-27 02:06:38,785 [INFO] CodeEngine:279 - Generated code: D:\Micro_Controller\STM32\Projects\LCD_Projects\LCD_Sring\MXTmpFiles\license.tmp
2024-09-27 02:06:38,838 [INFO] CodeEngine:255 - oldGeneratedFile, D:\Micro_Controller\STM32\Projects\LCD_Projects\LCD_Sring\MXTmpFiles\gpio.tmp_save
2024-09-27 02:06:38,844 [ERROR] IocParser:95 - Exception caught: null
2024-09-27 02:06:38,888 [INFO] CodeEngine:279 - Generated code: D:\Micro_Controller\STM32\Projects\LCD_Projects\LCD_Sring\MXTmpFiles\gpio.tmp
2024-09-27 02:06:38,968 [WARN] IPConfigManager:98 - WARNING: Missing Config File for MEMORYMAP ip!!
2024-09-27 02:06:38,968 [WARN] IP:2191 - DefaultDataRegion not found: check if there is a RefParameter without a condition.
2024-09-27 02:06:39,120 [INFO] CodeEngine:255 - oldGeneratedFile, D:\Micro_Controller\STM32\Projects\LCD_Projects\LCD_Sring\MXTmpFiles\cortex.tmp_save
2024-09-27 02:06:39,167 [INFO] CodeEngine:279 - Generated code: D:\Micro_Controller\STM32\Projects\LCD_Projects\LCD_Sring\MXTmpFiles\cortex.tmp
2024-09-27 02:06:39,190 [INFO] CodeEngine:255 - oldGeneratedFile, D:\Micro_Controller\STM32\Projects\LCD_Projects\LCD_Sring\Core\Inc\stm32wbaxx_nucleo_conf.h_save
2024-09-27 02:06:39,233 [INFO] CodeEngine:279 - Generated code: D:\Micro_Controller\STM32\Projects\LCD_Projects\LCD_Sring\Core\Inc\stm32wbaxx_nucleo_conf.h
2024-09-27 02:06:39,235 [INFO] CodeEngine:255 - oldGeneratedFile, D:\Micro_Controller\STM32\Projects\LCD_Projects\LCD_Sring\MXTmpFiles\bsp_inc.tmp_save
2024-09-27 02:06:39,274 [INFO] CodeEngine:279 - Generated code: D:\Micro_Controller\STM32\Projects\LCD_Projects\LCD_Sring\MXTmpFiles\bsp_inc.tmp
2024-09-27 02:06:39,276 [INFO] CodeEngine:255 - oldGeneratedFile, D:\Micro_Controller\STM32\Projects\LCD_Projects\LCD_Sring\MXTmpFiles\bsp_common_vars.tmp_save
2024-09-27 02:06:39,316 [INFO] CodeEngine:279 - Generated code: D:\Micro_Controller\STM32\Projects\LCD_Projects\LCD_Sring\MXTmpFiles\bsp_common_vars.tmp
2024-09-27 02:06:39,318 [INFO] CodeEngine:255 - oldGeneratedFile, D:\Micro_Controller\STM32\Projects\LCD_Projects\LCD_Sring\MXTmpFiles\bsp_common_init.tmp_save
2024-09-27 02:06:39,360 [INFO] CodeEngine:279 - Generated code: D:\Micro_Controller\STM32\Projects\LCD_Projects\LCD_Sring\MXTmpFiles\bsp_common_init.tmp
2024-09-27 02:06:39,361 [INFO] CodeEngine:255 - oldGeneratedFile, D:\Micro_Controller\STM32\Projects\LCD_Projects\LCD_Sring\MXTmpFiles\bsp_common_demo_before_while.tmp_save
2024-09-27 02:06:39,402 [INFO] CodeEngine:279 - Generated code: D:\Micro_Controller\STM32\Projects\LCD_Projects\LCD_Sring\MXTmpFiles\bsp_common_demo_before_while.tmp
2024-09-27 02:06:39,404 [INFO] CodeEngine:255 - oldGeneratedFile, D:\Micro_Controller\STM32\Projects\LCD_Projects\LCD_Sring\MXTmpFiles\bsp_common_demo_inside_while.tmp_save
2024-09-27 02:06:39,445 [INFO] CodeEngine:279 - Generated code: D:\Micro_Controller\STM32\Projects\LCD_Projects\LCD_Sring\MXTmpFiles\bsp_common_demo_inside_while.tmp
2024-09-27 02:06:39,447 [INFO] CodeEngine:255 - oldGeneratedFile, D:\Micro_Controller\STM32\Projects\LCD_Projects\LCD_Sring\MXTmpFiles\bsp_common_demo_fct.tmp_save
2024-09-27 02:06:39,488 [INFO] CodeEngine:279 - Generated code: D:\Micro_Controller\STM32\Projects\LCD_Projects\LCD_Sring\MXTmpFiles\bsp_common_demo_fct.tmp
2024-09-27 02:06:39,490 [INFO] CodeEngine:255 - oldGeneratedFile, D:\Micro_Controller\STM32\Projects\LCD_Projects\LCD_Sring\MXTmpFiles\bsp_common_demo_gpio.tmp_save
2024-09-27 02:06:39,531 [INFO] CodeEngine:279 - Generated code: D:\Micro_Controller\STM32\Projects\LCD_Projects\LCD_Sring\MXTmpFiles\bsp_common_demo_gpio.tmp
2024-09-27 02:06:39,538 [INFO] CodeEngine:255 - oldGeneratedFile, D:\Micro_Controller\STM32\Projects\LCD_Projects\LCD_Sring\Core\Src\stm32wbaxx_it.c_save
2024-09-27 02:06:39,654 [INFO] CodeEngine:279 - Generated code: D:\Micro_Controller\STM32\Projects\LCD_Projects\LCD_Sring\Core\Src\stm32wbaxx_it.c
2024-09-27 02:06:39,656 [INFO] CodeEngine:255 - oldGeneratedFile, D:\Micro_Controller\STM32\Projects\LCD_Projects\LCD_Sring\Core\Inc\stm32wbaxx_it.h_save
2024-09-27 02:06:39,701 [INFO] CodeEngine:279 - Generated code: D:\Micro_Controller\STM32\Projects\LCD_Projects\LCD_Sring\Core\Inc\stm32wbaxx_it.h
2024-09-27 02:06:39,709 [INFO] CodeEngine:255 - oldGeneratedFile, D:\Micro_Controller\STM32\Projects\LCD_Projects\LCD_Sring\Core\Src\stm32wbaxx_hal_msp.c_save
2024-09-27 02:06:39,775 [INFO] CodeEngine:279 - Generated code: D:\Micro_Controller\STM32\Projects\LCD_Projects\LCD_Sring\Core\Src\stm32wbaxx_hal_msp.c
2024-09-27 02:06:39,777 [INFO] CodeEngine:255 - oldGeneratedFile, D:\Micro_Controller\STM32\Projects\LCD_Projects\LCD_Sring\MXTmpFiles\system.tmp_save
2024-09-27 02:06:39,821 [INFO] CodeEngine:279 - Generated code: D:\Micro_Controller\STM32\Projects\LCD_Projects\LCD_Sring\MXTmpFiles\system.tmp
2024-09-27 02:06:39,825 [INFO] CodeEngine:311 - oldGeneratedFile, D:\Micro_Controller\STM32\Projects\LCD_Projects\LCD_Sring\Core\Inc\stm32wbaxx_hal_conf.h_save
2024-09-27 02:06:39,884 [INFO] CodeEngine:335 - Generated code: D:\Micro_Controller\STM32\Projects\LCD_Projects\LCD_Sring\Core\Inc\stm32wbaxx_hal_conf.h
2024-09-27 02:06:39,894 [INFO] CodeEngine:255 - oldGeneratedFile, D:\Micro_Controller\STM32\Projects\LCD_Projects\LCD_Sring\Core\Inc\main.h_save
2024-09-27 02:06:39,945 [INFO] CodeEngine:279 - Generated code: D:\Micro_Controller\STM32\Projects\LCD_Projects\LCD_Sring\Core\Inc\main.h
2024-09-27 02:06:39,948 [INFO] CodeEngine:255 - oldGeneratedFile, D:\Micro_Controller\STM32\Projects\LCD_Projects\LCD_Sring\Core\Src\main.c_save
2024-09-27 02:06:40,019 [INFO] CodeEngine:279 - Generated code: D:\Micro_Controller\STM32\Projects\LCD_Projects\LCD_Sring\Core\Src\main.c
2024-09-27 02:06:40,219 [INFO] ProjectBuilder:3249 - Time for Copy HAL[1] : 84mS.
2024-09-27 02:06:40,221 [INFO] ProjectBuilder:4828 - Project Generator version: 4.4.0-B60
2024-09-27 02:06:40,277 [INFO] ConfigFileManager:1531 - The Die is : DIE492
2024-09-27 02:06:40,759 [INFO] ProjectBuilder:5097 - Time for Generating toolchain IDE Files: 538mS.
2024-09-27 02:06:40,759 [INFO] ProjectBuilder:3107 - Time for Copy CMSIS : 0mS.
2024-09-27 02:06:40,760 [INFO] ProjectBuilder:3107 - Time for Copy CMSIS : 0mS.
2024-09-27 02:08:14,257 [INFO] ParamManager:896 - [Generic UI] PropertyChangeEvent: TAB_STATUS_CHANGED , "dont care", "never mind"
2024-09-27 02:08:31,003 [INFO] ParamManager:896 - [Generic UI] PropertyChangeEvent: TAB_STATUS_CHANGED , "dont care", "never mind"
2024-09-27 02:08:48,644 [INFO] UtilMem:75 - End SaveConfig() Used Memory: 938231064 Bytes (1073741824)
2024-09-27 02:08:50,125 [ERROR] IocParser:95 - Exception caught: null
2024-09-27 02:08:50,749 [INFO] UtilMem:75 - End SaveConfig() Used Memory: 963846496 Bytes (1073741824)
2024-09-27 02:08:50,871 [INFO] UtilMem:75 - End SaveConfig() Used Memory: 723377200 Bytes (1073741824)
2024-09-27 02:08:50,982 [INFO] BlockDiagram:2766 - set Specific Code input for plugin: MEMORYMAP
2024-09-27 02:08:50,982 [INFO] BlockDiagram:2766 - set Specific Code input for plugin: PWR
2024-09-27 02:08:50,982 [INFO] BlockDiagram:2766 - set Specific Code input for plugin: SYS
2024-09-27 02:08:50,982 [INFO] BlockDiagram:2766 - set Specific Code input for plugin: RCC
2024-09-27 02:08:50,982 [INFO] BlockDiagram:2766 - set Specific Code input for plugin: NVIC
2024-09-27 02:08:50,982 [INFO] BlockDiagram:2766 - set Specific Code input for plugin: ICACHE
2024-09-27 02:08:50,982 [INFO] BlockDiagram:2766 - set Specific Code input for plugin: NUCLEO-WBA52CG
2024-09-27 02:08:50,982 [INFO] BlockDiagram:2766 - set Specific Code input for plugin: GPIO
2024-09-27 02:08:50,982 [INFO] CodeGenerator:807 - code generatio: config db path: C:\ST\STM32CubeIDE_1.16.0\STM32CubeIDE\plugins\com.st.stm32cube.common.mx_6.12.0.202406281431\\db\
2024-09-27 02:08:50,985 [ERROR] IocParser:95 - Exception caught: null
2024-09-27 02:08:51,038 [INFO] CodeEngine:255 - oldGeneratedFile, D:\Micro_Controller\STM32\Projects\LCD_Projects\LCD_Sring\MXTmpFiles\license.tmp_save
2024-09-27 02:08:51,080 [INFO] CodeEngine:279 - Generated code: D:\Micro_Controller\STM32\Projects\LCD_Projects\LCD_Sring\MXTmpFiles\license.tmp
2024-09-27 02:08:51,121 [INFO] CodeEngine:255 - oldGeneratedFile, D:\Micro_Controller\STM32\Projects\LCD_Projects\LCD_Sring\MXTmpFiles\gpio.tmp_save
2024-09-27 02:08:51,165 [INFO] CodeEngine:279 - Generated code: D:\Micro_Controller\STM32\Projects\LCD_Projects\LCD_Sring\MXTmpFiles\gpio.tmp
2024-09-27 02:08:51,236 [WARN] IPConfigManager:98 - WARNING: Missing Config File for MEMORYMAP ip!!
2024-09-27 02:08:51,236 [WARN] IP:2191 - DefaultDataRegion not found: check if there is a RefParameter without a condition.
2024-09-27 02:08:51,383 [INFO] CodeEngine:255 - oldGeneratedFile, D:\Micro_Controller\STM32\Projects\LCD_Projects\LCD_Sring\MXTmpFiles\cortex.tmp_save
2024-09-27 02:08:51,422 [INFO] CodeEngine:279 - Generated code: D:\Micro_Controller\STM32\Projects\LCD_Projects\LCD_Sring\MXTmpFiles\cortex.tmp
2024-09-27 02:08:51,445 [INFO] CodeEngine:255 - oldGeneratedFile, D:\Micro_Controller\STM32\Projects\LCD_Projects\LCD_Sring\Core\Inc\stm32wbaxx_nucleo_conf.h_save
2024-09-27 02:08:51,486 [INFO] CodeEngine:279 - Generated code: D:\Micro_Controller\STM32\Projects\LCD_Projects\LCD_Sring\Core\Inc\stm32wbaxx_nucleo_conf.h
2024-09-27 02:08:51,488 [INFO] CodeEngine:255 - oldGeneratedFile, D:\Micro_Controller\STM32\Projects\LCD_Projects\LCD_Sring\MXTmpFiles\bsp_inc.tmp_save
2024-09-27 02:08:51,528 [INFO] CodeEngine:279 - Generated code: D:\Micro_Controller\STM32\Projects\LCD_Projects\LCD_Sring\MXTmpFiles\bsp_inc.tmp
2024-09-27 02:08:51,530 [INFO] CodeEngine:255 - oldGeneratedFile, D:\Micro_Controller\STM32\Projects\LCD_Projects\LCD_Sring\MXTmpFiles\bsp_common_vars.tmp_save
2024-09-27 02:08:51,573 [INFO] CodeEngine:279 - Generated code: D:\Micro_Controller\STM32\Projects\LCD_Projects\LCD_Sring\MXTmpFiles\bsp_common_vars.tmp
2024-09-27 02:08:51,575 [INFO] CodeEngine:255 - oldGeneratedFile, D:\Micro_Controller\STM32\Projects\LCD_Projects\LCD_Sring\MXTmpFiles\bsp_common_init.tmp_save
2024-09-27 02:08:51,617 [INFO] CodeEngine:279 - Generated code: D:\Micro_Controller\STM32\Projects\LCD_Projects\LCD_Sring\MXTmpFiles\bsp_common_init.tmp
2024-09-27 02:08:51,619 [INFO] CodeEngine:255 - oldGeneratedFile, D:\Micro_Controller\STM32\Projects\LCD_Projects\LCD_Sring\MXTmpFiles\bsp_common_demo_before_while.tmp_save
2024-09-27 02:08:51,659 [INFO] CodeEngine:279 - Generated code: D:\Micro_Controller\STM32\Projects\LCD_Projects\LCD_Sring\MXTmpFiles\bsp_common_demo_before_while.tmp
2024-09-27 02:08:51,661 [INFO] CodeEngine:255 - oldGeneratedFile, D:\Micro_Controller\STM32\Projects\LCD_Projects\LCD_Sring\MXTmpFiles\bsp_common_demo_inside_while.tmp_save
2024-09-27 02:08:51,701 [INFO] CodeEngine:279 - Generated code: D:\Micro_Controller\STM32\Projects\LCD_Projects\LCD_Sring\MXTmpFiles\bsp_common_demo_inside_while.tmp
2024-09-27 02:08:51,703 [INFO] CodeEngine:255 - oldGeneratedFile, D:\Micro_Controller\STM32\Projects\LCD_Projects\LCD_Sring\MXTmpFiles\bsp_common_demo_fct.tmp_save
2024-09-27 02:08:51,744 [INFO] CodeEngine:279 - Generated code: D:\Micro_Controller\STM32\Projects\LCD_Projects\LCD_Sring\MXTmpFiles\bsp_common_demo_fct.tmp
2024-09-27 02:08:51,745 [INFO] CodeEngine:255 - oldGeneratedFile, D:\Micro_Controller\STM32\Projects\LCD_Projects\LCD_Sring\MXTmpFiles\bsp_common_demo_gpio.tmp_save
2024-09-27 02:08:51,784 [INFO] CodeEngine:279 - Generated code: D:\Micro_Controller\STM32\Projects\LCD_Projects\LCD_Sring\MXTmpFiles\bsp_common_demo_gpio.tmp
2024-09-27 02:08:51,791 [INFO] CodeEngine:255 - oldGeneratedFile, D:\Micro_Controller\STM32\Projects\LCD_Projects\LCD_Sring\Core\Src\stm32wbaxx_it.c_save
2024-09-27 02:08:51,840 [INFO] CodeEngine:279 - Generated code: D:\Micro_Controller\STM32\Projects\LCD_Projects\LCD_Sring\Core\Src\stm32wbaxx_it.c
2024-09-27 02:08:51,843 [INFO] CodeEngine:255 - oldGeneratedFile, D:\Micro_Controller\STM32\Projects\LCD_Projects\LCD_Sring\Core\Inc\stm32wbaxx_it.h_save
2024-09-27 02:08:51,884 [INFO] CodeEngine:279 - Generated code: D:\Micro_Controller\STM32\Projects\LCD_Projects\LCD_Sring\Core\Inc\stm32wbaxx_it.h
2024-09-27 02:08:51,892 [INFO] CodeEngine:255 - oldGeneratedFile, D:\Micro_Controller\STM32\Projects\LCD_Projects\LCD_Sring\Core\Src\stm32wbaxx_hal_msp.c_save
2024-09-27 02:08:51,952 [INFO] CodeEngine:279 - Generated code: D:\Micro_Controller\STM32\Projects\LCD_Projects\LCD_Sring\Core\Src\stm32wbaxx_hal_msp.c
2024-09-27 02:08:51,954 [INFO] CodeEngine:255 - oldGeneratedFile, D:\Micro_Controller\STM32\Projects\LCD_Projects\LCD_Sring\MXTmpFiles\system.tmp_save
2024-09-27 02:08:51,995 [INFO] CodeEngine:279 - Generated code: D:\Micro_Controller\STM32\Projects\LCD_Projects\LCD_Sring\MXTmpFiles\system.tmp
2024-09-27 02:08:52,000 [INFO] CodeEngine:311 - oldGeneratedFile, D:\Micro_Controller\STM32\Projects\LCD_Projects\LCD_Sring\Core\Inc\stm32wbaxx_hal_conf.h_save
2024-09-27 02:08:52,045 [INFO] CodeEngine:335 - Generated code: D:\Micro_Controller\STM32\Projects\LCD_Projects\LCD_Sring\Core\Inc\stm32wbaxx_hal_conf.h
2024-09-27 02:08:52,057 [INFO] CodeEngine:255 - oldGeneratedFile, D:\Micro_Controller\STM32\Projects\LCD_Projects\LCD_Sring\Core\Inc\main.h_save
2024-09-27 02:08:52,102 [INFO] CodeEngine:279 - Generated code: D:\Micro_Controller\STM32\Projects\LCD_Projects\LCD_Sring\Core\Inc\main.h
2024-09-27 02:08:52,104 [INFO] CodeEngine:255 - oldGeneratedFile, D:\Micro_Controller\STM32\Projects\LCD_Projects\LCD_Sring\Core\Src\main.c_save
2024-09-27 02:08:52,169 [INFO] CodeEngine:279 - Generated code: D:\Micro_Controller\STM32\Projects\LCD_Projects\LCD_Sring\Core\Src\main.c
2024-09-27 02:08:52,378 [INFO] ProjectBuilder:3249 - Time for Copy HAL[1] : 81mS.
2024-09-27 02:08:52,379 [INFO] ProjectBuilder:4828 - Project Generator version: 4.4.0-B60
2024-09-27 02:08:52,472 [INFO] ConfigFileManager:1531 - The Die is : DIE492
2024-09-27 02:08:52,930 [INFO] ProjectBuilder:5097 - Time for Generating toolchain IDE Files: 551mS.
2024-09-27 02:08:52,930 [INFO] ProjectBuilder:3107 - Time for Copy CMSIS : 0mS.
2024-09-27 02:08:52,931 [INFO] ProjectBuilder:3107 - Time for Copy CMSIS : 0mS.
