C51 COMPILER V9.60.7.0   MAIN                                                              11/15/2024 14:13:58 PAGE 1   


C51 COMPILER V9.60.7.0, COMPILATION OF MODULE MAIN
OBJECT MODULE PLACED IN .\Objects\main.obj
COMPILER INVOKED BY: C:\Keil_v5\C51\BIN\C51.EXE main.c OPTIMIZE(8,SPEED) BROWSE DEBUG OBJECTEXTEND PRINT(.\Listings\main
                    -.lst) TABS(2) OBJECT(.\Objects\main.obj)

line level    source

   1          
   2          #include "../../../Lib/LED/LED.h"   
   3          #include "../../../Lib/Switch/Switch.h"
   4          
   5          
   6          void main()
   7          {
   8   1          while(1)
   9   1          {
  10   2             if(Switch1() == 1)
  11   2             {
  12   3               LED1_ON();
  13   3               LED2_OFF();
  14   3             }
  15   2             else if(Switch2() == 1)
  16   2             {
  17   3               LED2_ON();
  18   3               LED1_OFF();
  19   3             }
  20   2              
  21   2          }
  22   1      }


MODULE INFORMATION:   STATIC OVERLAYABLE
   CODE SIZE        =     28    ----
   CONSTANT SIZE    =   ----    ----
   XDATA SIZE       =   ----    ----
   PDATA SIZE       =   ----    ----
   DATA SIZE        =   ----    ----
   IDATA SIZE       =   ----    ----
   BIT SIZE         =   ----    ----
END OF MODULE INFORMATION.


C51 COMPILATION COMPLETE.  0 WARNING(S),  0 ERROR(S)
