C51 COMPILER V9.60.7.0   LCD_SCROLL_DISPLAY                                                09/27/2024 11:07:16 PAGE 1   


C51 COMPILER V9.60.7.0, COMPILATION OF MODULE LCD_SCROLL_DISPLAY
OBJECT MODULE PLACED IN .\Objects\LCD_Scroll_display.obj
COMPILER INVOKED BY: C:\Users\maniv\AppData\Local\Keil_v5\C51\BIN\C51.EXE LCD_Scroll_display.c OPTIMIZE(8,SPEED) BROWSE 
                    -DEBUG OBJECTEXTEND PRINT(.\Listings\LCD_Scroll_display.lst) TABS(2) OBJECT(.\Objects\LCD_Scroll_display.obj)

line level    source

   1          
   2          
   3          #include <reg51.h>
   4          #include "LCD.h"
   5          #include "Delay.h"
   6          
   7          
   8          void main()
   9          {
  10   1        int i;
  11   1        
  12   1        char a[]="vijayawada is a wonderful city. because of its geological location  ";
  13   1        int len=sizeof(a)-1;
  14   1        
  15   1        
  16   1        
  17   1        LCD_init();
  18   1        
  19   1        
  20   1        
  21   1        
  22   1        while(1)
  23   1        {
  24   2          for(i = 0; i < len ; i++)
  25   2          {
  26   3            
  27   3            LCD_cmd(0x80);
  28   3            LCD_print(&a[i]);
  29   3            Delay(100);
  30   3          }
  31   2        }
  32   1        
  33   1      }


MODULE INFORMATION:   STATIC OVERLAYABLE
   CODE SIZE        =     83    ----
   CONSTANT SIZE    =     69    ----
   XDATA SIZE       =   ----    ----
   PDATA SIZE       =   ----    ----
   DATA SIZE        =   ----      73
   IDATA SIZE       =   ----    ----
   BIT SIZE         =   ----    ----
END OF MODULE INFORMATION.


C51 COMPILATION COMPLETE.  0 WARNING(S),  0 ERROR(S)
