C51 COMPILER V9.60.7.0   KEYPAD                                                            09/27/2024 18:31:25 PAGE 1   


C51 COMPILER V9.60.7.0, COMPILATION OF MODULE KEYPAD
OBJECT MODULE PLACED IN .\Objects\Keypad.obj
COMPILER INVOKED BY: C:\Users\maniv\AppData\Local\Keil_v5\C51\BIN\C51.EXE Keypad.c OPTIMIZE(8,SPEED) BROWSE DEBUG OBJECT
                    -EXTEND PRINT(.\Listings\Keypad.lst) TABS(2) OBJECT(.\Objects\Keypad.obj)

line level    source

   1          
   2          
   3          #include <reg51.h>
   4          #include "KEYPAD.h"
   5          #include "Delay.h"
   6          #include "LCD.h"
   7          
   8          
   9          
  10          
  11          
  12          void main()
  13          {
  14   1        char num1[10];
  15   1        int i=0;
  16   1        while(1)
  17   1        {
  18   2            
  19   2          C2=1;C1=0;C3=1;C2 = 1;
  20   2          
  21   2            if(R1 == 0){ Delay(500); LCD_data('7'); num1[i++]='7'; }
  22   2            if(R2 == 0){ Delay(500); LCD_data('8'); num1[i++]='8'; }
  23   2            if(R3 == 0){ Delay(500); LCD_data('9'); num1[i++]='9'; }
  24   2            if(R4 == 0){ Delay(500); LCD_data('/'); num1[i++]='/';}  
  25   2            
  26   2         
  27   2         C1=1;C2 = 0;C3=1;C4 = 1;
  28   2        
  29   2            if(R1 == 0){ Delay(500); LCD_data('4'); num1[i++]='4'; }
  30   2            if(R2 == 0){ Delay(500); LCD_data('5'); num1[i++]='5'; }
  31   2            if(R3 == 0){ Delay(500); LCD_data('6'); num1[i++]='6'; }
  32   2            if(R4 == 0){ Delay(500); LCD_data('*'); num1[i++]='*';}  
  33   2            
  34   2         C2=1;C1=1;C3=0;C4 =1; 
  35   2          
  36   2            if(R1 == 0){ Delay(500); LCD_data('1'); num1[i++]='1'; }
  37   2            if(R2 == 0){ Delay(500); LCD_data('2'); num1[i++]='2'; }
  38   2            if(R3 == 0){ Delay(500); LCD_data('3'); num1[i++]='3'; }
  39   2            if(R4 == 0){ Delay(500); LCD_data('-'); num1[i++]='-';}  
  40   2      
  41   2         
  42   2         C1 =1;C2 =1;C3 =1;C4 =0;
  43   2            
  44   2            if(R2 == 0){ Delay(500); LCD_data('0'); num1[i++]='0'; }
  45   2            if(R3 == 0){ Delay(500); LCD_data('='); num1[i++]='='; }
  46   2            if(R4 == 0){ Delay(500); LCD_data('+'); num1[i++]='+'; }   
  47   2            if(R1 == 0 ){ Delay(500); LCD_cmd(0x01); }
  48   2          C4 = 1;
  49   2            
  50   2         }
  51   1       }
  52          
  53           
  54            
C51 COMPILER V9.60.7.0   KEYPAD                                                            09/27/2024 18:31:25 PAGE 2   

  55            


MODULE INFORMATION:   STATIC OVERLAYABLE
   CODE SIZE        =    492    ----
   CONSTANT SIZE    =   ----    ----
   XDATA SIZE       =   ----    ----
   PDATA SIZE       =   ----    ----
   DATA SIZE        =   ----      12
   IDATA SIZE       =   ----    ----
   BIT SIZE         =   ----    ----
END OF MODULE INFORMATION.


C51 COMPILATION COMPLETE.  0 WARNING(S),  0 ERROR(S)
