C51 COMPILER V9.60.7.0   KEYPAD_MAIN                                                       09/27/2024 18:31:25 PAGE 1   


C51 COMPILER V9.60.7.0, COMPILATION OF MODULE KEYPAD_MAIN
OBJECT MODULE PLACED IN .\Objects\Keypad_main.obj
COMPILER INVOKED BY: C:\Users\maniv\AppData\Local\Keil_v5\C51\BIN\C51.EXE Keypad_main.c OPTIMIZE(8,SPEED) BROWSE DEBUG O
                    -BJECTEXTEND PRINT(.\Listings\Keypad_main.lst) TABS(2) OBJECT(.\Objects\Keypad_main.obj)

line level    source

   1          
   2          
   3          #include <reg51.h>
   4          #include "Delay.h"
   5          #include "LCD.h"
   6          #include "LCD_ITOA.h"
   7          
   8          
   9          void main()
  10          {
  11   1        
  12   1        LCD_init();
  13   1        
  14   1        
  15   1      }
  16            
  17           
  18            
  19            


MODULE INFORMATION:   STATIC OVERLAYABLE
   CODE SIZE        =      3    ----
   CONSTANT SIZE    =   ----    ----
   XDATA SIZE       =   ----    ----
   PDATA SIZE       =   ----    ----
   DATA SIZE        =   ----    ----
   IDATA SIZE       =   ----    ----
   BIT SIZE         =   ----    ----
END OF MODULE INFORMATION.


C51 COMPILATION COMPLETE.  0 WARNING(S),  0 ERROR(S)
