C51 COMPILER V9.60.7.0   PULSE                                                             10/17/2024 17:52:39 PAGE 1   


C51 COMPILER V9.60.7.0, COMPILATION OF MODULE PULSE
OBJECT MODULE PLACED IN .\Objects\pulse.obj
COMPILER INVOKED BY: C:\Users\maniv\AppData\Local\Keil_v5\C51\BIN\C51.EXE pulse.c OPTIMIZE(8,SPEED) BROWSE DEBUG OBJECTE
                    -XTEND PRINT(.\Listings\pulse.lst) TABS(2) OBJECT(.\Objects\pulse.obj)

line level    source

   1          #include <reg51.h>
   2          
   3          sbit PWM = P2^0;
   4          
   5           unsigned char i,j,k;
   6            
   7          void Long_Delay(unsigned char num)
   8          {
   9   1      for(k = 0; k<num; k++)
  10   1        {
  11   2      TMOD = 0x01;
  12   2      TL0 = 0x40;
  13   2      TH0 = 0x4C;
  14   2      TR0 = 1;
  15   2      while(TF0 == 0);
  16   2      TF0 = 0;
  17   2      TR0 = 0;
  18   2        } 
  19   1      }
  20          
  21          void Short_Delay()
  22          {
  23   1      
  24   1      TMOD = 0x01;
  25   1      TL0 = 0x00;
  26   1      TH0 = 0xA6;
  27   1      TR0 = 1;
  28   1      while(TF0 == 0); 
  29   1      TF0 = 0;
  30   1      TR0 = 0;
  31   1      }
  32          
  33          void main()
  34          {
  35   1        
  36   1      
  37   1        for(i = 0; i<10; i++)
  38   1        {
  39   2          PWM= ~PWM;
  40   2          Long_Delay(1);
  41   2        }
  42   1        PWM = 0;
  43   1        Long_Delay(4);
  44   1        for(j = 0; j<20; j++)
  45   1        {
  46   2              PWM= ~PWM;
  47   2          Short_Delay();
  48   2        }
  49   1        PWM = 1;
  50   1        
  51   1        while(1);
  52   1      }


C51 COMPILER V9.60.7.0   PULSE                                                             10/17/2024 17:52:39 PAGE 2   

MODULE INFORMATION:   STATIC OVERLAYABLE
   CODE SIZE        =     98    ----
   CONSTANT SIZE    =   ----    ----
   XDATA SIZE       =   ----    ----
   PDATA SIZE       =   ----    ----
   DATA SIZE        =      3    ----
   IDATA SIZE       =   ----    ----
   BIT SIZE         =   ----    ----
END OF MODULE INFORMATION.


C51 COMPILATION COMPLETE.  0 WARNING(S),  0 ERROR(S)
