C51 COMPILER V9.60.7.0   PWM                                                               10/18/2024 19:26:33 PAGE 1   


C51 COMPILER V9.60.7.0, COMPILATION OF MODULE PWM
OBJECT MODULE PLACED IN .\Objects\PWM.obj
COMPILER INVOKED BY: C:\Users\maniv\AppData\Local\Keil_v5\C51\BIN\C51.EXE PWM.c OPTIMIZE(8,SPEED) BROWSE DEBUG OBJECTEXT
                    -END PRINT(.\Listings\PWM.lst) TABS(2) OBJECT(.\Objects\PWM.obj)

line level    source

   1          #include <reg51.h>
   2          
   3          sbit LED=P2^0;
   4          unsigned char i,j;
   5          
   6          void Delay(unsigned char num)
   7          {
   8   1        for(i = 0; i < num; i++)
   9   1        {
  10   2          TMOD = 0x01;
  11   2          TL0 = 0xEE;
  12   2          TH0 = 0xFC;
  13   2          TR0 = 1;
  14   2          while(TF0 == 0);
  15   2          TF0 = 0;
  16   2          TR0 = 0;
  17   2        }
  18   1      }
  19          
  20          void main()
  21          {
  22   1        for(j = 0; j < 100; j++)
  23   1        {
  24   2          LED=~LED;
  25   2          Delay(j);
  26   2        }
  27   1      }


MODULE INFORMATION:   STATIC OVERLAYABLE
   CODE SIZE        =     52    ----
   CONSTANT SIZE    =   ----    ----
   XDATA SIZE       =   ----    ----
   PDATA SIZE       =   ----    ----
   DATA SIZE        =      2    ----
   IDATA SIZE       =   ----    ----
   BIT SIZE         =   ----    ----
END OF MODULE INFORMATION.


C51 COMPILATION COMPLETE.  0 WARNING(S),  0 ERROR(S)
