C51 COMPILER V9.60.7.0   MYSERIAL                                                          11/04/2024 14:48:53 PAGE 1   


C51 COMPILER V9.60.7.0, COMPILATION OF MODULE MYSERIAL
OBJECT MODULE PLACED IN .\Objects\myserial.obj
COMPILER INVOKED BY: C:\Keil_v5\C51\BIN\C51.EXE myserial.c OPTIMIZE(8,SPEED) BROWSE DEBUG OBJECTEXTEND PRINT(.\Listings\
                    -myserial.lst) TABS(2) OBJECT(.\Objects\myserial.obj)

line level    source

   1          
   2          
   3          void myserial1(Rx , Tx)
   4          {
   5   1      
   6   1      void Serial_Write(unsigned char x)
   7   1      {
*** ERROR C141 IN LINE 7 OF myserial.c: syntax error near '{', expected ';'
   8   1      for(i =0; i < 8 ; i++)
*** ERROR C136 IN LINE 8 OF myserial.c: 'i': 'void' on variable
*** ERROR C231 IN LINE 8 OF myserial.c: 'i': redefinition
   9   1      {
  10   1       Tx = (x << 1);
*** ERROR C136 IN LINE 10 OF myserial.c: 'Tx': 'void' on variable
*** ERROR C231 IN LINE 10 OF myserial.c: 'Tx': redefinition
*** ERROR C202 IN LINE 10 OF myserial.c: 'x': undefined identifier
  11   1       Delay();
  12   1      }
  13          }
  14          unsigned char Serial_Read(void)
  15          {
  16   1      for(i =0; i < 8 ; i++)
  17   1      {
  18   2      (Rx >> 1) = val;
  19   2       Delay();
  20   2      }
  21   1      }
  22          }

C51 COMPILATION COMPLETE.  0 WARNING(S),  6 ERROR(S)
