C51 COMPILER V9.60.7.0   ADC                                                               11/28/2024 12:05:06 PAGE 1   


C51 COMPILER V9.60.7.0, COMPILATION OF MODULE ADC
OBJECT MODULE PLACED IN .\Objects\ADC.obj
COMPILER INVOKED BY: C:\Keil_v5\C51\BIN\C51.EXE ..\..\..\Lib\ADC\ADC.c OPTIMIZE(8,SPEED) BROWSE DEBUG OBJECTEXTEND PRINT
                    -(.\Listings\ADC.lst) TABS(2) OBJECT(.\Objects\ADC.obj)

line level    source

   1          
   2          #include "GPIO.h"
   3          #include "ADC.h"
   4          #include "D:\Micro_Controller\8051\NOV_24 _Projects\Lib\Delay\Delay.h"
   5          #include "D:\Micro_Controller\8051\NOV_24 _Projects\Lib\LCD\LCD.h"
   6          
   7          void ADC_Init(void)
   8          {
   9   1        INTR = 1;
  10   1        RD1 = 1;
  11   1        WR1 = 1;
  12   1        anlog_Read = 0xff;
  13   1      }
  14          unsigned char ADC_Data_Read(void)
  15          {
  16   1      
  17   1          unsigned char mydata;
  18   1          WR1 = 0;
  19   1          Delay_1ms(10);
  20   1          WR1 = 1;
  21   1          while(INTR == 1);
  22   1          RD1 = 0;
  23   1          mydata = anlog_Read;
  24   1          RD1 =1;
  25   1          return mydata;
  26   1      }
  27          void HEXA_TO_ASCII(float num, unsigned char *str) {
  28   1          int intPart = (int)num;  
  29   1          int fracPart = (int)((num - intPart) * 100);  
  30   1          
  31   1          str[0] = (intPart / 100) % 10 + '0';
  32   1          str[1] = (intPart / 10) % 10 + '0';
  33   1          str[2] = intPart % 10 + '0';
  34   1          str[3] = '.';  
  35   1          str[4] = (fracPart / 10) + '0';
  36   1          str[5] = fracPart % 10 + '0';
  37   1          str[6] = '\0';
  38   1      }
  39          


MODULE INFORMATION:   STATIC OVERLAYABLE
   CODE SIZE        =    252    ----
   CONSTANT SIZE    =   ----    ----
   XDATA SIZE       =   ----    ----
   PDATA SIZE       =   ----    ----
   DATA SIZE        =   ----      11
   IDATA SIZE       =   ----    ----
   BIT SIZE         =   ----    ----
END OF MODULE INFORMATION.


C51 COMPILATION COMPLETE.  0 WARNING(S),  0 ERROR(S)
