C51 COMPILER V9.60.7.0   MAIN                                                              11/28/2024 12:05:05 PAGE 1   


C51 COMPILER V9.60.7.0, COMPILATION OF MODULE MAIN
OBJECT MODULE PLACED IN .\Objects\main.obj
COMPILER INVOKED BY: C:\Keil_v5\C51\BIN\C51.EXE main.c OPTIMIZE(8,SPEED) BROWSE DEBUG OBJECTEXTEND PRINT(.\Listings\main
                    -.lst) TABS(2) OBJECT(.\Objects\main.obj)

line level    source

   1          #include "D:\Micro_Controller\8051\NOV_24 _Projects\Lib\Delay\Delay.h"
   2          #include "D:\Micro_Controller\8051\NOV_24 _Projects\Lib\LCD\LCD.h"
   3          #include "D:\Micro_Controller\8051\NOV_24 _Projects\Lib\ADC\ADC.h"
   4          
   5          #include "GPIO.h"
   6          
   7          void main()
   8          {
   9   1          char display[30];
  10   1          int i;
  11   1          LCD_Init();
  12   1          ADC_Init();
  13   1          LCD_Sprint("WELCOME");
  14   1          Delay_1ms(1000);
  15   1          LCD_Cmd_Write(0x01);
  16   1          while (1)
  17   1          {
  18   2              float Voltage;
  19   2              Voltage = ADC_Data_Read();
  20   2              Voltage = ((Voltage/255) * 5);
  21   2              HEXA_TO_ASCII(Voltage , display);
  22   2              LCD_Cmd_Write(0x80);
  23   2              for (i = 0; display[i] != '\0'; i++)
  24   2              {
  25   3                  LCD_Data_Write(display[i]);
  26   3              }
  27   2              Delay_1ms(1000);
  28   2              LCD_Cmd_Write(0x01);
  29   2          }
  30   1      }


MODULE INFORMATION:   STATIC OVERLAYABLE
   CODE SIZE        =    127    ----
   CONSTANT SIZE    =      8    ----
   XDATA SIZE       =   ----    ----
   PDATA SIZE       =   ----    ----
   DATA SIZE        =   ----      36
   IDATA SIZE       =   ----    ----
   BIT SIZE         =   ----    ----
END OF MODULE INFORMATION.


C51 COMPILATION COMPLETE.  0 WARNING(S),  0 ERROR(S)
