C51 COMPILER V9.60.7.0   MAIN                                                              10/04/2024 20:11:41 PAGE 1   


C51 COMPILER V9.60.7.0, COMPILATION OF MODULE MAIN
OBJECT MODULE PLACED IN .\Objects\Main.obj
COMPILER INVOKED BY: C:\Users\maniv\AppData\Local\Keil_v5\C51\BIN\C51.EXE Main.c OPTIMIZE(8,SPEED) BROWSE DEBUG OBJECTEX
                    -TEND PRINT(.\Listings\Main.lst) TABS(2) OBJECT(.\Objects\Main.obj)

line level    source

   1          #include <reg51.h>
   2          
   3          sbit out =P2^0;
   4          sbit out1 =P1^0;
   5          
   6          
   7          #include <reg51.h>
   8          
   9          /*void H_Delay_ms(unsigned int num) 
  10          {
  11            while( num--)
  12            {
  13              TMOD = 0x10; 
  14              TH1 = 0xFC;   
  15              TL1 = 0x66;   
  16              TR1 = 1; 
  17              while(TF1 == 0);
  18              TR1 = 0; 
  19              TF1 = 0;
  20            }
  21              
  22          }
  23          */
  24          void H_Delay_us(unsigned int num) 
  25          {
  26   1        while(num--)
  27   1        {
  28   2          TMOD = 0x01; 
  29   2          TH0 = 0xFC;   
  30   2          TL0 = 0x66 + num;   
  31   2          TR0 = 1; 
  32   2          while(TF0 == 0);
  33   2          TR0 = 0; 
  34   2          TF0 = 0;  
  35   2        }
  36   1      }
  37          void main()
  38          
  39          {
  40   1        while(1)
  41   1        {
  42   2        out1 = 0;
  43   2        H_Delay_us(1000);
  44   2        out1 = 1;
  45   2        H_Delay_us(1000);
  46   2        }
  47   1      }


MODULE INFORMATION:   STATIC OVERLAYABLE
   CODE SIZE        =     55    ----
   CONSTANT SIZE    =   ----    ----
   XDATA SIZE       =   ----    ----
   PDATA SIZE       =   ----    ----
C51 COMPILER V9.60.7.0   MAIN                                                              10/04/2024 20:11:41 PAGE 2   

   DATA SIZE        =   ----    ----
   IDATA SIZE       =   ----    ----
   BIT SIZE         =   ----    ----
END OF MODULE INFORMATION.


C51 COMPILATION COMPLETE.  0 WARNING(S),  0 ERROR(S)
