C51 COMPILER V9.60.7.0   LCD_CGRAM_DOWN_ARROW                                              09/25/2024 16:51:14 PAGE 1   


C51 COMPILER V9.60.7.0, COMPILATION OF MODULE LCD_CGRAM_DOWN_ARROW
OBJECT MODULE PLACED IN .\Objects\LCD_CGRAM_DOWN_ARROW.obj
COMPILER INVOKED BY: C:\Users\maniv\AppData\Local\Keil_v5\C51\BIN\C51.EXE LCD_CGRAM_DOWN_ARROW.c OPTIMIZE(8,SPEED) BROWS
                    -E DEBUG OBJECTEXTEND PRINT(.\Listings\LCD_CGRAM_DOWN_ARROW.lst) TABS(2) OBJECT(.\Objects\LCD_CGRAM_DOWN_ARROW.obj)

line level    source

   1          
   2          
   3          #include <reg51.h>
   4          #include "LCD.h"
   5          #include "Delay.h"
   6          
   7          void main()
   8          {
   9   1        int i;
  10   1        
  11   1        char a[7]={0x00, 0x04, 0x04, 0x15, 0x0e,0X04,0X00};
  12   1        
  13   1        
  14   1        LCD_init();
  15   1        
  16   1        for(i = 0; i < 7; i++)
  17   1        {
  18   2          LCD_cmd(0x40 + i);
  19   2          LCD_data(a[i]);
  20   2          
  21   2        }
  22   1        while(1)
  23   1        {
  24   2          LCD_cmd(0x82);
  25   2          LCD_data(0);
  26   2          
  27   2        }
  28   1          
  29   1        }


MODULE INFORMATION:   STATIC OVERLAYABLE
   CODE SIZE        =     76    ----
   CONSTANT SIZE    =      7    ----
   XDATA SIZE       =   ----    ----
   PDATA SIZE       =   ----    ----
   DATA SIZE        =   ----       9
   IDATA SIZE       =   ----    ----
   BIT SIZE         =   ----    ----
END OF MODULE INFORMATION.


C51 COMPILATION COMPLETE.  0 WARNING(S),  0 ERROR(S)
