C51 COMPILER V9.60.7.0   I2C                                                               12/01/2024 23:43:23 PAGE 1   


C51 COMPILER V9.60.7.0, COMPILATION OF MODULE I2C
OBJECT MODULE PLACED IN .\Objects\I2C.obj
COMPILER INVOKED BY: C:\Keil_v5\C51\BIN\C51.EXE ..\I2C.c OPTIMIZE(8,SPEED) BROWSE DEBUG OBJECTEXTEND PRINT(.\Listings\I2
                    -C.lst) TABS(2) OBJECT(.\Objects\I2C.obj)

line level    source

   1          #include "D:\Micro_Controller\8051\NOV_24 _Projects\Lib\Delay\Delay.h"
   2          #include "I2C.h"
   3          #include <reg51.h>
   4          
   5          sbit SDA = P2^0;
   6          sbit SCL = P2^1;
   7          
   8          void I2C_Start() {
   9   1          SDA = 1;  
  10   1          SCL = 1;  
  11   1          Delay_1ms(1);  
  12   1          SDA = 0;  
  13   1          Delay_1ms(1);  
  14   1          SCL = 0; 
  15   1      }
  16          
  17          void I2C_Stop() {
  18   1          SCL = 1; 
  19   1          Delay_1ms(1);  
  20   1          SDA = 0;  
  21   1          Delay_1ms(1);  
  22   1          SDA = 1;  
  23   1      }
  24          
  25          void Send_Data(unsigned char data1) {
  26   1          int i;
  27   1          for (i = 7; i >= 0; i--) {
  28   2              SDA = (data1 >> i) & 0x01;  
  29   2              Delay_1ms(1);  
  30   2              SCL = 1;  
  31   2              Delay_1ms(1);  
  32   2              SCL = 0;  
  33   2              Delay_1ms(1); 
  34   2          }
  35   1          if (SDA == 0) {
  36   2              SCL = 1;  
  37   2              Delay_1ms(1);  
  38   2              SCL = 0;  
  39   2              Delay_1ms(1); 
  40   2          } else {
  41   2              I2C_Stop();
  42   2              while(1);  
  43   2          }
  44   1      }


MODULE INFORMATION:   STATIC OVERLAYABLE
   CODE SIZE        =    136    ----
   CONSTANT SIZE    =   ----    ----
   XDATA SIZE       =   ----    ----
   PDATA SIZE       =   ----    ----
   DATA SIZE        =   ----       3
   IDATA SIZE       =   ----    ----
   BIT SIZE         =   ----    ----
C51 COMPILER V9.60.7.0   I2C                                                               12/01/2024 23:43:23 PAGE 2   

END OF MODULE INFORMATION.


C51 COMPILATION COMPLETE.  0 WARNING(S),  0 ERROR(S)
