C51 COMPILER V9.60.7.0   MAIN                                                              12/03/2024 11:58:29 PAGE 1   


C51 COMPILER V9.60.7.0, COMPILATION OF MODULE MAIN
OBJECT MODULE PLACED IN .\Objects\main.obj
COMPILER INVOKED BY: C:\Keil_v5\C51\BIN\C51.EXE main.c OPTIMIZE(8,SPEED) BROWSE DEBUG OBJECTEXTEND PRINT(.\Listings\main
                    -.lst) TABS(2) OBJECT(.\Objects\main.obj)

line level    source

   1          #include "D:\Micro_Controller\8051\NOV_24 _Projects\Lib\I2C\I2C.h"
   2          
   3          void main()
   4          {
   5   1       int i = 300;
   6   1        while(1)
   7   1        {
   8   2          I2C_Start();
   9   2          Send_Data(0x27 << 1);
  10   2          Send_Data('A');
  11   2          Send_Data('E');
  12   2          Send_Data('C');
  13   2          Send_Data('D');
  14   2          I2C_Stop();
  15   2          while(--i);
  16   2        }
  17   1      }


MODULE INFORMATION:   STATIC OVERLAYABLE
   CODE SIZE        =     52    ----
   CONSTANT SIZE    =   ----    ----
   XDATA SIZE       =   ----    ----
   PDATA SIZE       =   ----    ----
   DATA SIZE        =   ----       2
   IDATA SIZE       =   ----    ----
   BIT SIZE         =   ----    ----
END OF MODULE INFORMATION.


C51 COMPILATION COMPLETE.  0 WARNING(S),  0 ERROR(S)
