C51 COMPILER V9.60.7.0   LCD_ADD                                                           09/26/2024 03:45:14 PAGE 1   


C51 COMPILER V9.60.7.0, COMPILATION OF MODULE LCD_ADD
OBJECT MODULE PLACED IN .\Objects\LCD_ADD.obj
COMPILER INVOKED BY: C:\Users\maniv\AppData\Local\Keil_v5\C51\BIN\C51.EXE LCD_ADD.c OPTIMIZE(8,SPEED) BROWSE DEBUG OBJEC
                    -TEXTEND PRINT(.\Listings\LCD_ADD.lst) TABS(2) OBJECT(.\Objects\LCD_ADD.obj)

line level    source

   1          
   2          
   3          #include <reg51.h>
   4          #include "LCD.h"
   5          #include "Delay.h"
   6          #include "LCD_ITOA.h"
   7          
   8          sbit sw1 = P3 ^ 5;
   9          
  10          void main()
  11          {
  12   1          int j;
  13   1      
  14   1          char a[4] = {'+', '-', '*', '/'};
  15   1      
  16   1          int num1 = 200;
  17   1          int num2 = 100;
  18   1          int result;
  19   1      
  20   1          LCD_init();
  21   1      
  22   1          while (1)
  23   1          {
  24   2              if (sw1 == 0)
  25   2              {
  26   3                  Delay(50);
  27   3                  j++;
  28   3                  LCD_cmd(0x01);
  29   3                  if (j >= 4)
  30   3                  {
  31   4                      j = 0;
  32   4                  }
  33   3                  while (sw1 == 0)
  34   3                      ;
  35   3              }
  36   2      
  37   2              switch (j)
  38   2              {
  39   3              case 0:
  40   3                  result = num1 + num2;
  41   3                  break;
  42   3              case 1:
  43   3                  result = num1 - num2;
  44   3                  break;
  45   3              case 2:
  46   3                  result = num1 * num2;
  47   3                  break;
  48   3              case 3:
  49   3                  result = num1 / num2;
  50   3                  break;
  51   3              }
  52   2      
  53   2              LCD_cmd(0x80);
  54   2              LCD_ADD(num1);
C51 COMPILER V9.60.7.0   LCD_ADD                                                           09/26/2024 03:45:14 PAGE 2   

  55   2              LCD_data(a[j]);
  56   2              LCD_ADD(num2);
  57   2              LCD_data('=');
  58   2              LCD_ADD(result);
  59   2          }
  60   1      }


MODULE INFORMATION:   STATIC OVERLAYABLE
   CODE SIZE        =    198    ----
   CONSTANT SIZE    =      4    ----
   XDATA SIZE       =   ----    ----
   PDATA SIZE       =   ----    ----
   DATA SIZE        =   ----      12
   IDATA SIZE       =   ----    ----
   BIT SIZE         =   ----    ----
END OF MODULE INFORMATION.


C51 COMPILATION COMPLETE.  0 WARNING(S),  0 ERROR(S)
