C51 COMPILER V9.60.7.0   MAIN                                                              11/11/2024 15:38:41 PAGE 1   


C51 COMPILER V9.60.7.0, COMPILATION OF MODULE MAIN
OBJECT MODULE PLACED IN .\Objects\main.obj
COMPILER INVOKED BY: C:\Keil_v5\C51\BIN\C51.EXE main.c OPTIMIZE(8,SPEED) BROWSE DEBUG OBJECTEXTEND PRINT(.\Listings\main
                    -.lst) TABS(2) OBJECT(.\Objects\main.obj)

line level    source

   1          #include <reg51.h>
   2          
   3          sbit LED = P0^3;
   4          sbit wave = P1^0;
   5          
   6          void Delay(unsigned char num)
   7          {
   8   1        unsigned int i,j;
   9   1        
  10   1        for(i = 0; i < num; i++)
  11   1        {
  12   2          for(j = 0; j < 123; j++);
  13   2        }
  14   1      }
  15          
  16          void T0_ISR() interrupt 1
  17          {
  18   1        wave=~wave;
  19   1      }
  20          
  21          void main()
  22          {
  23   1        
  24   1        TMOD = 0x02;
  25   1        TH0 = -46;
  26   1        TR0 = 1;
  27   1        IE = 0x82;
  28   1        while(1)
  29   1        {
  30   2          LED = ~ LED;
  31   2          Delay(1000);
  32   2        }
  33   1      }


MODULE INFORMATION:   STATIC OVERLAYABLE
   CODE SIZE        =     58    ----
   CONSTANT SIZE    =   ----    ----
   XDATA SIZE       =   ----    ----
   PDATA SIZE       =   ----    ----
   DATA SIZE        =   ----    ----
   IDATA SIZE       =   ----    ----
   BIT SIZE         =   ----    ----
END OF MODULE INFORMATION.


C51 COMPILATION COMPLETE.  0 WARNING(S),  0 ERROR(S)
