C51 COMPILER V9.60.7.0   KEYPAD                                                            09/28/2024 10:26:50 PAGE 1   


C51 COMPILER V9.60.7.0, COMPILATION OF MODULE KEYPAD
OBJECT MODULE PLACED IN .\Objects\KEYPAD.obj
COMPILER INVOKED BY: C:\Users\maniv\AppData\Local\Keil_v5\C51\BIN\C51.EXE KEYPAD.c OPTIMIZE(8,SPEED) BROWSE DEBUG OBJECT
                    -EXTEND PRINT(.\Listings\KEYPAD.lst) TABS(2) OBJECT(.\Objects\KEYPAD.obj)

line level    source

   1          
   2          
   3          #include "KEYPAD.h"
   4          #include "Delay.h"
   5          #include "LCD.h"
   6          
   7               extern char num1[10];
   8               
   9               int i=0;
  10          
  11          void KEYPAD()
  12          {
  13   1          
  14   1          C2=1;C1=0;C3=1;C2 = 1;
  15   1          
  16   1            if(R1 == 0){ Delay(500);  num1[i++]='7'; }
  17   1            if(R2 == 0){ Delay(500);  num1[i++]='8'; }
  18   1            if(R3 == 0){ Delay(500);  num1[i++]='9'; }
  19   1            if(R4 == 0){ Delay(500);  num1[i++]='/'; }   
  20   1            
  21   1         
  22   1         C1=1;C2 = 0;C3=1;C4 = 1;
  23   1        
  24   1            if(R1 == 0){ Delay(500); num1[i++]='4'; }
  25   1            if(R2 == 0){ Delay(500); num1[i++]='5'; }
  26   1            if(R3 == 0){ Delay(500); num1[i++]='6'; }
  27   1            if(R4 == 0){ Delay(500); num1[i++]='*';}   
  28   1            
  29   1         C2=1;C1=1;C3=0;C4 =1; 
  30   1          
  31   1            if(R1 == 0){ Delay(500); num1[i++]='1'; }
  32   1            if(R2 == 0){ Delay(500); num1[i++]='2'; }
  33   1            if(R3 == 0){ Delay(500); num1[i++]='3'; }
  34   1            if(R4 == 0){ Delay(500); num1[i++]='-'; }  
  35   1      
  36   1         
  37   1         C1 =1;C2 =1;C3 =1;C4 =0;
  38   1            
  39   1            if(R1 == 0){ 
  40   2              Delay(500); 
  41   2              i=0;
  42   2              Clear_Array(num1,10);
  43   2      
  44   2            }
  45   1            if(R2 == 0){ Delay(500); num1[i++]='0'; }
  46   1            if(R3 == 0){ Delay(500); num1[i++]='='; }
  47   1            if(R4 == 0){ Delay(500); num1[i++]='+'; }  
  48   1                      
  49   1            C4=1;
  50   1        }
  51          
  52          
  53           
  54            
C51 COMPILER V9.60.7.0   KEYPAD                                                            09/28/2024 10:26:50 PAGE 2   

  55            


MODULE INFORMATION:   STATIC OVERLAYABLE
   CODE SIZE        =    421    ----
   CONSTANT SIZE    =   ----    ----
   XDATA SIZE       =   ----    ----
   PDATA SIZE       =   ----    ----
   DATA SIZE        =      2    ----
   IDATA SIZE       =   ----    ----
   BIT SIZE         =   ----    ----
END OF MODULE INFORMATION.


C51 COMPILATION COMPLETE.  0 WARNING(S),  0 ERROR(S)
