C51 COMPILER V9.60.7.0   MAIN                                                              09/28/2024 10:54:06 PAGE 1   


C51 COMPILER V9.60.7.0, COMPILATION OF MODULE MAIN
OBJECT MODULE PLACED IN .\Objects\main.obj
COMPILER INVOKED BY: C:\Users\maniv\AppData\Local\Keil_v5\C51\BIN\C51.EXE main.c OPTIMIZE(8,SPEED) BROWSE DEBUG OBJECTEX
                    -TEND PRINT(.\Listings\main.lst) TABS(2) OBJECT(.\Objects\main.obj)

line level    source

   1          
   2          #include "LCD.h"
   3          #include "KEYPAD.h"
   4          #include "LCD_ITOA.h"
   5          #include "Delay.h"
   6          
   7          char num1[10];
   8          
   9          int m;
  10          
  11          void Clear_Array(char *array, int size) {
  12   1          for (m = 0; m < size; m++) {
  13   2              array[m] = 0;
  14   2          }
  15   1          LCD_cmd(0x01);
  16   1        }
  17          void main() {
  18   1          int j, n1, n2;
  19   1          
  20   1          char temp1;
  21   1          float temp;
  22   1        
  23   1          
  24   1          LCD_init();
  25   1          
  26   1        
  27   1          while (1) {
  28   2          
  29   2              n1 = 0;
  30   2              n2 = 0;
  31   2              j = 0;
  32   2              
  33   2              KEYPAD();
  34   2              LCD_cmd(0x80);
  35   2              LCD_Print(num1);
  36   2              
  37   2              while (num1[j] >= '0' && num1[j] <= '9') {
  38   3                  n1 = n1 * 10 + (num1[j] - '0');
  39   3                  j++;
  40   3              }
  41   2              
  42   2              if (num1[j] == '+' || '-' || '*' || '/') {
  43   3                
  44   3                   temp1 = num1[j];
  45   3                  j++;
  46   3              } else {
  47   3                  continue; 
  48   3              }
  49   2              
  50   2              while (num1[j] >= '0' && num1[j] <= '9') {
  51   3                  n2 = n2 * 10 + (num1[j] - '0');
  52   3                  j++;
  53   3              }
  54   2              
C51 COMPILER V9.60.7.0   MAIN                                                              09/28/2024 10:54:06 PAGE 2   

  55   2              if (num1[j] == '=') 
  56   2                {
  57   3                   LCD_cmd(0xc0);
  58   3                  if(temp1 == '+')
  59   3                    { 
  60   4                  temp = n1 + n2; 
  61   4                    }
  62   3                else if(temp1 == '-')
  63   3                    { 
  64   4                  temp = n1 - n2; 
  65   4                    }
  66   3                else if(temp1 == '*')
  67   3                    { 
  68   4                  temp = n1 * n2; 
  69   4                    }
  70   3                else if(temp1 == '/')
  71   3                    { 
  72   4                  temp = n1 / n2; 
  73   4                    }
  74   3                LCD_ADD(temp);
  75   3              } 
  76   2      }       
  77   1      }
  78            
  79           
  80            
  81            


MODULE INFORMATION:   STATIC OVERLAYABLE
   CODE SIZE        =    350    ----
   CONSTANT SIZE    =   ----    ----
   XDATA SIZE       =   ----    ----
   PDATA SIZE       =   ----    ----
   DATA SIZE        =     12      14
   IDATA SIZE       =   ----    ----
   BIT SIZE         =   ----    ----
END OF MODULE INFORMATION.


C51 COMPILATION COMPLETE.  0 WARNING(S),  0 ERROR(S)
